{"/Users/jessedarsinos/VowSwapping/src/middleware.ts": {"path":"/Users/jessedarsinos/VowSwapping/src/middleware.ts","statementMap":{"0":{"start":{"line":6,"column":24},"end":{"line":11,"column":1}},"1":{"start":{"line":14,"column":16},"end":{"line":14,"column":48}},"2":{"start":{"line":15,"column":26},"end":{"line":15,"column":33}},"3":{"start":{"line":16,"column":27},"end":{"line":18,"column":3}},"4":{"start":{"line":17,"column":4},"end":{"line":17,"column":46}},"5":{"start":{"line":21,"column":2},"end":{"line":25,"column":3}},"6":{"start":{"line":22,"column":24},"end":{"line":22,"column":60}},"7":{"start":{"line":23,"column":4},"end":{"line":23,"column":74}},"8":{"start":{"line":24,"column":4},"end":{"line":24,"column":46}},"9":{"start":{"line":28,"column":2},"end":{"line":34,"column":3}},"10":{"start":{"line":33,"column":4},"end":{"line":33,"column":67}},"11":{"start":{"line":36,"column":2},"end":{"line":36,"column":29}},"12":{"start":{"line":39,"column":22},"end":{"line":46,"column":1}}},"fnMap":{"0":{"name":"middleware","decl":{"start":{"line":13,"column":22},"end":{"line":13,"column":32}},"loc":{"start":{"line":13,"column":55},"end":{"line":37,"column":1}},"line":13},"1":{"name":"(anonymous_1)","decl":{"start":{"line":16,"column":48},"end":{"line":16,"column":49}},"loc":{"start":{"line":17,"column":4},"end":{"line":17,"column":46}},"line":17}},"branchMap":{"0":{"loc":{"start":{"line":21,"column":2},"end":{"line":25,"column":3}},"type":"if","locations":[{"start":{"line":21,"column":2},"end":{"line":25,"column":3}},{"start":{},"end":{}}],"line":21},"1":{"loc":{"start":{"line":21,"column":6},"end":{"line":21,"column":42}},"type":"binary-expr","locations":[{"start":{"line":21,"column":6},"end":{"line":21,"column":22}},{"start":{"line":21,"column":26},"end":{"line":21,"column":42}}],"line":21},"2":{"loc":{"start":{"line":28,"column":2},"end":{"line":34,"column":3}},"type":"if","locations":[{"start":{"line":28,"column":2},"end":{"line":34,"column":3}},{"start":{},"end":{}}],"line":28},"3":{"loc":{"start":{"line":29,"column":4},"end":{"line":31,"column":58}},"type":"binary-expr","locations":[{"start":{"line":29,"column":4},"end":{"line":29,"column":19}},{"start":{"line":30,"column":5},"end":{"line":30,"column":56}},{"start":{"line":31,"column":6},"end":{"line":31,"column":57}}],"line":29}},"s":{"0":0,"1":0,"2":0,"3":0,"4":0,"5":0,"6":0,"7":0,"8":0,"9":0,"10":0,"11":0,"12":0},"f":{"0":0,"1":0},"b":{"0":[0,0],"1":[0,0],"2":[0,0],"3":[0,0,0]}}
,"/Users/jessedarsinos/VowSwapping/src/app/layout.tsx": {"path":"/Users/jessedarsinos/VowSwapping/src/app/layout.tsx","statementMap":{"0":{"start":{"line":8,"column":34},"end":{"line":11,"column":1}},"1":{"start":{"line":18,"column":2},"end":{"line":32,"column":3}}},"fnMap":{"0":{"name":"RootLayout","decl":{"start":{"line":13,"column":24},"end":{"line":13,"column":34}},"loc":{"start":{"line":17,"column":3},"end":{"line":33,"column":1}},"line":17}},"branchMap":{},"s":{"0":0,"1":0},"f":{"0":0},"b":{}}
,"/Users/jessedarsinos/VowSwapping/src/app/not-found.tsx": {"path":"/Users/jessedarsinos/VowSwapping/src/app/not-found.tsx","statementMap":{"0":{"start":{"line":4,"column":2},"end":{"line":17,"column":3}}},"fnMap":{"0":{"name":"NotFound","decl":{"start":{"line":3,"column":24},"end":{"line":3,"column":32}},"loc":{"start":{"line":3,"column":35},"end":{"line":18,"column":1}},"line":3}},"branchMap":{},"s":{"0":0},"f":{"0":0},"b":{}}
,"/Users/jessedarsinos/VowSwapping/src/app/page.tsx": {"path":"/Users/jessedarsinos/VowSwapping/src/app/page.tsx","statementMap":{"0":{"start":{"line":7,"column":27},"end":{"line":7,"column":54}},"1":{"start":{"line":9,"column":2},"end":{"line":220,"column":3}},"2":{"start":{"line":72,"column":14},"end":{"line":87,"column":21}},"3":{"start":{"line":131,"column":14},"end":{"line":142,"column":20}}},"fnMap":{"0":{"name":"Home","decl":{"start":{"line":6,"column":30},"end":{"line":6,"column":34}},"loc":{"start":{"line":6,"column":37},"end":{"line":221,"column":1}},"line":6},"1":{"name":"(anonymous_1)","decl":{"start":{"line":71,"column":18},"end":{"line":71,"column":19}},"loc":{"start":{"line":72,"column":14},"end":{"line":87,"column":21}},"line":72},"2":{"name":"(anonymous_2)","decl":{"start":{"line":130,"column":18},"end":{"line":130,"column":19}},"loc":{"start":{"line":131,"column":14},"end":{"line":142,"column":20}},"line":131}},"branchMap":{},"s":{"0":0,"1":0,"2":0,"3":0},"f":{"0":0,"1":0,"2":0},"b":{}}
,"/Users/jessedarsinos/VowSwapping/src/app/admin/page.tsx": {"path":"/Users/jessedarsinos/VowSwapping/src/app/admin/page.tsx","statementMap":{"0":{"start":{"line":9,"column":36},"end":{"line":9,"column":48}},"1":{"start":{"line":10,"column":17},"end":{"line":10,"column":28}},"2":{"start":{"line":11,"column":42},"end":{"line":11,"column":57}},"3":{"start":{"line":12,"column":36},"end":{"line":12,"column":50}},"4":{"start":{"line":14,"column":2},"end":{"line":28,"column":32}},"5":{"start":{"line":16,"column":4},"end":{"line":19,"column":5}},"6":{"start":{"line":17,"column":6},"end":{"line":17,"column":53}},"7":{"start":{"line":18,"column":6},"end":{"line":18,"column":13}},"8":{"start":{"line":23,"column":4},"end":{"line":25,"column":5}},"9":{"start":{"line":24,"column":6},"end":{"line":24,"column":28}},"10":{"start":{"line":27,"column":4},"end":{"line":27,"column":24}},"11":{"start":{"line":30,"column":2},"end":{"line":38,"column":3}},"12":{"start":{"line":31,"column":4},"end":{"line":37,"column":6}},"13":{"start":{"line":40,"column":2},"end":{"line":57,"column":3}},"14":{"start":{"line":41,"column":4},"end":{"line":56,"column":6}},"15":{"start":{"line":59,"column":2},"end":{"line":115,"column":4}}},"fnMap":{"0":{"name":"AdminDashboard","decl":{"start":{"line":8,"column":24},"end":{"line":8,"column":38}},"loc":{"start":{"line":8,"column":41},"end":{"line":116,"column":1}},"line":8},"1":{"name":"(anonymous_1)","decl":{"start":{"line":14,"column":12},"end":{"line":14,"column":13}},"loc":{"start":{"line":14,"column":18},"end":{"line":28,"column":3}},"line":14}},"branchMap":{"0":{"loc":{"start":{"line":16,"column":4},"end":{"line":19,"column":5}},"type":"if","locations":[{"start":{"line":16,"column":4},"end":{"line":19,"column":5}},{"start":{},"end":{}}],"line":16},"1":{"loc":{"start":{"line":23,"column":4},"end":{"line":25,"column":5}},"type":"if","locations":[{"start":{"line":23,"column":4},"end":{"line":25,"column":5}},{"start":{},"end":{}}],"line":23},"2":{"loc":{"start":{"line":23,"column":8},"end":{"line":23,"column":51}},"type":"binary-expr","locations":[{"start":{"line":23,"column":8},"end":{"line":23,"column":34}},{"start":{"line":23,"column":38},"end":{"line":23,"column":51}}],"line":23},"3":{"loc":{"start":{"line":30,"column":2},"end":{"line":38,"column":3}},"type":"if","locations":[{"start":{"line":30,"column":2},"end":{"line":38,"column":3}},{"start":{},"end":{}}],"line":30},"4":{"loc":{"start":{"line":40,"column":2},"end":{"line":57,"column":3}},"type":"if","locations":[{"start":{"line":40,"column":2},"end":{"line":57,"column":3}},{"start":{},"end":{}}],"line":40}},"s":{"0":0,"1":0,"2":0,"3":0,"4":0,"5":0,"6":0,"7":0,"8":0,"9":0,"10":0,"11":0,"12":0,"13":0,"14":0,"15":0},"f":{"0":0,"1":0},"b":{"0":[0,0],"1":[0,0],"2":[0,0],"3":[0,0],"4":[0,0]}}
,"/Users/jessedarsinos/VowSwapping/src/app/admin/products/page.tsx": {"path":"/Users/jessedarsinos/VowSwapping/src/app/admin/products/page.tsx","statementMap":{"0":{"start":{"line":23,"column":36},"end":{"line":23,"column":48}},"1":{"start":{"line":24,"column":17},"end":{"line":24,"column":28}},"2":{"start":{"line":25,"column":34},"end":{"line":25,"column":57}},"3":{"start":{"line":26,"column":36},"end":{"line":26,"column":50}},"4":{"start":{"line":27,"column":28},"end":{"line":27,"column":57}},"5":{"start":{"line":28,"column":38},"end":{"line":28,"column":67}},"6":{"start":{"line":30,"column":2},"end":{"line":41,"column":23}},"7":{"start":{"line":32,"column":4},"end":{"line":35,"column":5}},"8":{"start":{"line":33,"column":6},"end":{"line":33,"column":62}},"9":{"start":{"line":34,"column":6},"end":{"line":34,"column":13}},"10":{"start":{"line":38,"column":4},"end":{"line":40,"column":5}},"11":{"start":{"line":39,"column":6},"end":{"line":39,"column":22}},"12":{"start":{"line":43,"column":24},"end":{"line":60,"column":3}},"13":{"start":{"line":44,"column":4},"end":{"line":59,"column":5}},"14":{"start":{"line":45,"column":6},"end":{"line":45,"column":25}},"15":{"start":{"line":46,"column":23},"end":{"line":46,"column":51}},"16":{"start":{"line":48,"column":6},"end":{"line":50,"column":7}},"17":{"start":{"line":49,"column":8},"end":{"line":49,"column":52}},"18":{"start":{"line":52,"column":19},"end":{"line":52,"column":40}},"19":{"start":{"line":53,"column":6},"end":{"line":53,"column":39}},"20":{"start":{"line":55,"column":6},"end":{"line":55,"column":60}},"21":{"start":{"line":56,"column":6},"end":{"line":56,"column":53}},"22":{"start":{"line":58,"column":6},"end":{"line":58,"column":26}},"23":{"start":{"line":62,"column":23},"end":{"line":85,"column":3}},"24":{"start":{"line":63,"column":4},"end":{"line":65,"column":5}},"25":{"start":{"line":64,"column":6},"end":{"line":64,"column":13}},"26":{"start":{"line":67,"column":4},"end":{"line":84,"column":5}},"27":{"start":{"line":68,"column":6},"end":{"line":68,"column":24}},"28":{"start":{"line":69,"column":23},"end":{"line":71,"column":8}},"29":{"start":{"line":73,"column":6},"end":{"line":75,"column":7}},"30":{"start":{"line":74,"column":8},"end":{"line":74,"column":52}},"31":{"start":{"line":78,"column":6},"end":{"line":78,"column":65}},"32":{"start":{"line":78,"column":45},"end":{"line":78,"column":62}},"33":{"start":{"line":80,"column":6},"end":{"line":80,"column":60}},"34":{"start":{"line":81,"column":6},"end":{"line":81,"column":52}},"35":{"start":{"line":83,"column":6},"end":{"line":83,"column":26}},"36":{"start":{"line":87,"column":2},"end":{"line":95,"column":3}},"37":{"start":{"line":88,"column":4},"end":{"line":94,"column":6}},"38":{"start":{"line":97,"column":2},"end":{"line":242,"column":4}},"39":{"start":{"line":161,"column":18},"end":{"line":234,"column":23}},"40":{"start":{"line":226,"column":41},"end":{"line":226,"column":65}}},"fnMap":{"0":{"name":"AdminProducts","decl":{"start":{"line":22,"column":24},"end":{"line":22,"column":37}},"loc":{"start":{"line":22,"column":40},"end":{"line":243,"column":1}},"line":22},"1":{"name":"(anonymous_1)","decl":{"start":{"line":30,"column":12},"end":{"line":30,"column":13}},"loc":{"start":{"line":30,"column":18},"end":{"line":41,"column":3}},"line":30},"2":{"name":"(anonymous_2)","decl":{"start":{"line":43,"column":24},"end":{"line":43,"column":25}},"loc":{"start":{"line":43,"column":36},"end":{"line":60,"column":3}},"line":43},"3":{"name":"(anonymous_3)","decl":{"start":{"line":62,"column":23},"end":{"line":62,"column":24}},"loc":{"start":{"line":62,"column":45},"end":{"line":85,"column":3}},"line":62},"4":{"name":"(anonymous_4)","decl":{"start":{"line":78,"column":34},"end":{"line":78,"column":35}},"loc":{"start":{"line":78,"column":45},"end":{"line":78,"column":62}},"line":78},"5":{"name":"(anonymous_5)","decl":{"start":{"line":160,"column":30},"end":{"line":160,"column":31}},"loc":{"start":{"line":161,"column":18},"end":{"line":234,"column":23}},"line":161},"6":{"name":"(anonymous_6)","decl":{"start":{"line":226,"column":35},"end":{"line":226,"column":36}},"loc":{"start":{"line":226,"column":41},"end":{"line":226,"column":65}},"line":226}},"branchMap":{"0":{"loc":{"start":{"line":32,"column":4},"end":{"line":35,"column":5}},"type":"if","locations":[{"start":{"line":32,"column":4},"end":{"line":35,"column":5}},{"start":{},"end":{}}],"line":32},"1":{"loc":{"start":{"line":38,"column":4},"end":{"line":40,"column":5}},"type":"if","locations":[{"start":{"line":38,"column":4},"end":{"line":40,"column":5}},{"start":{},"end":{}}],"line":38},"2":{"loc":{"start":{"line":48,"column":6},"end":{"line":50,"column":7}},"type":"if","locations":[{"start":{"line":48,"column":6},"end":{"line":50,"column":7}},{"start":{},"end":{}}],"line":48},"3":{"loc":{"start":{"line":53,"column":18},"end":{"line":53,"column":37}},"type":"binary-expr","locations":[{"start":{"line":53,"column":18},"end":{"line":53,"column":31}},{"start":{"line":53,"column":35},"end":{"line":53,"column":37}}],"line":53},"4":{"loc":{"start":{"line":63,"column":4},"end":{"line":65,"column":5}},"type":"if","locations":[{"start":{"line":63,"column":4},"end":{"line":65,"column":5}},{"start":{},"end":{}}],"line":63},"5":{"loc":{"start":{"line":73,"column":6},"end":{"line":75,"column":7}},"type":"if","locations":[{"start":{"line":73,"column":6},"end":{"line":75,"column":7}},{"start":{},"end":{}}],"line":73},"6":{"loc":{"start":{"line":87,"column":2},"end":{"line":95,"column":3}},"type":"if","locations":[{"start":{"line":87,"column":2},"end":{"line":95,"column":3}},{"start":{},"end":{}}],"line":87},"7":{"loc":{"start":{"line":117,"column":7},"end":{"line":121,"column":7}},"type":"binary-expr","locations":[{"start":{"line":117,"column":7},"end":{"line":117,"column":12}},{"start":{"line":118,"column":8},"end":{"line":120,"column":14}}],"line":117},"8":{"loc":{"start":{"line":123,"column":7},"end":{"line":240,"column":7}},"type":"cond-expr","locations":[{"start":{"line":124,"column":8},"end":{"line":135,"column":14}},{"start":{"line":137,"column":8},"end":{"line":239,"column":14}}],"line":123},"9":{"loc":{"start":{"line":165,"column":27},"end":{"line":176,"column":27}},"type":"cond-expr","locations":[{"start":{"line":166,"column":28},"end":{"line":171,"column":30}},{"start":{"line":173,"column":28},"end":{"line":175,"column":34}}],"line":165},"10":{"loc":{"start":{"line":165,"column":27},"end":{"line":165,"column":70}},"type":"binary-expr","locations":[{"start":{"line":165,"column":27},"end":{"line":165,"column":41}},{"start":{"line":165,"column":45},"end":{"line":165,"column":70}}],"line":165},"11":{"loc":{"start":{"line":190,"column":26},"end":{"line":190,"column":109}},"type":"cond-expr","locations":[{"start":{"line":190,"column":50},"end":{"line":190,"column":82}},{"start":{"line":190,"column":85},"end":{"line":190,"column":109}}],"line":190},"12":{"loc":{"start":{"line":192,"column":23},"end":{"line":196,"column":23}},"type":"binary-expr","locations":[{"start":{"line":192,"column":23},"end":{"line":192,"column":44}},{"start":{"line":193,"column":24},"end":{"line":195,"column":30}}],"line":192},"13":{"loc":{"start":{"line":205,"column":24},"end":{"line":205,"column":102}},"type":"cond-expr","locations":[{"start":{"line":205,"column":43},"end":{"line":205,"column":72}},{"start":{"line":205,"column":75},"end":{"line":205,"column":102}}],"line":205},"14":{"loc":{"start":{"line":207,"column":25},"end":{"line":207,"column":67}},"type":"cond-expr","locations":[{"start":{"line":207,"column":44},"end":{"line":207,"column":54}},{"start":{"line":207,"column":57},"end":{"line":207,"column":67}}],"line":207},"15":{"loc":{"start":{"line":228,"column":72},"end":{"line":228,"column":136}},"type":"cond-expr","locations":[{"start":{"line":228,"column":100},"end":{"line":228,"column":131}},{"start":{"line":228,"column":134},"end":{"line":228,"column":136}}],"line":228},"16":{"loc":{"start":{"line":230,"column":27},"end":{"line":230,"column":79}},"type":"cond-expr","locations":[{"start":{"line":230,"column":55},"end":{"line":230,"column":68}},{"start":{"line":230,"column":71},"end":{"line":230,"column":79}}],"line":230}},"s":{"0":0,"1":0,"2":0,"3":0,"4":0,"5":0,"6":0,"7":0,"8":0,"9":0,"10":0,"11":0,"12":0,"13":0,"14":0,"15":0,"16":0,"17":0,"18":0,"19":0,"20":0,"21":0,"22":0,"23":0,"24":0,"25":0,"26":0,"27":0,"28":0,"29":0,"30":0,"31":0,"32":0,"33":0,"34":0,"35":0,"36":0,"37":0,"38":0,"39":0,"40":0},"f":{"0":0,"1":0,"2":0,"3":0,"4":0,"5":0,"6":0},"b":{"0":[0,0],"1":[0,0],"2":[0,0],"3":[0,0],"4":[0,0],"5":[0,0],"6":[0,0],"7":[0,0],"8":[0,0],"9":[0,0],"10":[0,0],"11":[0,0],"12":[0,0],"13":[0,0],"14":[0,0],"15":[0,0],"16":[0,0]}}
,"/Users/jessedarsinos/VowSwapping/src/app/admin/products/create/page.tsx": {"path":"/Users/jessedarsinos/VowSwapping/src/app/admin/products/create/page.tsx","statementMap":{"0":{"start":{"line":22,"column":36},"end":{"line":22,"column":48}},"1":{"start":{"line":23,"column":17},"end":{"line":23,"column":28}},"2":{"start":{"line":24,"column":42},"end":{"line":24,"column":57}},"3":{"start":{"line":25,"column":28},"end":{"line":25,"column":57}},"4":{"start":{"line":26,"column":30},"end":{"line":26,"column":52}},"5":{"start":{"line":27,"column":40},"end":{"line":27,"column":55}},"6":{"start":{"line":28,"column":46},"end":{"line":28,"column":57}},"7":{"start":{"line":30,"column":69},"end":{"line":41,"column":4}},"8":{"start":{"line":44,"column":2},"end":{"line":47,"column":3}},"9":{"start":{"line":45,"column":4},"end":{"line":45,"column":67}},"10":{"start":{"line":46,"column":4},"end":{"line":46,"column":16}},"11":{"start":{"line":49,"column":28},"end":{"line":97,"column":3}},"12":{"start":{"line":50,"column":18},"end":{"line":50,"column":32}},"13":{"start":{"line":51,"column":4},"end":{"line":51,"column":45}},"14":{"start":{"line":51,"column":38},"end":{"line":51,"column":45}},"15":{"start":{"line":53,"column":4},"end":{"line":53,"column":25}},"16":{"start":{"line":54,"column":4},"end":{"line":54,"column":25}},"17":{"start":{"line":56,"column":4},"end":{"line":96,"column":5}},"18":{"start":{"line":57,"column":29},"end":{"line":57,"column":40}},"19":{"start":{"line":59,"column":6},"end":{"line":87,"column":7}},"20":{"start":{"line":59,"column":19},"end":{"line":59,"column":20}},"21":{"start":{"line":60,"column":21},"end":{"line":60,"column":29}},"22":{"start":{"line":61,"column":23},"end":{"line":61,"column":54}},"23":{"start":{"line":64,"column":8},"end":{"line":64,"column":72}},"24":{"start":{"line":67,"column":25},"end":{"line":76,"column":10}},"25":{"start":{"line":78,"column":8},"end":{"line":80,"column":9}},"26":{"start":{"line":79,"column":10},"end":{"line":79,"column":52}},"27":{"start":{"line":82,"column":21},"end":{"line":82,"column":42}},"28":{"start":{"line":83,"column":8},"end":{"line":83,"column":38}},"29":{"start":{"line":86,"column":8},"end":{"line":86,"column":70}},"30":{"start":{"line":89,"column":6},"end":{"line":89,"column":32}},"31":{"start":{"line":91,"column":6},"end":{"line":91,"column":52}},"32":{"start":{"line":92,"column":6},"end":{"line":92,"column":61}},"33":{"start":{"line":94,"column":6},"end":{"line":94,"column":28}},"34":{"start":{"line":95,"column":6},"end":{"line":95,"column":27}},"35":{"start":{"line":99,"column":22},"end":{"line":101,"column":3}},"36":{"start":{"line":100,"column":4},"end":{"line":100,"column":52}},"37":{"start":{"line":100,"column":38},"end":{"line":100,"column":49}},"38":{"start":{"line":103,"column":19},"end":{"line":146,"column":3}},"39":{"start":{"line":104,"column":4},"end":{"line":107,"column":5}},"40":{"start":{"line":105,"column":6},"end":{"line":105,"column":59}},"41":{"start":{"line":106,"column":6},"end":{"line":106,"column":13}},"42":{"start":{"line":109,"column":4},"end":{"line":109,"column":26}},"43":{"start":{"line":110,"column":4},"end":{"line":110,"column":19}},"44":{"start":{"line":112,"column":4},"end":{"line":145,"column":5}},"45":{"start":{"line":114,"column":19},"end":{"line":117,"column":38}},"46":{"start":{"line":116,"column":20},"end":{"line":116,"column":30}},"47":{"start":{"line":117,"column":23},"end":{"line":117,"column":37}},"48":{"start":{"line":120,"column":23},"end":{"line":130,"column":8}},"49":{"start":{"line":132,"column":6},"end":{"line":134,"column":7}},"50":{"start":{"line":133,"column":8},"end":{"line":133,"column":52}},"51":{"start":{"line":136,"column":21},"end":{"line":136,"column":42}},"52":{"start":{"line":139,"column":6},"end":{"line":139,"column":37}},"53":{"start":{"line":141,"column":6},"end":{"line":141,"column":52}},"54":{"start":{"line":142,"column":6},"end":{"line":142,"column":62}},"55":{"start":{"line":144,"column":6},"end":{"line":144,"column":29}},"56":{"start":{"line":148,"column":2},"end":{"line":392,"column":4}},"57":{"start":{"line":278,"column":20},"end":{"line":284,"column":22}},"58":{"start":{"line":351,"column":20},"end":{"line":370,"column":26}},"59":{"start":{"line":363,"column":39},"end":{"line":363,"column":57}},"60":{"start":{"line":397,"column":2},"end":{"line":402,"column":5}},"61":{"start":{"line":398,"column":19},"end":{"line":398,"column":35}},"62":{"start":{"line":399,"column":4},"end":{"line":399,"column":31}},"63":{"start":{"line":400,"column":4},"end":{"line":400,"column":59}},"64":{"start":{"line":400,"column":26},"end":{"line":400,"column":58}},"65":{"start":{"line":401,"column":4},"end":{"line":401,"column":44}},"66":{"start":{"line":401,"column":30},"end":{"line":401,"column":43}}},"fnMap":{"0":{"name":"CreateProduct","decl":{"start":{"line":21,"column":24},"end":{"line":21,"column":37}},"loc":{"start":{"line":21,"column":40},"end":{"line":393,"column":1}},"line":21},"1":{"name":"(anonymous_1)","decl":{"start":{"line":49,"column":28},"end":{"line":49,"column":29}},"loc":{"start":{"line":49,"column":78},"end":{"line":97,"column":3}},"line":49},"2":{"name":"(anonymous_2)","decl":{"start":{"line":99,"column":22},"end":{"line":99,"column":23}},"loc":{"start":{"line":99,"column":41},"end":{"line":101,"column":3}},"line":99},"3":{"name":"(anonymous_3)","decl":{"start":{"line":100,"column":28},"end":{"line":100,"column":29}},"loc":{"start":{"line":100,"column":38},"end":{"line":100,"column":49}},"line":100},"4":{"name":"(anonymous_4)","decl":{"start":{"line":103,"column":19},"end":{"line":103,"column":20}},"loc":{"start":{"line":103,"column":52},"end":{"line":146,"column":3}},"line":103},"5":{"name":"(anonymous_5)","decl":{"start":{"line":116,"column":13},"end":{"line":116,"column":14}},"loc":{"start":{"line":116,"column":20},"end":{"line":116,"column":30}},"line":116},"6":{"name":"(anonymous_6)","decl":{"start":{"line":117,"column":16},"end":{"line":117,"column":17}},"loc":{"start":{"line":117,"column":23},"end":{"line":117,"column":37}},"line":117},"7":{"name":"(anonymous_7)","decl":{"start":{"line":277,"column":26},"end":{"line":277,"column":27}},"loc":{"start":{"line":278,"column":20},"end":{"line":284,"column":22}},"line":278},"8":{"name":"(anonymous_8)","decl":{"start":{"line":350,"column":30},"end":{"line":350,"column":31}},"loc":{"start":{"line":351,"column":20},"end":{"line":370,"column":26}},"line":351},"9":{"name":"(anonymous_9)","decl":{"start":{"line":363,"column":33},"end":{"line":363,"column":34}},"loc":{"start":{"line":363,"column":39},"end":{"line":363,"column":57}},"line":363},"10":{"name":"convertFileToBase64","decl":{"start":{"line":396,"column":9},"end":{"line":396,"column":28}},"loc":{"start":{"line":396,"column":58},"end":{"line":403,"column":1}},"line":396},"11":{"name":"(anonymous_11)","decl":{"start":{"line":397,"column":21},"end":{"line":397,"column":22}},"loc":{"start":{"line":397,"column":42},"end":{"line":402,"column":3}},"line":397},"12":{"name":"(anonymous_12)","decl":{"start":{"line":400,"column":20},"end":{"line":400,"column":21}},"loc":{"start":{"line":400,"column":26},"end":{"line":400,"column":58}},"line":400},"13":{"name":"(anonymous_13)","decl":{"start":{"line":401,"column":21},"end":{"line":401,"column":22}},"loc":{"start":{"line":401,"column":30},"end":{"line":401,"column":43}},"line":401}},"branchMap":{"0":{"loc":{"start":{"line":44,"column":2},"end":{"line":47,"column":3}},"type":"if","locations":[{"start":{"line":44,"column":2},"end":{"line":47,"column":3}},{"start":{},"end":{}}],"line":44},"1":{"loc":{"start":{"line":51,"column":4},"end":{"line":51,"column":45}},"type":"if","locations":[{"start":{"line":51,"column":4},"end":{"line":51,"column":45}},{"start":{},"end":{}}],"line":51},"2":{"loc":{"start":{"line":51,"column":8},"end":{"line":51,"column":36}},"type":"binary-expr","locations":[{"start":{"line":51,"column":8},"end":{"line":51,"column":14}},{"start":{"line":51,"column":18},"end":{"line":51,"column":36}}],"line":51},"3":{"loc":{"start":{"line":78,"column":8},"end":{"line":80,"column":9}},"type":"if","locations":[{"start":{"line":78,"column":8},"end":{"line":80,"column":9}},{"start":{},"end":{}}],"line":78},"4":{"loc":{"start":{"line":104,"column":4},"end":{"line":107,"column":5}},"type":"if","locations":[{"start":{"line":104,"column":4},"end":{"line":107,"column":5}},{"start":{},"end":{}}],"line":104},"5":{"loc":{"start":{"line":132,"column":6},"end":{"line":134,"column":7}},"type":"if","locations":[{"start":{"line":132,"column":6},"end":{"line":134,"column":7}},{"start":{},"end":{}}],"line":132},"6":{"loc":{"start":{"line":160,"column":7},"end":{"line":164,"column":7}},"type":"binary-expr","locations":[{"start":{"line":160,"column":7},"end":{"line":160,"column":12}},{"start":{"line":161,"column":8},"end":{"line":163,"column":14}}],"line":160},"7":{"loc":{"start":{"line":179,"column":61},"end":{"line":179,"column":112}},"type":"cond-expr","locations":[{"start":{"line":179,"column":76},"end":{"line":179,"column":92}},{"start":{"line":179,"column":95},"end":{"line":179,"column":112}}],"line":179},"8":{"loc":{"start":{"line":181,"column":17},"end":{"line":183,"column":17}},"type":"binary-expr","locations":[{"start":{"line":181,"column":17},"end":{"line":181,"column":29}},{"start":{"line":182,"column":18},"end":{"line":182,"column":85}}],"line":181},"9":{"loc":{"start":{"line":199,"column":61},"end":{"line":199,"column":112}},"type":"cond-expr","locations":[{"start":{"line":199,"column":76},"end":{"line":199,"column":92}},{"start":{"line":199,"column":95},"end":{"line":199,"column":112}}],"line":199},"10":{"loc":{"start":{"line":201,"column":17},"end":{"line":203,"column":17}},"type":"binary-expr","locations":[{"start":{"line":201,"column":17},"end":{"line":201,"column":29}},{"start":{"line":202,"column":18},"end":{"line":202,"column":85}}],"line":201},"11":{"loc":{"start":{"line":218,"column":61},"end":{"line":218,"column":120}},"type":"cond-expr","locations":[{"start":{"line":218,"column":84},"end":{"line":218,"column":100}},{"start":{"line":218,"column":103},"end":{"line":218,"column":120}}],"line":218},"12":{"loc":{"start":{"line":220,"column":17},"end":{"line":222,"column":17}},"type":"binary-expr","locations":[{"start":{"line":220,"column":17},"end":{"line":220,"column":37}},{"start":{"line":221,"column":18},"end":{"line":221,"column":93}}],"line":220},"13":{"loc":{"start":{"line":231,"column":61},"end":{"line":231,"column":115}},"type":"cond-expr","locations":[{"start":{"line":231,"column":79},"end":{"line":231,"column":95}},{"start":{"line":231,"column":98},"end":{"line":231,"column":115}}],"line":231},"14":{"loc":{"start":{"line":238,"column":17},"end":{"line":240,"column":17}},"type":"binary-expr","locations":[{"start":{"line":238,"column":17},"end":{"line":238,"column":32}},{"start":{"line":239,"column":18},"end":{"line":239,"column":88}}],"line":238},"15":{"loc":{"start":{"line":249,"column":61},"end":{"line":249,"column":116}},"type":"cond-expr","locations":[{"start":{"line":249,"column":80},"end":{"line":249,"column":96}},{"start":{"line":249,"column":99},"end":{"line":249,"column":116}}],"line":249},"16":{"loc":{"start":{"line":256,"column":17},"end":{"line":258,"column":17}},"type":"binary-expr","locations":[{"start":{"line":256,"column":17},"end":{"line":256,"column":33}},{"start":{"line":257,"column":18},"end":{"line":257,"column":89}}],"line":256},"17":{"loc":{"start":{"line":302,"column":57},"end":{"line":302,"column":114}},"type":"cond-expr","locations":[{"start":{"line":302,"column":78},"end":{"line":302,"column":94}},{"start":{"line":302,"column":97},"end":{"line":302,"column":114}}],"line":302},"18":{"loc":{"start":{"line":304,"column":13},"end":{"line":306,"column":13}},"type":"binary-expr","locations":[{"start":{"line":304,"column":13},"end":{"line":304,"column":31}},{"start":{"line":305,"column":14},"end":{"line":305,"column":87}}],"line":304},"19":{"loc":{"start":{"line":332,"column":13},"end":{"line":342,"column":13}},"type":"binary-expr","locations":[{"start":{"line":332,"column":13},"end":{"line":332,"column":24}},{"start":{"line":333,"column":14},"end":{"line":341,"column":20}}],"line":332},"20":{"loc":{"start":{"line":344,"column":13},"end":{"line":374,"column":13}},"type":"binary-expr","locations":[{"start":{"line":344,"column":13},"end":{"line":344,"column":30}},{"start":{"line":345,"column":14},"end":{"line":373,"column":20}}],"line":344},"21":{"loc":{"start":{"line":347,"column":35},"end":{"line":347,"column":75}},"type":"cond-expr","locations":[{"start":{"line":347,"column":57},"end":{"line":347,"column":64}},{"start":{"line":347,"column":67},"end":{"line":347,"column":75}}],"line":347},"22":{"loc":{"start":{"line":381,"column":24},"end":{"line":381,"column":51}},"type":"binary-expr","locations":[{"start":{"line":381,"column":24},"end":{"line":381,"column":36}},{"start":{"line":381,"column":40},"end":{"line":381,"column":51}}],"line":381},"23":{"loc":{"start":{"line":383,"column":16},"end":{"line":383,"column":84}},"type":"cond-expr","locations":[{"start":{"line":383,"column":48},"end":{"line":383,"column":79}},{"start":{"line":383,"column":82},"end":{"line":383,"column":84}}],"line":383},"24":{"loc":{"start":{"line":383,"column":17},"end":{"line":383,"column":44}},"type":"binary-expr","locations":[{"start":{"line":383,"column":17},"end":{"line":383,"column":29}},{"start":{"line":383,"column":33},"end":{"line":383,"column":44}}],"line":383},"25":{"loc":{"start":{"line":386,"column":15},"end":{"line":386,"column":62}},"type":"cond-expr","locations":[{"start":{"line":386,"column":30},"end":{"line":386,"column":43}},{"start":{"line":386,"column":46},"end":{"line":386,"column":62}}],"line":386}},"s":{"0":0,"1":0,"2":0,"3":0,"4":0,"5":0,"6":0,"7":0,"8":0,"9":0,"10":0,"11":0,"12":0,"13":0,"14":0,"15":0,"16":0,"17":0,"18":0,"19":0,"20":0,"21":0,"22":0,"23":0,"24":0,"25":0,"26":0,"27":0,"28":0,"29":0,"30":0,"31":0,"32":0,"33":0,"34":0,"35":0,"36":0,"37":0,"38":0,"39":0,"40":0,"41":0,"42":0,"43":0,"44":0,"45":0,"46":0,"47":0,"48":0,"49":0,"50":0,"51":0,"52":0,"53":0,"54":0,"55":0,"56":0,"57":0,"58":0,"59":0,"60":0,"61":0,"62":0,"63":0,"64":0,"65":0,"66":0},"f":{"0":0,"1":0,"2":0,"3":0,"4":0,"5":0,"6":0,"7":0,"8":0,"9":0,"10":0,"11":0,"12":0,"13":0},"b":{"0":[0,0],"1":[0,0],"2":[0,0],"3":[0,0],"4":[0,0],"5":[0,0],"6":[0,0],"7":[0,0],"8":[0,0],"9":[0,0],"10":[0,0],"11":[0,0],"12":[0,0],"13":[0,0],"14":[0,0],"15":[0,0],"16":[0,0],"17":[0,0],"18":[0,0],"19":[0,0],"20":[0,0],"21":[0,0],"22":[0,0],"23":[0,0],"24":[0,0],"25":[0,0]}}
,"/Users/jessedarsinos/VowSwapping/src/app/admin/products/edit/[id]/page.tsx": {"path":"/Users/jessedarsinos/VowSwapping/src/app/admin/products/edit/[id]/page.tsx","statementMap":{"0":{"start":{"line":30,"column":36},"end":{"line":30,"column":48}},"1":{"start":{"line":31,"column":17},"end":{"line":31,"column":28}},"2":{"start":{"line":32,"column":42},"end":{"line":32,"column":57}},"3":{"start":{"line":33,"column":28},"end":{"line":33,"column":57}},"4":{"start":{"line":34,"column":30},"end":{"line":34,"column":52}},"5":{"start":{"line":35,"column":40},"end":{"line":35,"column":55}},"6":{"start":{"line":36,"column":46},"end":{"line":36,"column":57}},"7":{"start":{"line":37,"column":36},"end":{"line":37,"column":50}},"8":{"start":{"line":38,"column":32},"end":{"line":38,"column":62}},"9":{"start":{"line":40,"column":76},"end":{"line":51,"column":4}},"10":{"start":{"line":54,"column":2},"end":{"line":63,"column":34}},"11":{"start":{"line":55,"column":4},"end":{"line":58,"column":5}},"12":{"start":{"line":56,"column":6},"end":{"line":56,"column":62}},"13":{"start":{"line":57,"column":6},"end":{"line":57,"column":13}},"14":{"start":{"line":60,"column":4},"end":{"line":62,"column":5}},"15":{"start":{"line":61,"column":6},"end":{"line":61,"column":30}},"16":{"start":{"line":65,"column":23},"end":{"line":105,"column":3}},"17":{"start":{"line":66,"column":4},"end":{"line":104,"column":5}},"18":{"start":{"line":67,"column":6},"end":{"line":67,"column":25}},"19":{"start":{"line":68,"column":23},"end":{"line":68,"column":57}},"20":{"start":{"line":70,"column":6},"end":{"line":72,"column":7}},"21":{"start":{"line":71,"column":8},"end":{"line":71,"column":51}},"22":{"start":{"line":74,"column":19},"end":{"line":74,"column":40}},"23":{"start":{"line":75,"column":26},"end":{"line":75,"column":38}},"24":{"start":{"line":77,"column":6},"end":{"line":79,"column":7}},"25":{"start":{"line":78,"column":8},"end":{"line":78,"column":45}},"26":{"start":{"line":81,"column":6},"end":{"line":81,"column":30}},"27":{"start":{"line":82,"column":6},"end":{"line":82,"column":42}},"28":{"start":{"line":85,"column":25},"end":{"line":85,"column":76}},"29":{"start":{"line":88,"column":6},"end":{"line":97,"column":9}},"30":{"start":{"line":100,"column":6},"end":{"line":100,"column":52}},"31":{"start":{"line":101,"column":6},"end":{"line":101,"column":60}},"32":{"start":{"line":103,"column":6},"end":{"line":103,"column":26}},"33":{"start":{"line":107,"column":28},"end":{"line":155,"column":3}},"34":{"start":{"line":108,"column":18},"end":{"line":108,"column":32}},"35":{"start":{"line":109,"column":4},"end":{"line":109,"column":45}},"36":{"start":{"line":109,"column":38},"end":{"line":109,"column":45}},"37":{"start":{"line":111,"column":4},"end":{"line":111,"column":25}},"38":{"start":{"line":112,"column":4},"end":{"line":112,"column":25}},"39":{"start":{"line":114,"column":4},"end":{"line":154,"column":5}},"40":{"start":{"line":115,"column":29},"end":{"line":115,"column":40}},"41":{"start":{"line":117,"column":6},"end":{"line":145,"column":7}},"42":{"start":{"line":117,"column":19},"end":{"line":117,"column":20}},"43":{"start":{"line":118,"column":21},"end":{"line":118,"column":29}},"44":{"start":{"line":119,"column":23},"end":{"line":119,"column":54}},"45":{"start":{"line":122,"column":8},"end":{"line":122,"column":72}},"46":{"start":{"line":125,"column":25},"end":{"line":134,"column":10}},"47":{"start":{"line":136,"column":8},"end":{"line":138,"column":9}},"48":{"start":{"line":137,"column":10},"end":{"line":137,"column":52}},"49":{"start":{"line":140,"column":21},"end":{"line":140,"column":42}},"50":{"start":{"line":141,"column":8},"end":{"line":141,"column":38}},"51":{"start":{"line":144,"column":8},"end":{"line":144,"column":70}},"52":{"start":{"line":147,"column":6},"end":{"line":147,"column":32}},"53":{"start":{"line":149,"column":6},"end":{"line":149,"column":52}},"54":{"start":{"line":150,"column":6},"end":{"line":150,"column":61}},"55":{"start":{"line":152,"column":6},"end":{"line":152,"column":28}},"56":{"start":{"line":153,"column":6},"end":{"line":153,"column":27}},"57":{"start":{"line":157,"column":22},"end":{"line":159,"column":3}},"58":{"start":{"line":158,"column":4},"end":{"line":158,"column":52}},"59":{"start":{"line":158,"column":38},"end":{"line":158,"column":49}},"60":{"start":{"line":161,"column":19},"end":{"line":202,"column":3}},"61":{"start":{"line":162,"column":4},"end":{"line":165,"column":5}},"62":{"start":{"line":163,"column":6},"end":{"line":163,"column":59}},"63":{"start":{"line":164,"column":6},"end":{"line":164,"column":13}},"64":{"start":{"line":167,"column":4},"end":{"line":167,"column":26}},"65":{"start":{"line":168,"column":4},"end":{"line":168,"column":19}},"66":{"start":{"line":170,"column":4},"end":{"line":201,"column":5}},"67":{"start":{"line":172,"column":19},"end":{"line":175,"column":38}},"68":{"start":{"line":174,"column":20},"end":{"line":174,"column":30}},"69":{"start":{"line":175,"column":23},"end":{"line":175,"column":37}},"70":{"start":{"line":178,"column":23},"end":{"line":188,"column":8}},"71":{"start":{"line":190,"column":6},"end":{"line":192,"column":7}},"72":{"start":{"line":191,"column":8},"end":{"line":191,"column":52}},"73":{"start":{"line":195,"column":6},"end":{"line":195,"column":37}},"74":{"start":{"line":197,"column":6},"end":{"line":197,"column":52}},"75":{"start":{"line":198,"column":6},"end":{"line":198,"column":62}},"76":{"start":{"line":200,"column":6},"end":{"line":200,"column":29}},"77":{"start":{"line":204,"column":2},"end":{"line":212,"column":3}},"78":{"start":{"line":205,"column":4},"end":{"line":211,"column":6}},"79":{"start":{"line":214,"column":2},"end":{"line":228,"column":3}},"80":{"start":{"line":215,"column":4},"end":{"line":227,"column":6}},"81":{"start":{"line":230,"column":2},"end":{"line":480,"column":4}},"82":{"start":{"line":360,"column":20},"end":{"line":366,"column":22}},"83":{"start":{"line":433,"column":20},"end":{"line":452,"column":26}},"84":{"start":{"line":445,"column":39},"end":{"line":445,"column":57}},"85":{"start":{"line":485,"column":2},"end":{"line":490,"column":5}},"86":{"start":{"line":486,"column":19},"end":{"line":486,"column":35}},"87":{"start":{"line":487,"column":4},"end":{"line":487,"column":31}},"88":{"start":{"line":488,"column":4},"end":{"line":488,"column":59}},"89":{"start":{"line":488,"column":26},"end":{"line":488,"column":58}},"90":{"start":{"line":489,"column":4},"end":{"line":489,"column":44}},"91":{"start":{"line":489,"column":30},"end":{"line":489,"column":43}}},"fnMap":{"0":{"name":"EditProduct","decl":{"start":{"line":29,"column":24},"end":{"line":29,"column":35}},"loc":{"start":{"line":29,"column":76},"end":{"line":481,"column":1}},"line":29},"1":{"name":"(anonymous_1)","decl":{"start":{"line":54,"column":12},"end":{"line":54,"column":13}},"loc":{"start":{"line":54,"column":18},"end":{"line":63,"column":3}},"line":54},"2":{"name":"(anonymous_2)","decl":{"start":{"line":65,"column":23},"end":{"line":65,"column":24}},"loc":{"start":{"line":65,"column":45},"end":{"line":105,"column":3}},"line":65},"3":{"name":"(anonymous_3)","decl":{"start":{"line":107,"column":28},"end":{"line":107,"column":29}},"loc":{"start":{"line":107,"column":78},"end":{"line":155,"column":3}},"line":107},"4":{"name":"(anonymous_4)","decl":{"start":{"line":157,"column":22},"end":{"line":157,"column":23}},"loc":{"start":{"line":157,"column":41},"end":{"line":159,"column":3}},"line":157},"5":{"name":"(anonymous_5)","decl":{"start":{"line":158,"column":28},"end":{"line":158,"column":29}},"loc":{"start":{"line":158,"column":38},"end":{"line":158,"column":49}},"line":158},"6":{"name":"(anonymous_6)","decl":{"start":{"line":161,"column":19},"end":{"line":161,"column":20}},"loc":{"start":{"line":161,"column":52},"end":{"line":202,"column":3}},"line":161},"7":{"name":"(anonymous_7)","decl":{"start":{"line":174,"column":13},"end":{"line":174,"column":14}},"loc":{"start":{"line":174,"column":20},"end":{"line":174,"column":30}},"line":174},"8":{"name":"(anonymous_8)","decl":{"start":{"line":175,"column":16},"end":{"line":175,"column":17}},"loc":{"start":{"line":175,"column":23},"end":{"line":175,"column":37}},"line":175},"9":{"name":"(anonymous_9)","decl":{"start":{"line":359,"column":26},"end":{"line":359,"column":27}},"loc":{"start":{"line":360,"column":20},"end":{"line":366,"column":22}},"line":360},"10":{"name":"(anonymous_10)","decl":{"start":{"line":432,"column":30},"end":{"line":432,"column":31}},"loc":{"start":{"line":433,"column":20},"end":{"line":452,"column":26}},"line":433},"11":{"name":"(anonymous_11)","decl":{"start":{"line":445,"column":33},"end":{"line":445,"column":34}},"loc":{"start":{"line":445,"column":39},"end":{"line":445,"column":57}},"line":445},"12":{"name":"convertFileToBase64","decl":{"start":{"line":484,"column":9},"end":{"line":484,"column":28}},"loc":{"start":{"line":484,"column":58},"end":{"line":491,"column":1}},"line":484},"13":{"name":"(anonymous_13)","decl":{"start":{"line":485,"column":21},"end":{"line":485,"column":22}},"loc":{"start":{"line":485,"column":42},"end":{"line":490,"column":3}},"line":485},"14":{"name":"(anonymous_14)","decl":{"start":{"line":488,"column":20},"end":{"line":488,"column":21}},"loc":{"start":{"line":488,"column":26},"end":{"line":488,"column":58}},"line":488},"15":{"name":"(anonymous_15)","decl":{"start":{"line":489,"column":21},"end":{"line":489,"column":22}},"loc":{"start":{"line":489,"column":30},"end":{"line":489,"column":43}},"line":489}},"branchMap":{"0":{"loc":{"start":{"line":55,"column":4},"end":{"line":58,"column":5}},"type":"if","locations":[{"start":{"line":55,"column":4},"end":{"line":58,"column":5}},{"start":{},"end":{}}],"line":55},"1":{"loc":{"start":{"line":60,"column":4},"end":{"line":62,"column":5}},"type":"if","locations":[{"start":{"line":60,"column":4},"end":{"line":62,"column":5}},{"start":{},"end":{}}],"line":60},"2":{"loc":{"start":{"line":60,"column":8},"end":{"line":60,"column":47}},"type":"binary-expr","locations":[{"start":{"line":60,"column":8},"end":{"line":60,"column":34}},{"start":{"line":60,"column":38},"end":{"line":60,"column":47}}],"line":60},"3":{"loc":{"start":{"line":70,"column":6},"end":{"line":72,"column":7}},"type":"if","locations":[{"start":{"line":70,"column":6},"end":{"line":72,"column":7}},{"start":{},"end":{}}],"line":70},"4":{"loc":{"start":{"line":77,"column":6},"end":{"line":79,"column":7}},"type":"if","locations":[{"start":{"line":77,"column":6},"end":{"line":79,"column":7}},{"start":{},"end":{}}],"line":77},"5":{"loc":{"start":{"line":82,"column":16},"end":{"line":82,"column":40}},"type":"binary-expr","locations":[{"start":{"line":82,"column":16},"end":{"line":82,"column":34}},{"start":{"line":82,"column":38},"end":{"line":82,"column":40}}],"line":82},"6":{"loc":{"start":{"line":85,"column":25},"end":{"line":85,"column":76}},"type":"cond-expr","locations":[{"start":{"line":85,"column":44},"end":{"line":85,"column":71}},{"start":{"line":85,"column":74},"end":{"line":85,"column":76}}],"line":85},"7":{"loc":{"start":{"line":109,"column":4},"end":{"line":109,"column":45}},"type":"if","locations":[{"start":{"line":109,"column":4},"end":{"line":109,"column":45}},{"start":{},"end":{}}],"line":109},"8":{"loc":{"start":{"line":109,"column":8},"end":{"line":109,"column":36}},"type":"binary-expr","locations":[{"start":{"line":109,"column":8},"end":{"line":109,"column":14}},{"start":{"line":109,"column":18},"end":{"line":109,"column":36}}],"line":109},"9":{"loc":{"start":{"line":136,"column":8},"end":{"line":138,"column":9}},"type":"if","locations":[{"start":{"line":136,"column":8},"end":{"line":138,"column":9}},{"start":{},"end":{}}],"line":136},"10":{"loc":{"start":{"line":162,"column":4},"end":{"line":165,"column":5}},"type":"if","locations":[{"start":{"line":162,"column":4},"end":{"line":165,"column":5}},{"start":{},"end":{}}],"line":162},"11":{"loc":{"start":{"line":190,"column":6},"end":{"line":192,"column":7}},"type":"if","locations":[{"start":{"line":190,"column":6},"end":{"line":192,"column":7}},{"start":{},"end":{}}],"line":190},"12":{"loc":{"start":{"line":204,"column":2},"end":{"line":212,"column":3}},"type":"if","locations":[{"start":{"line":204,"column":2},"end":{"line":212,"column":3}},{"start":{},"end":{}}],"line":204},"13":{"loc":{"start":{"line":214,"column":2},"end":{"line":228,"column":3}},"type":"if","locations":[{"start":{"line":214,"column":2},"end":{"line":228,"column":3}},{"start":{},"end":{}}],"line":214},"14":{"loc":{"start":{"line":242,"column":7},"end":{"line":246,"column":7}},"type":"binary-expr","locations":[{"start":{"line":242,"column":7},"end":{"line":242,"column":12}},{"start":{"line":243,"column":8},"end":{"line":245,"column":14}}],"line":242},"15":{"loc":{"start":{"line":261,"column":61},"end":{"line":261,"column":112}},"type":"cond-expr","locations":[{"start":{"line":261,"column":76},"end":{"line":261,"column":92}},{"start":{"line":261,"column":95},"end":{"line":261,"column":112}}],"line":261},"16":{"loc":{"start":{"line":263,"column":17},"end":{"line":265,"column":17}},"type":"binary-expr","locations":[{"start":{"line":263,"column":17},"end":{"line":263,"column":29}},{"start":{"line":264,"column":18},"end":{"line":264,"column":85}}],"line":263},"17":{"loc":{"start":{"line":281,"column":61},"end":{"line":281,"column":112}},"type":"cond-expr","locations":[{"start":{"line":281,"column":76},"end":{"line":281,"column":92}},{"start":{"line":281,"column":95},"end":{"line":281,"column":112}}],"line":281},"18":{"loc":{"start":{"line":283,"column":17},"end":{"line":285,"column":17}},"type":"binary-expr","locations":[{"start":{"line":283,"column":17},"end":{"line":283,"column":29}},{"start":{"line":284,"column":18},"end":{"line":284,"column":85}}],"line":283},"19":{"loc":{"start":{"line":300,"column":61},"end":{"line":300,"column":120}},"type":"cond-expr","locations":[{"start":{"line":300,"column":84},"end":{"line":300,"column":100}},{"start":{"line":300,"column":103},"end":{"line":300,"column":120}}],"line":300},"20":{"loc":{"start":{"line":302,"column":17},"end":{"line":304,"column":17}},"type":"binary-expr","locations":[{"start":{"line":302,"column":17},"end":{"line":302,"column":37}},{"start":{"line":303,"column":18},"end":{"line":303,"column":93}}],"line":302},"21":{"loc":{"start":{"line":313,"column":61},"end":{"line":313,"column":115}},"type":"cond-expr","locations":[{"start":{"line":313,"column":79},"end":{"line":313,"column":95}},{"start":{"line":313,"column":98},"end":{"line":313,"column":115}}],"line":313},"22":{"loc":{"start":{"line":320,"column":17},"end":{"line":322,"column":17}},"type":"binary-expr","locations":[{"start":{"line":320,"column":17},"end":{"line":320,"column":32}},{"start":{"line":321,"column":18},"end":{"line":321,"column":88}}],"line":320},"23":{"loc":{"start":{"line":331,"column":61},"end":{"line":331,"column":116}},"type":"cond-expr","locations":[{"start":{"line":331,"column":80},"end":{"line":331,"column":96}},{"start":{"line":331,"column":99},"end":{"line":331,"column":116}}],"line":331},"24":{"loc":{"start":{"line":338,"column":17},"end":{"line":340,"column":17}},"type":"binary-expr","locations":[{"start":{"line":338,"column":17},"end":{"line":338,"column":33}},{"start":{"line":339,"column":18},"end":{"line":339,"column":89}}],"line":338},"25":{"loc":{"start":{"line":384,"column":57},"end":{"line":384,"column":114}},"type":"cond-expr","locations":[{"start":{"line":384,"column":78},"end":{"line":384,"column":94}},{"start":{"line":384,"column":97},"end":{"line":384,"column":114}}],"line":384},"26":{"loc":{"start":{"line":386,"column":13},"end":{"line":388,"column":13}},"type":"binary-expr","locations":[{"start":{"line":386,"column":13},"end":{"line":386,"column":31}},{"start":{"line":387,"column":14},"end":{"line":387,"column":87}}],"line":386},"27":{"loc":{"start":{"line":414,"column":13},"end":{"line":424,"column":13}},"type":"binary-expr","locations":[{"start":{"line":414,"column":13},"end":{"line":414,"column":24}},{"start":{"line":415,"column":14},"end":{"line":423,"column":20}}],"line":414},"28":{"loc":{"start":{"line":426,"column":13},"end":{"line":456,"column":13}},"type":"binary-expr","locations":[{"start":{"line":426,"column":13},"end":{"line":426,"column":30}},{"start":{"line":427,"column":14},"end":{"line":455,"column":20}}],"line":426},"29":{"loc":{"start":{"line":429,"column":35},"end":{"line":429,"column":75}},"type":"cond-expr","locations":[{"start":{"line":429,"column":57},"end":{"line":429,"column":64}},{"start":{"line":429,"column":67},"end":{"line":429,"column":75}}],"line":429},"30":{"loc":{"start":{"line":469,"column":24},"end":{"line":469,"column":51}},"type":"binary-expr","locations":[{"start":{"line":469,"column":24},"end":{"line":469,"column":36}},{"start":{"line":469,"column":40},"end":{"line":469,"column":51}}],"line":469},"31":{"loc":{"start":{"line":471,"column":16},"end":{"line":471,"column":84}},"type":"cond-expr","locations":[{"start":{"line":471,"column":48},"end":{"line":471,"column":79}},{"start":{"line":471,"column":82},"end":{"line":471,"column":84}}],"line":471},"32":{"loc":{"start":{"line":471,"column":17},"end":{"line":471,"column":44}},"type":"binary-expr","locations":[{"start":{"line":471,"column":17},"end":{"line":471,"column":29}},{"start":{"line":471,"column":33},"end":{"line":471,"column":44}}],"line":471},"33":{"loc":{"start":{"line":474,"column":15},"end":{"line":474,"column":58}},"type":"cond-expr","locations":[{"start":{"line":474,"column":30},"end":{"line":474,"column":41}},{"start":{"line":474,"column":44},"end":{"line":474,"column":58}}],"line":474}},"s":{"0":0,"1":0,"2":0,"3":0,"4":0,"5":0,"6":0,"7":0,"8":0,"9":0,"10":0,"11":0,"12":0,"13":0,"14":0,"15":0,"16":0,"17":0,"18":0,"19":0,"20":0,"21":0,"22":0,"23":0,"24":0,"25":0,"26":0,"27":0,"28":0,"29":0,"30":0,"31":0,"32":0,"33":0,"34":0,"35":0,"36":0,"37":0,"38":0,"39":0,"40":0,"41":0,"42":0,"43":0,"44":0,"45":0,"46":0,"47":0,"48":0,"49":0,"50":0,"51":0,"52":0,"53":0,"54":0,"55":0,"56":0,"57":0,"58":0,"59":0,"60":0,"61":0,"62":0,"63":0,"64":0,"65":0,"66":0,"67":0,"68":0,"69":0,"70":0,"71":0,"72":0,"73":0,"74":0,"75":0,"76":0,"77":0,"78":0,"79":0,"80":0,"81":0,"82":0,"83":0,"84":0,"85":0,"86":0,"87":0,"88":0,"89":0,"90":0,"91":0},"f":{"0":0,"1":0,"2":0,"3":0,"4":0,"5":0,"6":0,"7":0,"8":0,"9":0,"10":0,"11":0,"12":0,"13":0,"14":0,"15":0},"b":{"0":[0,0],"1":[0,0],"2":[0,0],"3":[0,0],"4":[0,0],"5":[0,0],"6":[0,0],"7":[0,0],"8":[0,0],"9":[0,0],"10":[0,0],"11":[0,0],"12":[0,0],"13":[0,0],"14":[0,0],"15":[0,0],"16":[0,0],"17":[0,0],"18":[0,0],"19":[0,0],"20":[0,0],"21":[0,0],"22":[0,0],"23":[0,0],"24":[0,0],"25":[0,0],"26":[0,0],"27":[0,0],"28":[0,0],"29":[0,0],"30":[0,0],"31":[0,0],"32":[0,0],"33":[0,0]}}
,"/Users/jessedarsinos/VowSwapping/src/app/api/auth/[...nextauth]/route.ts": {"path":"/Users/jessedarsinos/VowSwapping/src/app/api/auth/[...nextauth]/route.ts","statementMap":{"0":{"start":{"line":4,"column":16},"end":{"line":4,"column":37}}},"fnMap":{},"branchMap":{},"s":{"0":0},"f":{},"b":{}}
,"/Users/jessedarsinos/VowSwapping/src/app/api/auth/forgot-password/route.ts": {"path":"/Users/jessedarsinos/VowSwapping/src/app/api/auth/forgot-password/route.ts","statementMap":{"0":{"start":{"line":7,"column":29},"end":{"line":9,"column":2}},"1":{"start":{"line":12,"column":2},"end":{"line":59,"column":3}},"2":{"start":{"line":13,"column":17},"end":{"line":13,"column":37}},"3":{"start":{"line":14,"column":26},"end":{"line":14,"column":58}},"4":{"start":{"line":17,"column":17},"end":{"line":19,"column":6}},"5":{"start":{"line":22,"column":4},"end":{"line":27,"column":5}},"6":{"start":{"line":23,"column":6},"end":{"line":26,"column":8}},"7":{"start":{"line":30,"column":23},"end":{"line":30,"column":38}},"8":{"start":{"line":31,"column":29},"end":{"line":31,"column":59}},"9":{"start":{"line":34,"column":4},"end":{"line":40,"column":7}},"10":{"start":{"line":43,"column":4},"end":{"line":43,"column":57}},"11":{"start":{"line":45,"column":4},"end":{"line":48,"column":6}},"12":{"start":{"line":50,"column":4},"end":{"line":52,"column":5}},"13":{"start":{"line":51,"column":6},"end":{"line":51,"column":86}},"14":{"start":{"line":54,"column":4},"end":{"line":54,"column":51}},"15":{"start":{"line":55,"column":4},"end":{"line":58,"column":6}},"16":{"start":{"line":63,"column":19},"end":{"line":63,"column":83}},"17":{"start":{"line":65,"column":22},"end":{"line":73,"column":4}},"18":{"start":{"line":75,"column":2},"end":{"line":88,"column":5}}},"fnMap":{"0":{"name":"POST","decl":{"start":{"line":11,"column":22},"end":{"line":11,"column":26}},"loc":{"start":{"line":11,"column":49},"end":{"line":60,"column":1}},"line":11},"1":{"name":"sendPasswordResetEmail","decl":{"start":{"line":62,"column":15},"end":{"line":62,"column":37}},"loc":{"start":{"line":62,"column":68},"end":{"line":89,"column":1}},"line":62}},"branchMap":{"0":{"loc":{"start":{"line":22,"column":4},"end":{"line":27,"column":5}},"type":"if","locations":[{"start":{"line":22,"column":4},"end":{"line":27,"column":5}},{"start":{},"end":{}}],"line":22},"1":{"loc":{"start":{"line":50,"column":4},"end":{"line":52,"column":5}},"type":"if","locations":[{"start":{"line":50,"column":4},"end":{"line":52,"column":5}},{"start":{},"end":{}}],"line":50}},"s":{"0":1,"1":2,"2":2,"3":2,"4":2,"5":2,"6":1,"7":1,"8":1,"9":1,"10":1,"11":1,"12":0,"13":0,"14":0,"15":0,"16":1,"17":1,"18":1},"f":{"0":2,"1":1},"b":{"0":[1,1],"1":[0,0]},"_coverageSchema":"1a1c01bbd47fc00a2c39e90264f33305004495a9","hash":"a9d99c6330415d62e0da6ab3acbf9efbb6d09b04"}
,"/Users/jessedarsinos/VowSwapping/src/app/api/auth/register/route.ts": {"path":"/Users/jessedarsinos/VowSwapping/src/app/api/auth/register/route.ts","statementMap":{"0":{"start":{"line":7,"column":23},"end":{"line":11,"column":2}},"1":{"start":{"line":14,"column":2},"end":{"line":102,"column":3}},"2":{"start":{"line":15,"column":4},"end":{"line":15,"column":49}},"3":{"start":{"line":16,"column":17},"end":{"line":16,"column":37}},"4":{"start":{"line":17,"column":4},"end":{"line":17,"column":52}},"5":{"start":{"line":19,"column":26},"end":{"line":19,"column":52}},"6":{"start":{"line":20,"column":4},"end":{"line":20,"column":63}},"7":{"start":{"line":23,"column":25},"end":{"line":25,"column":6}},"8":{"start":{"line":27,"column":4},"end":{"line":33,"column":5}},"9":{"start":{"line":28,"column":6},"end":{"line":28,"column":63}},"10":{"start":{"line":29,"column":6},"end":{"line":32,"column":8}},"11":{"start":{"line":36,"column":27},"end":{"line":36,"column":69}},"12":{"start":{"line":39,"column":30},"end":{"line":39,"column":45}},"13":{"start":{"line":42,"column":4},"end":{"line":85,"column":5}},"14":{"start":{"line":43,"column":6},"end":{"line":43,"column":69}},"15":{"start":{"line":44,"column":19},"end":{"line":51,"column":8}},"16":{"start":{"line":52,"column":6},"end":{"line":52,"column":57}},"17":{"start":{"line":55,"column":6},"end":{"line":71,"column":7}},"18":{"start":{"line":56,"column":8},"end":{"line":56,"column":79}},"19":{"start":{"line":57,"column":8},"end":{"line":60,"column":11}},"20":{"start":{"line":63,"column":8},"end":{"line":70,"column":9}},"21":{"start":{"line":64,"column":10},"end":{"line":64,"column":68}},"22":{"start":{"line":65,"column":10},"end":{"line":65,"column":69}},"23":{"start":{"line":66,"column":10},"end":{"line":66,"column":62}},"24":{"start":{"line":68,"column":10},"end":{"line":68,"column":74}},"25":{"start":{"line":73,"column":6},"end":{"line":81,"column":8}},"26":{"start":{"line":83,"column":6},"end":{"line":83,"column":69}},"27":{"start":{"line":84,"column":6},"end":{"line":84,"column":20}},"28":{"start":{"line":87,"column":4},"end":{"line":90,"column":5}},"29":{"start":{"line":88,"column":6},"end":{"line":88,"column":55}},"30":{"start":{"line":89,"column":6},"end":{"line":89,"column":86}},"31":{"start":{"line":92,"column":4},"end":{"line":92,"column":48}},"32":{"start":{"line":94,"column":25},"end":{"line":96,"column":47}},"33":{"start":{"line":98,"column":4},"end":{"line":101,"column":6}},"34":{"start":{"line":106,"column":26},"end":{"line":106,"column":88}},"35":{"start":{"line":108,"column":22},"end":{"line":116,"column":4}},"36":{"start":{"line":118,"column":2},"end":{"line":131,"column":5}}},"fnMap":{"0":{"name":"POST","decl":{"start":{"line":13,"column":22},"end":{"line":13,"column":26}},"loc":{"start":{"line":13,"column":49},"end":{"line":103,"column":1}},"line":13},"1":{"name":"sendVerificationEmail","decl":{"start":{"line":105,"column":15},"end":{"line":105,"column":36}},"loc":{"start":{"line":105,"column":67},"end":{"line":132,"column":1}},"line":105}},"branchMap":{"0":{"loc":{"start":{"line":27,"column":4},"end":{"line":33,"column":5}},"type":"if","locations":[{"start":{"line":27,"column":4},"end":{"line":33,"column":5}},{"start":{},"end":{}}],"line":27},"1":{"loc":{"start":{"line":55,"column":6},"end":{"line":71,"column":7}},"type":"if","locations":[{"start":{"line":55,"column":6},"end":{"line":71,"column":7}},{"start":{"line":61,"column":13},"end":{"line":71,"column":7}}],"line":55},"2":{"loc":{"start":{"line":87,"column":4},"end":{"line":90,"column":5}},"type":"if","locations":[{"start":{"line":87,"column":4},"end":{"line":90,"column":5}},{"start":{},"end":{}}],"line":87},"3":{"loc":{"start":{"line":94,"column":25},"end":{"line":96,"column":47}},"type":"cond-expr","locations":[{"start":{"line":95,"column":8},"end":{"line":95,"column":46}},{"start":{"line":96,"column":8},"end":{"line":96,"column":47}}],"line":94}},"s":{"0":1,"1":4,"2":4,"3":4,"4":4,"5":4,"6":3,"7":3,"8":3,"9":1,"10":1,"11":2,"12":2,"13":2,"14":2,"15":2,"16":1,"17":1,"18":1,"19":1,"20":0,"21":0,"22":0,"23":0,"24":0,"25":1,"26":1,"27":1,"28":2,"29":1,"30":1,"31":1,"32":1,"33":1,"34":0,"35":0,"36":0},"f":{"0":4,"1":0},"b":{"0":[1,2],"1":[1,0],"2":[1,1],"3":[1,0]},"_coverageSchema":"1a1c01bbd47fc00a2c39e90264f33305004495a9","hash":"c41061795fcd23057efa3a61d15192d6800e7165"}
,"/Users/jessedarsinos/VowSwapping/src/app/api/auth/reset-password/route.ts": {"path":"/Users/jessedarsinos/VowSwapping/src/app/api/auth/reset-password/route.ts","statementMap":{"0":{"start":{"line":6,"column":28},"end":{"line":9,"column":2}},"1":{"start":{"line":12,"column":2},"end":{"line":60,"column":3}},"2":{"start":{"line":13,"column":17},"end":{"line":13,"column":37}},"3":{"start":{"line":14,"column":26},"end":{"line":14,"column":57}},"4":{"start":{"line":17,"column":17},"end":{"line":24,"column":6}},"5":{"start":{"line":26,"column":4},"end":{"line":31,"column":5}},"6":{"start":{"line":27,"column":6},"end":{"line":30,"column":8}},"7":{"start":{"line":34,"column":27},"end":{"line":34,"column":69}},"8":{"start":{"line":37,"column":4},"end":{"line":44,"column":7}},"9":{"start":{"line":46,"column":4},"end":{"line":49,"column":6}},"10":{"start":{"line":51,"column":4},"end":{"line":53,"column":5}},"11":{"start":{"line":52,"column":6},"end":{"line":52,"column":86}},"12":{"start":{"line":55,"column":4},"end":{"line":55,"column":50}},"13":{"start":{"line":56,"column":4},"end":{"line":59,"column":6}}},"fnMap":{"0":{"name":"POST","decl":{"start":{"line":11,"column":22},"end":{"line":11,"column":26}},"loc":{"start":{"line":11,"column":49},"end":{"line":61,"column":1}},"line":11}},"branchMap":{"0":{"loc":{"start":{"line":26,"column":4},"end":{"line":31,"column":5}},"type":"if","locations":[{"start":{"line":26,"column":4},"end":{"line":31,"column":5}},{"start":{},"end":{}}],"line":26},"1":{"loc":{"start":{"line":51,"column":4},"end":{"line":53,"column":5}},"type":"if","locations":[{"start":{"line":51,"column":4},"end":{"line":53,"column":5}},{"start":{},"end":{}}],"line":51}},"s":{"0":1,"1":4,"2":4,"3":4,"4":3,"5":3,"6":3,"7":0,"8":0,"9":0,"10":1,"11":1,"12":0,"13":0},"f":{"0":4},"b":{"0":[3,0],"1":[1,0]},"_coverageSchema":"1a1c01bbd47fc00a2c39e90264f33305004495a9","hash":"1e3220de45218ede3b78fe025bc1513bbd6d891a"}
,"/Users/jessedarsinos/VowSwapping/src/app/api/auth/signin-after-register/route.ts": {"path":"/Users/jessedarsinos/VowSwapping/src/app/api/auth/signin-after-register/route.ts","statementMap":{"0":{"start":{"line":11,"column":21},"end":{"line":14,"column":2}},"1":{"start":{"line":17,"column":2},"end":{"line":97,"column":3}},"2":{"start":{"line":19,"column":17},"end":{"line":19,"column":37}},"3":{"start":{"line":20,"column":26},"end":{"line":20,"column":50}},"4":{"start":{"line":23,"column":17},"end":{"line":25,"column":6}},"5":{"start":{"line":27,"column":4},"end":{"line":32,"column":5}},"6":{"start":{"line":28,"column":6},"end":{"line":31,"column":8}},"7":{"start":{"line":35,"column":28},"end":{"line":35,"column":87}},"8":{"start":{"line":36,"column":4},"end":{"line":41,"column":5}},"9":{"start":{"line":37,"column":6},"end":{"line":40,"column":8}},"10":{"start":{"line":44,"column":4},"end":{"line":49,"column":5}},"11":{"start":{"line":45,"column":6},"end":{"line":48,"column":9}},"12":{"start":{"line":52,"column":18},"end":{"line":59,"column":6}},"13":{"start":{"line":62,"column":26},"end":{"line":62,"column":36}},"14":{"start":{"line":63,"column":4},"end":{"line":63,"column":56}},"15":{"start":{"line":65,"column":4},"end":{"line":73,"column":7}},"16":{"start":{"line":75,"column":4},"end":{"line":82,"column":6}},"17":{"start":{"line":84,"column":4},"end":{"line":84,"column":58}},"18":{"start":{"line":86,"column":4},"end":{"line":91,"column":5}},"19":{"start":{"line":87,"column":6},"end":{"line":90,"column":8}},"20":{"start":{"line":93,"column":4},"end":{"line":96,"column":6}}},"fnMap":{"0":{"name":"POST","decl":{"start":{"line":16,"column":22},"end":{"line":16,"column":26}},"loc":{"start":{"line":16,"column":49},"end":{"line":98,"column":1}},"line":16}},"branchMap":{"0":{"loc":{"start":{"line":27,"column":4},"end":{"line":32,"column":5}},"type":"if","locations":[{"start":{"line":27,"column":4},"end":{"line":32,"column":5}},{"start":{},"end":{}}],"line":27},"1":{"loc":{"start":{"line":27,"column":8},"end":{"line":27,"column":31}},"type":"binary-expr","locations":[{"start":{"line":27,"column":8},"end":{"line":27,"column":13}},{"start":{"line":27,"column":17},"end":{"line":27,"column":31}}],"line":27},"2":{"loc":{"start":{"line":36,"column":4},"end":{"line":41,"column":5}},"type":"if","locations":[{"start":{"line":36,"column":4},"end":{"line":41,"column":5}},{"start":{},"end":{}}],"line":36},"3":{"loc":{"start":{"line":44,"column":4},"end":{"line":49,"column":5}},"type":"if","locations":[{"start":{"line":44,"column":4},"end":{"line":49,"column":5}},{"start":{},"end":{}}],"line":44},"4":{"loc":{"start":{"line":58,"column":14},"end":{"line":58,"column":61}},"type":"binary-expr","locations":[{"start":{"line":58,"column":14},"end":{"line":58,"column":41}},{"start":{"line":58,"column":45},"end":{"line":58,"column":61}}],"line":58},"5":{"loc":{"start":{"line":66,"column":12},"end":{"line":66,"column":114}},"type":"cond-expr","locations":[{"start":{"line":66,"column":52},"end":{"line":66,"column":86}},{"start":{"line":66,"column":89},"end":{"line":66,"column":114}}],"line":66},"6":{"loc":{"start":{"line":86,"column":4},"end":{"line":91,"column":5}},"type":"if","locations":[{"start":{"line":86,"column":4},"end":{"line":91,"column":5}},{"start":{},"end":{}}],"line":86}},"s":{"0":0,"1":0,"2":0,"3":0,"4":0,"5":0,"6":0,"7":0,"8":0,"9":0,"10":0,"11":0,"12":0,"13":0,"14":0,"15":0,"16":0,"17":0,"18":0,"19":0,"20":0},"f":{"0":0},"b":{"0":[0,0],"1":[0,0],"2":[0,0],"3":[0,0],"4":[0,0],"5":[0,0],"6":[0,0]}}
,"/Users/jessedarsinos/VowSwapping/src/app/api/auth/verify-email/route.ts": {"path":"/Users/jessedarsinos/VowSwapping/src/app/api/auth/verify-email/route.ts","statementMap":{"0":{"start":{"line":5,"column":26},"end":{"line":7,"column":2}},"1":{"start":{"line":10,"column":2},"end":{"line":69,"column":3}},"2":{"start":{"line":11,"column":4},"end":{"line":11,"column":55}},"3":{"start":{"line":12,"column":17},"end":{"line":12,"column":37}},"4":{"start":{"line":13,"column":4},"end":{"line":13,"column":52}},"5":{"start":{"line":15,"column":26},"end":{"line":15,"column":55}},"6":{"start":{"line":16,"column":4},"end":{"line":16,"column":60}},"7":{"start":{"line":19,"column":17},"end":{"line":23,"column":6}},"8":{"start":{"line":25,"column":4},"end":{"line":31,"column":5}},"9":{"start":{"line":26,"column":6},"end":{"line":26,"column":63}},"10":{"start":{"line":27,"column":6},"end":{"line":30,"column":8}},"11":{"start":{"line":33,"column":4},"end":{"line":33,"column":69}},"12":{"start":{"line":36,"column":4},"end":{"line":48,"column":5}},"13":{"start":{"line":37,"column":6},"end":{"line":43,"column":9}},"14":{"start":{"line":44,"column":6},"end":{"line":44,"column":54}},"15":{"start":{"line":46,"column":6},"end":{"line":46,"column":74}},"16":{"start":{"line":47,"column":6},"end":{"line":47,"column":20}},"17":{"start":{"line":50,"column":4},"end":{"line":53,"column":6}},"18":{"start":{"line":55,"column":4},"end":{"line":58,"column":5}},"19":{"start":{"line":56,"column":6},"end":{"line":56,"column":55}},"20":{"start":{"line":57,"column":6},"end":{"line":57,"column":86}},"21":{"start":{"line":60,"column":4},"end":{"line":60,"column":54}},"22":{"start":{"line":61,"column":25},"end":{"line":63,"column":53}},"23":{"start":{"line":65,"column":4},"end":{"line":68,"column":6}},"24":{"start":{"line":74,"column":2},"end":{"line":118,"column":3}},"25":{"start":{"line":75,"column":4},"end":{"line":75,"column":59}},"26":{"start":{"line":76,"column":18},"end":{"line":76,"column":59}},"27":{"start":{"line":77,"column":4},"end":{"line":77,"column":55}},"28":{"start":{"line":79,"column":4},"end":{"line":82,"column":5}},"29":{"start":{"line":80,"column":6},"end":{"line":80,"column":46}},"30":{"start":{"line":81,"column":6},"end":{"line":81,"column":92}},"31":{"start":{"line":85,"column":17},"end":{"line":89,"column":6}},"32":{"start":{"line":91,"column":4},"end":{"line":94,"column":5}},"33":{"start":{"line":92,"column":6},"end":{"line":92,"column":63}},"34":{"start":{"line":93,"column":6},"end":{"line":93,"column":92}},"35":{"start":{"line":96,"column":4},"end":{"line":96,"column":69}},"36":{"start":{"line":99,"column":4},"end":{"line":111,"column":5}},"37":{"start":{"line":100,"column":6},"end":{"line":106,"column":9}},"38":{"start":{"line":107,"column":6},"end":{"line":107,"column":54}},"39":{"start":{"line":109,"column":6},"end":{"line":109,"column":74}},"40":{"start":{"line":110,"column":6},"end":{"line":110,"column":93}},"41":{"start":{"line":114,"column":4},"end":{"line":114,"column":90}},"42":{"start":{"line":116,"column":4},"end":{"line":116,"column":54}},"43":{"start":{"line":117,"column":4},"end":{"line":117,"column":84}}},"fnMap":{"0":{"name":"POST","decl":{"start":{"line":9,"column":22},"end":{"line":9,"column":26}},"loc":{"start":{"line":9,"column":49},"end":{"line":70,"column":1}},"line":9},"1":{"name":"GET","decl":{"start":{"line":73,"column":22},"end":{"line":73,"column":25}},"loc":{"start":{"line":73,"column":48},"end":{"line":119,"column":1}},"line":73}},"branchMap":{"0":{"loc":{"start":{"line":25,"column":4},"end":{"line":31,"column":5}},"type":"if","locations":[{"start":{"line":25,"column":4},"end":{"line":31,"column":5}},{"start":{},"end":{}}],"line":25},"1":{"loc":{"start":{"line":55,"column":4},"end":{"line":58,"column":5}},"type":"if","locations":[{"start":{"line":55,"column":4},"end":{"line":58,"column":5}},{"start":{},"end":{}}],"line":55},"2":{"loc":{"start":{"line":61,"column":25},"end":{"line":63,"column":53}},"type":"cond-expr","locations":[{"start":{"line":62,"column":8},"end":{"line":62,"column":46}},{"start":{"line":63,"column":8},"end":{"line":63,"column":53}}],"line":61},"3":{"loc":{"start":{"line":79,"column":4},"end":{"line":82,"column":5}},"type":"if","locations":[{"start":{"line":79,"column":4},"end":{"line":82,"column":5}},{"start":{},"end":{}}],"line":79},"4":{"loc":{"start":{"line":91,"column":4},"end":{"line":94,"column":5}},"type":"if","locations":[{"start":{"line":91,"column":4},"end":{"line":94,"column":5}},{"start":{},"end":{}}],"line":91}},"s":{"0":1,"1":3,"2":3,"3":3,"4":3,"5":3,"6":3,"7":3,"8":3,"9":2,"10":2,"11":1,"12":1,"13":1,"14":1,"15":0,"16":0,"17":1,"18":0,"19":0,"20":0,"21":0,"22":0,"23":0,"24":0,"25":0,"26":0,"27":0,"28":0,"29":0,"30":0,"31":0,"32":0,"33":0,"34":0,"35":0,"36":0,"37":0,"38":0,"39":0,"40":0,"41":0,"42":0,"43":0},"f":{"0":3,"1":0},"b":{"0":[2,1],"1":[0,0],"2":[0,0],"3":[0,0],"4":[0,0]},"_coverageSchema":"1a1c01bbd47fc00a2c39e90264f33305004495a9","hash":"d3b0b77713cdbfb1cb06b9fa4b91ff2bf64340c4"}
,"/Users/jessedarsinos/VowSwapping/src/app/api/orders/route.ts": {"path":"/Users/jessedarsinos/VowSwapping/src/app/api/orders/route.ts","statementMap":{"0":{"start":{"line":8,"column":18},"end":{"line":8,"column":53}},"1":{"start":{"line":10,"column":2},"end":{"line":12,"column":3}},"2":{"start":{"line":11,"column":4},"end":{"line":11,"column":73}},"3":{"start":{"line":14,"column":2},"end":{"line":96,"column":3}},"4":{"start":{"line":15,"column":17},"end":{"line":15,"column":37}},"5":{"start":{"line":16,"column":42},"end":{"line":16,"column":46}},"6":{"start":{"line":18,"column":4},"end":{"line":20,"column":5}},"7":{"start":{"line":19,"column":6},"end":{"line":19,"column":80}},"8":{"start":{"line":23,"column":17},"end":{"line":25,"column":6}},"9":{"start":{"line":27,"column":4},"end":{"line":29,"column":5}},"10":{"start":{"line":28,"column":6},"end":{"line":28,"column":77}},"11":{"start":{"line":32,"column":18},"end":{"line":36,"column":5}},"12":{"start":{"line":34,"column":8},"end":{"line":34,"column":40}},"13":{"start":{"line":39,"column":25},"end":{"line":39,"column":34}},"14":{"start":{"line":42,"column":4},"end":{"line":58,"column":5}},"15":{"start":{"line":44,"column":25},"end":{"line":55,"column":8}},"16":{"start":{"line":57,"column":6},"end":{"line":57,"column":37}},"17":{"start":{"line":61,"column":18},"end":{"line":78,"column":6}},"18":{"start":{"line":68,"column":95},"end":{"line":72,"column":11}},"19":{"start":{"line":80,"column":4},"end":{"line":88,"column":7}},"20":{"start":{"line":91,"column":4},"end":{"line":91,"column":50}},"21":{"start":{"line":92,"column":4},"end":{"line":95,"column":6}},"22":{"start":{"line":101,"column":18},"end":{"line":101,"column":53}},"23":{"start":{"line":103,"column":2},"end":{"line":105,"column":3}},"24":{"start":{"line":104,"column":4},"end":{"line":104,"column":73}},"25":{"start":{"line":107,"column":2},"end":{"line":136,"column":3}},"26":{"start":{"line":109,"column":17},"end":{"line":111,"column":6}},"27":{"start":{"line":113,"column":4},"end":{"line":115,"column":5}},"28":{"start":{"line":114,"column":6},"end":{"line":114,"column":77}},"29":{"start":{"line":118,"column":19},"end":{"line":126,"column":6}},"30":{"start":{"line":128,"column":4},"end":{"line":128,"column":41}},"31":{"start":{"line":131,"column":4},"end":{"line":131,"column":51}},"32":{"start":{"line":132,"column":4},"end":{"line":135,"column":6}}},"fnMap":{"0":{"name":"POST","decl":{"start":{"line":6,"column":22},"end":{"line":6,"column":26}},"loc":{"start":{"line":6,"column":45},"end":{"line":97,"column":1}},"line":6},"1":{"name":"(anonymous_1)","decl":{"start":{"line":33,"column":6},"end":{"line":33,"column":7}},"loc":{"start":{"line":34,"column":8},"end":{"line":34,"column":40}},"line":34},"2":{"name":"(anonymous_2)","decl":{"start":{"line":68,"column":28},"end":{"line":68,"column":29}},"loc":{"start":{"line":68,"column":95},"end":{"line":72,"column":11}},"line":68},"3":{"name":"GET","decl":{"start":{"line":99,"column":22},"end":{"line":99,"column":25}},"loc":{"start":{"line":99,"column":44},"end":{"line":137,"column":1}},"line":99}},"branchMap":{"0":{"loc":{"start":{"line":10,"column":2},"end":{"line":12,"column":3}},"type":"if","locations":[{"start":{"line":10,"column":2},"end":{"line":12,"column":3}},{"start":{},"end":{}}],"line":10},"1":{"loc":{"start":{"line":18,"column":4},"end":{"line":20,"column":5}},"type":"if","locations":[{"start":{"line":18,"column":4},"end":{"line":20,"column":5}},{"start":{},"end":{}}],"line":18},"2":{"loc":{"start":{"line":18,"column":8},"end":{"line":18,"column":31}},"type":"binary-expr","locations":[{"start":{"line":18,"column":8},"end":{"line":18,"column":14}},{"start":{"line":18,"column":18},"end":{"line":18,"column":31}}],"line":18},"3":{"loc":{"start":{"line":27,"column":4},"end":{"line":29,"column":5}},"type":"if","locations":[{"start":{"line":27,"column":4},"end":{"line":29,"column":5}},{"start":{},"end":{}}],"line":27},"4":{"loc":{"start":{"line":42,"column":4},"end":{"line":58,"column":5}},"type":"if","locations":[{"start":{"line":42,"column":4},"end":{"line":58,"column":5}},{"start":{},"end":{}}],"line":42},"5":{"loc":{"start":{"line":42,"column":8},"end":{"line":42,"column":52}},"type":"binary-expr","locations":[{"start":{"line":42,"column":8},"end":{"line":42,"column":18}},{"start":{"line":42,"column":22},"end":{"line":42,"column":29}},{"start":{"line":42,"column":33},"end":{"line":42,"column":52}}],"line":42},"6":{"loc":{"start":{"line":103,"column":2},"end":{"line":105,"column":3}},"type":"if","locations":[{"start":{"line":103,"column":2},"end":{"line":105,"column":3}},{"start":{},"end":{}}],"line":103},"7":{"loc":{"start":{"line":113,"column":4},"end":{"line":115,"column":5}},"type":"if","locations":[{"start":{"line":113,"column":4},"end":{"line":115,"column":5}},{"start":{},"end":{}}],"line":113}},"s":{"0":5,"1":5,"2":1,"3":4,"4":4,"5":4,"6":4,"7":1,"8":3,"9":3,"10":0,"11":3,"12":5,"13":3,"14":3,"15":1,"16":1,"17":3,"18":5,"19":2,"20":1,"21":1,"22":3,"23":3,"24":1,"25":2,"26":2,"27":2,"28":1,"29":1,"30":1,"31":0,"32":0},"f":{"0":5,"1":5,"2":5,"3":3},"b":{"0":[1,4],"1":[1,3],"2":[4,4],"3":[0,3],"4":[1,2],"5":[3,1,1],"6":[1,2],"7":[1,1]},"_coverageSchema":"1a1c01bbd47fc00a2c39e90264f33305004495a9","hash":"e254a9918bc073d58b169ae0cd64500117dde047"}
,"/Users/jessedarsinos/VowSwapping/src/app/api/payments/create-intent/route.ts": {"path":"/Users/jessedarsinos/VowSwapping/src/app/api/payments/create-intent/route.ts","statementMap":{"0":{"start":{"line":9,"column":18},"end":{"line":9,"column":53}},"1":{"start":{"line":11,"column":2},"end":{"line":13,"column":3}},"2":{"start":{"line":12,"column":4},"end":{"line":12,"column":73}},"3":{"start":{"line":15,"column":2},"end":{"line":73,"column":3}},"4":{"start":{"line":16,"column":17},"end":{"line":16,"column":37}},"5":{"start":{"line":17,"column":42},"end":{"line":17,"column":46}},"6":{"start":{"line":19,"column":4},"end":{"line":21,"column":5}},"7":{"start":{"line":20,"column":6},"end":{"line":20,"column":80}},"8":{"start":{"line":24,"column":17},"end":{"line":26,"column":6}},"9":{"start":{"line":28,"column":4},"end":{"line":30,"column":5}},"10":{"start":{"line":29,"column":6},"end":{"line":29,"column":77}},"11":{"start":{"line":33,"column":19},"end":{"line":37,"column":5}},"12":{"start":{"line":35,"column":8},"end":{"line":35,"column":40}},"13":{"start":{"line":40,"column":26},"end":{"line":61,"column":6}},"14":{"start":{"line":46,"column":56},"end":{"line":50,"column":9}},"15":{"start":{"line":63,"column":4},"end":{"line":65,"column":7}},"16":{"start":{"line":68,"column":4},"end":{"line":68,"column":59}},"17":{"start":{"line":69,"column":4},"end":{"line":72,"column":6}}},"fnMap":{"0":{"name":"POST","decl":{"start":{"line":7,"column":22},"end":{"line":7,"column":26}},"loc":{"start":{"line":7,"column":45},"end":{"line":74,"column":1}},"line":7},"1":{"name":"(anonymous_1)","decl":{"start":{"line":34,"column":6},"end":{"line":34,"column":7}},"loc":{"start":{"line":35,"column":8},"end":{"line":35,"column":40}},"line":35},"2":{"name":"(anonymous_2)","decl":{"start":{"line":46,"column":40},"end":{"line":46,"column":41}},"loc":{"start":{"line":46,"column":56},"end":{"line":50,"column":9}},"line":46}},"branchMap":{"0":{"loc":{"start":{"line":11,"column":2},"end":{"line":13,"column":3}},"type":"if","locations":[{"start":{"line":11,"column":2},"end":{"line":13,"column":3}},{"start":{},"end":{}}],"line":11},"1":{"loc":{"start":{"line":19,"column":4},"end":{"line":21,"column":5}},"type":"if","locations":[{"start":{"line":19,"column":4},"end":{"line":21,"column":5}},{"start":{},"end":{}}],"line":19},"2":{"loc":{"start":{"line":19,"column":8},"end":{"line":19,"column":31}},"type":"binary-expr","locations":[{"start":{"line":19,"column":8},"end":{"line":19,"column":14}},{"start":{"line":19,"column":18},"end":{"line":19,"column":31}}],"line":19},"3":{"loc":{"start":{"line":28,"column":4},"end":{"line":30,"column":5}},"type":"if","locations":[{"start":{"line":28,"column":4},"end":{"line":30,"column":5}},{"start":{},"end":{}}],"line":28},"4":{"loc":{"start":{"line":45,"column":19},"end":{"line":45,"column":34}},"type":"binary-expr","locations":[{"start":{"line":45,"column":19},"end":{"line":45,"column":28}},{"start":{"line":45,"column":32},"end":{"line":45,"column":34}}],"line":45},"5":{"loc":{"start":{"line":51,"column":21},"end":{"line":51,"column":60}},"type":"cond-expr","locations":[{"start":{"line":51,"column":44},"end":{"line":51,"column":50}},{"start":{"line":51,"column":53},"end":{"line":51,"column":60}}],"line":51},"6":{"loc":{"start":{"line":52,"column":12},"end":{"line":59,"column":14}},"type":"cond-expr","locations":[{"start":{"line":52,"column":22},"end":{"line":59,"column":9}},{"start":{"line":59,"column":12},"end":{"line":59,"column":14}}],"line":52}},"s":{"0":0,"1":0,"2":0,"3":0,"4":0,"5":0,"6":0,"7":0,"8":0,"9":0,"10":0,"11":0,"12":0,"13":0,"14":0,"15":0,"16":0,"17":0},"f":{"0":0,"1":0,"2":0},"b":{"0":[0,0],"1":[0,0],"2":[0,0],"3":[0,0],"4":[0,0],"5":[0,0],"6":[0,0]}}
,"/Users/jessedarsinos/VowSwapping/src/app/api/payments/webhook/route.ts": {"path":"/Users/jessedarsinos/VowSwapping/src/app/api/payments/webhook/route.ts","statementMap":{"0":{"start":{"line":8,"column":23},"end":{"line":8,"column":38}},"1":{"start":{"line":11,"column":17},"end":{"line":11,"column":42}},"2":{"start":{"line":12,"column":2},"end":{"line":12,"column":25}},"3":{"start":{"line":12,"column":15},"end":{"line":12,"column":25}},"4":{"start":{"line":14,"column":31},"end":{"line":14,"column":33}},"5":{"start":{"line":16,"column":2},"end":{"line":20,"column":3}},"6":{"start":{"line":17,"column":28},"end":{"line":17,"column":47}},"7":{"start":{"line":18,"column":4},"end":{"line":18,"column":20}},"8":{"start":{"line":18,"column":14},"end":{"line":18,"column":20}},"9":{"start":{"line":19,"column":4},"end":{"line":19,"column":23}},"10":{"start":{"line":22,"column":23},"end":{"line":24,"column":3}},"11":{"start":{"line":23,"column":34},"end":{"line":23,"column":52}},"12":{"start":{"line":26,"column":15},"end":{"line":26,"column":16}},"13":{"start":{"line":27,"column":2},"end":{"line":30,"column":3}},"14":{"start":{"line":28,"column":4},"end":{"line":28,"column":36}},"15":{"start":{"line":29,"column":4},"end":{"line":29,"column":27}},"16":{"start":{"line":32,"column":2},"end":{"line":32,"column":48}},"17":{"start":{"line":36,"column":2},"end":{"line":85,"column":3}},"18":{"start":{"line":37,"column":17},"end":{"line":37,"column":47}},"19":{"start":{"line":38,"column":24},"end":{"line":38,"column":39}},"20":{"start":{"line":39,"column":22},"end":{"line":39,"column":63}},"21":{"start":{"line":41,"column":4},"end":{"line":46,"column":5}},"22":{"start":{"line":42,"column":6},"end":{"line":45,"column":8}},"23":{"start":{"line":50,"column":4},"end":{"line":62,"column":5}},"24":{"start":{"line":51,"column":6},"end":{"line":55,"column":8}},"25":{"start":{"line":57,"column":6},"end":{"line":57,"column":67}},"26":{"start":{"line":58,"column":6},"end":{"line":61,"column":8}},"27":{"start":{"line":65,"column":4},"end":{"line":75,"column":5}},"28":{"start":{"line":67,"column":8},"end":{"line":67,"column":80}},"29":{"start":{"line":68,"column":8},"end":{"line":68,"column":14}},"30":{"start":{"line":71,"column":8},"end":{"line":71,"column":77}},"31":{"start":{"line":72,"column":8},"end":{"line":72,"column":14}},"32":{"start":{"line":77,"column":4},"end":{"line":77,"column":49}},"33":{"start":{"line":80,"column":4},"end":{"line":80,"column":43}},"34":{"start":{"line":81,"column":4},"end":{"line":84,"column":6}},"35":{"start":{"line":89,"column":23},"end":{"line":89,"column":36}},"36":{"start":{"line":90,"column":2},"end":{"line":93,"column":3}},"37":{"start":{"line":91,"column":4},"end":{"line":91,"column":56}},"38":{"start":{"line":92,"column":4},"end":{"line":92,"column":11}},"39":{"start":{"line":95,"column":2},"end":{"line":146,"column":3}},"40":{"start":{"line":97,"column":18},"end":{"line":97,"column":44}},"41":{"start":{"line":100,"column":18},"end":{"line":104,"column":5}},"42":{"start":{"line":102,"column":8},"end":{"line":102,"column":40}},"43":{"start":{"line":107,"column":25},"end":{"line":107,"column":43}},"44":{"start":{"line":109,"column":4},"end":{"line":125,"column":5}},"45":{"start":{"line":111,"column":25},"end":{"line":122,"column":8}},"46":{"start":{"line":124,"column":6},"end":{"line":124,"column":37}},"47":{"start":{"line":128,"column":4},"end":{"line":142,"column":7}},"48":{"start":{"line":135,"column":44},"end":{"line":139,"column":11}},"49":{"start":{"line":145,"column":4},"end":{"line":145,"column":62}},"50":{"start":{"line":151,"column":2},"end":{"line":151,"column":53}}},"fnMap":{"0":{"name":"getBodyAsString","decl":{"start":{"line":10,"column":15},"end":{"line":10,"column":30}},"loc":{"start":{"line":10,"column":66},"end":{"line":33,"column":1}},"line":10},"1":{"name":"(anonymous_1)","decl":{"start":{"line":23,"column":18},"end":{"lin
[...]
15,"column":12}},"19":{"start":{"line":120,"column":8},"end":{"line":125,"column":12}},"20":{"start":{"line":120,"column":24},"end":{"line":125,"column":9}},"21":{"start":{"line":130,"column":8},"end":{"line":139,"column":11}},"22":{"start":{"line":131,"column":33},"end":{"line":131,"column":68}},"23":{"start":{"line":132,"column":10},"end":{"line":138,"column":12}},"24":{"start":{"line":143,"column":8},"end":{"line":160,"column":11}},"25":{"start":{"line":144,"column":33},"end":{"line":144,"column":68}},"26":{"start":{"line":145,"column":33},"end":{"line":147,"column":11}},"27":{"start":{"line":146,"column":12},"end":{"line":146,"column":77}},"28":{"start":{"line":149,"column":37},"end":{"line":151,"column":11}},"29":{"start":{"line":150,"column":12},"end":{"line":150,"column":77}},"30":{"start":{"line":153,"column":10},"end":{"line":159,"column":12}},"31":{"start":{"line":164,"column":8},"end":{"line":177,"column":11}},"32":{"start":{"line":165,"column":33},"end":{"line":165,"column":68}},"33":{"start":{"line":166,"column":34},"end":{"line":166,"column":91}},"34":{"start":{"line":166,"column":68},"end":{"line":166,"column":90}},"35":{"start":{"line":168,"column":38},"end":{"line":168,"column":98}},"36":{"start":{"line":168,"column":75},"end":{"line":168,"column":97}},"37":{"start":{"line":170,"column":10},"end":{"line":176,"column":12}},"38":{"start":{"line":181,"column":8},"end":{"line":186,"column":12}},"39":{"start":{"line":181,"column":24},"end":{"line":186,"column":9}},"40":{"start":{"line":191,"column":8},"end":{"line":193,"column":12}},"41":{"start":{"line":191,"column":24},"end":{"line":193,"column":9}},"42":{"start":{"line":197,"column":8},"end":{"line":201,"column":12}},"43":{"start":{"line":197,"column":24},"end":{"line":201,"column":9}},"44":{"start":{"line":199,"column":12},"end":{"line":199,"column":77}},"45":{"start":{"line":205,"column":8},"end":{"line":207,"column":12}},"46":{"start":{"line":205,"column":24},"end":{"line":207,"column":9}},"47":{"start":{"line":206,"column":60},"end":{"line":206,"column":82}},"48":{"start":{"line":211,"column":8},"end":{"line":213,"column":12}},"49":{"start":{"line":211,"column":19},"end":{"line":213,"column":9}},"50":{"start":{"line":218,"column":8},"end":{"line":218,"column":53}},"51":{"start":{"line":222,"column":8},"end":{"line":222,"column":51}},"52":{"start":{"line":226,"column":24},"end":{"line":226,"column":61}},"53":{"start":{"line":227,"column":8},"end":{"line":227,"column":46}},"54":{"start":{"line":227,"column":34},"end":{"line":227,"column":46}},"55":{"start":{"line":229,"column":20},"end":{"line":229,"column":75}},"56":{"start":{"line":229,"column":52},"end":{"line":229,"column":71}},"57":{"start":{"line":230,"column":8},"end":{"line":230,"column":36}},"58":{"start":{"line":234,"column":24},"end":{"line":234,"column":59}},"59":{"start":{"line":235,"column":8},"end":{"line":235,"column":46}},"60":{"start":{"line":235,"column":34},"end":{"line":235,"column":46}},"61":{"start":{"line":237,"column":20},"end":{"line":237,"column":75}},"62":{"start":{"line":237,"column":52},"end":{"line":237,"column":71}},"63":{"start":{"line":238,"column":8},"end":{"line":238,"column":36}},"64":{"start":{"line":242,"column":8},"end":{"line":246,"column":11}}},"fnMap":{"0":{"name":"(anonymous_0)","decl":{"start":{"line":62,"column":4},"end":{"line":62,"column":5}},"loc":{"start":{"line":62,"column":19},"end":{"line":248,"column":5}},"line":62},"1":{"name":"(anonymous_1)","decl":{"start":{"line":68,"column":24},"end":{"line":68,"column":25}},"loc":{"start":{"line":68,"column":47},"end":{"line":79,"column":7}},"line":68},"2":{"name":"(anonymous_2)","decl":{"start":{"line":69,"column":12},"end":{"line":69,"column":13}},"loc":{"start":{"line":69,"column":23},"end":{"line":78,"column":9}},"line":69},"3":{"name":"(anonymous_3)","decl":{"start":{"line":81,"column":27},"end":{"line":81,"column":28}},"loc":{"start":{"line":81,"column":67},"end":{"line":100,"column":7}},"line":81},"4":{"name":"(anonymous_4)","decl":{"start":{"line":82,"column":12},"end":{"line":82,"column":13}},"loc":{"start":{"line":82,"column":23},"end":{"line":99,"column":9}},"line":82},"5":{"name":"(anonymous_5)","decl":{"start":{"line":84,"column":52},"end":{"line":84,"column":53}},"loc":{"start":{"line":85,"column":12},"end":{"line":85,"column":77}},"line":85},"6":{"name":"(anonymous_6)","decl":{"start":{"line":88,"column":59},"end":{"line":88,"column":60}},"loc":{"start":{"line":89,"column":12},"end":{"line":89,"column":77}},"line":89},"7":{"name":"(anonymous_7)","decl":{"start":{"line":102,"column":27},"end":{"line":102,"column":28}},"loc":{"start":{"line":102,"column":52},"end":{"line":117,"column":7}},"line":102},"8":{"name":"(anonymous_8)","decl":{"start":{"line":103,"column":12},"end":{"line":103,"column":13}},"loc":{"start":{"line":103,"column":23},"end":{"line":116,"column":9}},"line":103},"9":{"name":"(anonymous_9)","decl":{"start":{"line":105,"column":56},"end":{"line":105,"column":57}},"loc":{"start":{"line":105,"column":68},"end":{"line":105,"column":90}},"line":105},"10":{"name":"(anonymous_10)","decl":{"start":{"line":107,"column":63},"end":{"line":107,"column":64}},"loc":{"start":{"line":107,"column":75},"end":{"line":107,"column":97}},"line":107},"11":{"name":"(anonymous_11)","decl":{"start":{"line":119,"column":25},"end":{"line":119,"column":26}},"loc":{"start":{"line":119,"column":49},"end":{"line":126,"column":7}},"line":119},"12":{"name":"(anonymous_12)","decl":{"start":{"line":120,"column":12},"end":{"line":120,"column":13}},"loc":{"start":{"line":120,"column":24},"end":{"line":125,"column":9}},"line":120},"13":{"name":"(anonymous_13)","decl":{"start":{"line":129,"column":23},"end":{"line":129,"column":24}},"loc":{"start":{"line":129,"column":45},"end":{"line":140,"column":7}},"line":129},"14":{"name":"(anonymous_14)","decl":{"start":{"line":130,"column":12},"end":{"line":130,"column":13}},"loc":{"start":{"line":130,"column":23},"end":{"line":139,"column":9}},"line":130},"15":{"name":"(anonymous_15)","decl":{"start":{"line":142,"column":26},"end":{"line":142,"column":27}},"loc":{"start":{"line":142,"column":65},"end":{"line":161,"column":7}},"line":142},"16":{"name":"(anonymous_16)","decl":{"start":{"line":143,"column":12},"end":{"line":143,"column":13}},"loc":{"start":{"line":143,"column":23},"end":{"line":160,"column":9}},"line":143},"17":{"name":"(anonymous_17)","decl":{"start":{"line":145,"column":52},"end":{"line":145,"column":53}},"loc":{"start":{"line":146,"column":12},"end":{"line":146,"column":77}},"line":146},"18":{"name":"(anonymous_18)","decl":{"start":{"line":149,"column":59},"end":{"line":149,"column":60}},"loc":{"start":{"line":150,"column":12},"end":{"line":150,"column":77}},"line":150},"19":{"name":"(anonymous_19)","decl":{"start":{"line":163,"column":26},"end":{"line":163,"column":27}},"loc":{"start":{"line":163,"column":50},"end":{"line":178,"column":7}},"line":163},"20":{"name":"(anonymous_20)","decl":{"start":{"line":164,"column":12},"end":{"line":164,"column":13}},"loc":{"start":{"line":164,"column":23},"end":{"line":177,"column":9}},"line":164},"21":{"name":"(anonymous_21)","decl":{"start":{"line":166,"column":56},"end":{"line":166,"column":57}},"loc":{"start":{"line":166,"column":68},"end":{"line":166,"column":90}},"line":166},"22":{"name":"(anonymous_22)","decl":{"start":{"line":168,"column":63},"end":{"line":168,"column":64}},"loc":{"start":{"line":168,"column":75},"end":{"line":168,"column":97}},"line":168},"23":{"name":"(anonymous_23)","decl":{"start":{"line":180,"column":24},"end":{"line":180,"column":25}},"loc":{"start":{"line":180,"column":47},"end":{"line":187,"column":7}},"line":180},"24":{"name":"(anonymous_24)","decl":{"start":{"line":181,"column":12},"end":{"line":181,"column":13}},"loc":{"start":{"line":181,"column":24},"end":{"line":186,"column":9}},"line":181},"25":{"name":"(anonymous_25)","decl":{"start":{"line":190,"column":21},"end":{"line":190,"column":22}},"loc":{"start":{"line":190,"column":33},"end":{"line":194,"column":7}},"line":190},"26":{"name":"(anonymous_26)","decl":{"start":{"line":191,"column":12},"end":{"line":191,"column":13}},"loc":{"start":{"line":191,"column":24},"end":{"line":193,"column":9}},"line":191},"27":{"name":"(anonymous_27)","decl":{"start":{"line":196,"column":24},"end":{"line":196,"column":25}},"loc":{"start":{"line":196,"column":53},"end":{"line":202,"column":7}},"line":196},"28":{"name":"(anonymous_28)","decl":{"start":{"line":197,"column":12},"end":{"line":197,"column":13}},"loc":{"start":{"line":197,"column":24},"end":{"line":201,"column":9}},"line":197},"29":{"name":"(anonymous_29)","decl":{"start":{"line":198,"column":45},"end":{"line":198,"column":46}},"loc":{"start":{"line":199,"column":12},"end":{"line":199,"column":77}},"line":199},"30":{"name":"(anonymous_30)","decl":{"start":{"line":204,"column":24},"end":{"line":204,"column":25}},"loc":{"start":{"line":204,"column":38},"end":{"line":208,"column":7}},"line":204},"31":{"name":"(anonymous_31)","decl":{"start":{"line":205,"column":12},"end":{"line":205,"column":13}},"loc":{"start":{"line":205,"column":24},"end":{"line":207,"column":9}},"line":205},"32":{"name":"(anonymous_32)","decl":{"start":{"line":206,"column":48},"end":{"line":206,"column":49}},"loc":{"start":{"line":206,"column":60},"end":{"line":206,"column":82}},"line":206},"33":{"name":"(anonymous_33)","decl":{"start":{"line":210,"column":22},"end":{"line":210,"column":23}},"loc":{"start":{"line":210,"column":35},"end":{"line":214,"column":7}},"line":210},"34":{"name":"(anonymous_34)","decl":{"start":{"line":211,"column":12},"end":{"line":211,"column":13}},"loc":{"start":{"line":211,"column":19},"end":{"line":213,"column":9}},"line":211},"35":{"name":"(anonymous_35)","decl":{"start":{"line":217,"column":25},"end":{"line":217,"column":26}},"loc":{"start":{"line":217,"column":40},"end":{"line":219,"column":7}},"line":217},"36":{"name":"(anonymous_36)","decl":{"start":{"line":221,"column":24},"end":{"line":221,"column":25}},"loc":{"start":{"line":221,"column":38},"end":{"line":223,"column":7}},"line":221},"37":{"name":"(anonymous_37)","decl":{"start":{"line":225,"column":31},"end":{"line":225,"column":32}},"loc":{"start":{"line":225,"column":46},"end":{"line":231,"column":7}},"line":225},"38":{"name":"(anonymous_38)","decl":{"start":{"line":229,"column":35},"end":{"line":229,"column":36}},"loc":{"start":{"line":229,"column":52},"end":{"line":229,"column":71}},"line":229},"39":{"name":"(anonymous_39)","decl":{"start":{"line":233,"column":30},"end":{"line":233,"column":31}},"loc":{"start":{"line":233,"column":44},"end":{"line":239,"column":7}},"line":233},"40":{"name":"(anonymous_40)","decl":{"start":{"line":237,"column":35},"end":{"line":237,"column":36}},"loc":{"start":{"line":237,"column":52},"end":{"line":237,"column":71}},"line":237},"41":{"name":"(anonymous_41)","decl":{"start":{"line":241,"column":16},"end":{"line":241,"column":17}},"loc":{"start":{"line":241,"column":22},"end":{"line":247,"column":7}},"line":241}},"branchMap":{"0":{"loc":{"start":{"line":70,"column":33},"end":{"line":70,"column":70}},"type":"binary-expr","locations":[{"start":{"line":70,"column":33},"end":{"line":70,"column":64}},{"start":{"line":70,"column":68},"end":{"line":70,"column":70}}],"line":70},"1":{"loc":{"start":{"line":83,"column":33},"end":{"line":83,"column":70}},"type":"binary-expr","locations":[{"start":{"line":83,"column":33},"end":{"line":83,"column":64}},{"start":{"line":83,"column":68},"end":{"line":83,"column":70}}],"line":83},"2":{"loc":{"start":{"line":85,"column":12},"end":{"line":85,"column":77}},"type":"cond-expr","locations":[{"start":{"line":85,"column":37},"end":{"line":85,"column":68}},{"start":{"line":85,"column":71},"end":{"line":85,"column":77}}],"line":85},"3":{"loc":{"start":{"line":89,"column":12},"end":{"line":89,"column":77}},"type":"cond-expr","locations":[{"start":{"line":89,"column":37},"end":{"line":89,"column":68}},{"start":{"line":89,"column":71},"end":{"line":89,"column":77}}],"line":89},"4":{"loc":{"start":{"line":104,"column":33},"end":{"line":104,"column":70}},"type":"binary-expr","locations":[{"start":{"line":104,"column":33},"end":{"line":104,"column":64}},{"start":{"line":104,"column":68},"end":{"line":104,"column":70}}],"line":104},"5":{"loc":{"start":{"line":131,"column":33},"end":{"line":131,"column":68}},"type":"binary-expr","locations":[{"start":{"line":131,"column":33},"end":{"line":131,"column":62}},{"start":{"line":131,"column":66},"end":{"line":131,"column":68}}],"line":131},"6":{"loc":{"start":{"line":144,"column":33},"end":{"line":144,"column":68}},"type":"binary-expr","locations":[{"start":{"line":144,"column":33},"end":{"line":144,"column":62}},{"start":{"line":144,"column":66},"end":{"line":144,"column":68}}],"line":144},"7":{"loc":{"start":{"line":146,"column":12},"end":{"line":146,"column":77}},"type":"cond-expr","locations":[{"start":{"line":146,"column":37},"end":{"line":146,"column":68}},{"start":{"line":146,"column":71},"end":{"line":146,"column":77}}],"line":146},"8":{"loc":{"start":{"line":150,"column":12},"end":{"line":150,"column":77}},"type":"cond-expr","locations":[{"start":{"line":150,"column":37},"end":{"line":150,"column":68}},{"start":{"line":150,"column":71},"end":{"line":150,"column":77}}],"line":150},"9":{"loc":{"start":{"line":165,"column":33},"end":{"line":165,"column":68}},"type":"binary-expr","locations":[{"start":{"line":165,"column":33},"end":{"line":165,"column":62}},{"start":{"line":165,"column":66},"end":{"line":165,"column":68}}],"line":165},"10":{"loc":{"start":{"line":199,"column":12},"end":{"line":199,"column":77}},"type":"cond-expr","locations":[{"start":{"line":199,"column":37},"end":{"line":199,"column":68}},{"start":{"line":199,"column":71},"end":{"line":199,"column":77}}],"line":199},"11":{"loc":{"start":{"line":218,"column":15},"end":{"line":218,"column":52}},"type":"binary-expr","locations":[{"start":{"line":218,"column":15},"end":{"line":218,"column":46}},{"start":{"line":218,"column":50},"end":{"line":218,"column":52}}],"line":218},"12":{"loc":{"start":{"line":222,"column":15},"end":{"line":222,"column":50}},"type":"binary-expr","locations":[{"start":{"line":222,"column":15},"end":{"line":222,"column":44}},{"start":{"line":222,"column":48},"end":{"line":222,"column":50}}],"line":222},"13":{"loc":{"start":{"line":226,"column":24},"end":{"line":226,"column":61}},"type":"binary-expr","locations":[{"start":{"line":226,"column":24},"end":{"line":226,"column":55}},{"start":{"line":226,"column":59},"end":{"line":226,"column":61}}],"line":226},"14":{"loc":{"start":{"line":227,"column":8},"end":{"line":227,"column":46}},"type":"if","locations":[{"start":{"line":227,"column":8},"end":{"line":227,"column":46}},{"start":{},"end":{}}],"line":227},"15":{"loc":{"start":{"line":234,"column":24},"end":{"line":234,"column":59}},"type":"binary-expr","locations":[{"start":{"line":234,"column":24},"end":{"line":234,"column":53}},{"start":{"line":234,"column":57},"end":{"line":234,"column":59}}],"line":234},"16":{"loc":{"start":{"line":235,"column":8},"end":{"line":235,"column":46}},"type":"if","locations":[{"start":{"line":235,"column":8},"end":{"line":235,"column":46}},{"start":{},"end":{}}],"line":235}},"s":{"0":0,"1":0,"2":0,"3":0,"4":0,"5":0,"6":0,"7":0,"8":0,"9":0,"10":0,"11":0,"12":0,"13":0,"14":0,"15":0,"16":0,"17":0,"18":0,"19":0,"20":0,"21":0,"22":0,"23":0,"24":0,"25":0,"26":0,"27":0,"28":0,"29":0,"30":0,"31":0,"32":0,"33":0,"34":0,"35":0,"36":0,"37":0,"38":0,"39":0,"40":0,"41":0,"42":0,"43":0,"44":0,"45":0,"46":0,"47":0,"48":0,"49":0,"50":0,"51":0,"52":0,"53":0,"54":0,"55":0,"56":0,"57":0,"58":0,"59":0,"60":0,"61":0,"62":0,"63":0,"64":0},"f":{"0":0,"1":0,"2":0,"3":0,"4":0,"5":0,"6":0,"7":0,"8":0,"9":0,"10":0,"11":0,"12":0,"13":0,"14":0,"15":0,"16":0,"17":0,"18":0,"19":0,"20":0,"21":0,"22":0,"23":0,"24":0,"25":0,"26":0,"27":0,"28":0,"29":0,"30":0,"31":0,"32":0,"33":0,"34":0,"35":0,"36":0,"37":0,"38":0,"39":0,"40":0,"41":0},"b":{"0":[0,0],"1":[0,0],"2":[0,0],"3":[0,0],"4":[0,0],"5":[0,0],"6":[0,0],"7":[0,0],"8":[0,0],"9":[0,0],"10":[0,0],"11":[0,0],"12":[0,0],"13":[0,0],"14":[0,0],"15":[0,0],"16":[0,0]}}
,"/Users/jessedarsinos/VowSwapping/src/store/wishlistStore.ts": {"path":"/Users/jessedarsinos/VowSwapping/src/store/wishlistStore.ts","statementMap":{"0":{"start":{"line":34,"column":32},"end":{"line":88,"column":1}},"1":{"start":{"line":36,"column":19},"end":{"line":83,"column":5}},"2":{"start":{"line":42,"column":26},"end":{"line":42,"column":31}},"3":{"start":{"line":43,"column":36},"end":{"line":43,"column":85}},"4":{"start":{"line":43,"column":55},"end":{"line":43,"column":84}},"5":{"start":{"line":45,"column":8},"end":{"line":67,"column":9}},"6":{"start":{"line":46,"column":40},"end":{"line":64,"column":11}},"7":{"start":{"line":66,"column":10},"end":{"line":66,"column":46}},"8":{"start":{"line":71,"column":26},"end":{"line":71,"column":31}},"9":{"start":{"line":72,"column":8},"end":{"line":72,"column":75}},"10":{"start":{"line":72,"column":42},"end":{"line":72,"column":70}},"11":{"start":{"line":76,"column":26},"end":{"line":76,"column":31}},"12":{"start":{"line":77,"column":8},"end":{"line":77,"column":64}},"13":{"start":{"line":77,"column":34},"end":{"line":77,"column":62}},"14":{"start":{"line":81,"column":8},"end":{"line":81,"column":27}}},"fnMap":{"0":{"name":"(anonymous_0)","decl":{"start":{"line":36,"column":4},"end":{"line":36,"column":5}},"loc":{"start":{"line":36,"column":19},"end":{"line":83,"column":5}},"line":36},"1":{"name":"(anonymous_1)","decl":{"start":{"line":41,"column":21},"end":{"line":41,"column":22}},"loc":{"start":{"line":41,"column":34},"end":{"line":68,"column":7}},"line":41},"2":{"name":"(anonymous_2)","decl":{"start":{"line":43,"column":47},"end":{"line":43,"column":48}},"loc":{"start":{"line":43,"column":55},"end":{"line":43,"column":84}},"line":43},"3":{"name":"(anonymous_3)","decl":{"start":{"line":70,"column":26},"end":{"line":70,"column":27}},"loc":{"start":{"line":70,"column":41},"end":{"line":73,"column":7}},"line":70},"4":{"name":"(anonymous_4)","decl":{"start":{"line":72,"column":34},"end":{"line":72,"column":35}},"loc":{"start":{"line":72,"column":42},"end":{"line":72,"column":70}},"line":72},"5":{"name":"(anonymous_5)","decl":{"start":{"line":75,"column":20},"end":{"line":75,"column":21}},"loc":{"start":{"line":75,"column":35},"end":{"line":78,"column":7}},"line":75},"6":{"name":"(anonymous_6)","decl":{"start":{"line":77,"column":26},"end":{"line":77,"column":27}},"loc":{"start":{"line":77,"column":34},"end":{"line":77,"column":62}},"line":77},"7":{"name":"(anonymous_7)","decl":{"start":{"line":80,"column":21},"end":{"line":80,"column":22}},"loc":{"start":{"line":80,"column":27},"end":{"line":82,"column":7}},"line":80}},"branchMap":{"0":{"loc":{"start":{"line":45,"column":8},"end":{"line":67,"column":9}},"type":"if","locations":[{"start":{"line":45,"column":8},"end":{"line":67,"column":9}},{"start":{},"end":{}}],"line":45},"1":{"loc":{"start":{"line":57,"column":22},"end":{"line":62,"column":27}},"type":"cond-expr","locations":[{"start":{"line":57,"column":39},"end":{"line":62,"column":15}},{"start":{"line":62,"column":18},"end":{"line":62,"column":27}}],"line":57},"2":{"loc":{"start":{"line":61,"column":30},"end":{"line":61,"column":62}},"type":"binary-expr","locations":[{"start":{"line":61,"column":30},"end":{"line":61,"column":57}},{"start":{"line":61,"column":61},"end":{"line":61,"column":62}}],"line":61}},"s":{"0":2,"1":2,"2":0,"3":0,"4":0,"5":0,"6":0,"7":0,"8":0,"9":0,"10":0,"11":0,"12":0,"13":0,"14":0},"f":{"0":2,"1":0,"2":0,"3":0,"4":0,"5":0,"6":0,"7":0},"b":{"0":[0,0],"1":[0,0],"2":[0,0]},"_coverageSchema":"1a1c01bbd47fc00a2c39e90264f33305004495a9","hash":"4e3af12b6ebc51d3fcf2df9dc16473e1e8cd799d"}
,"/Users/jessedarsinos/VowSwapping/src/types/product.ts": {"path":"/Users/jessedarsinos/VowSwapping/src/types/product.ts","statementMap":{},"fnMap":{},"branchMap":{},"s":{},"f":{},"b":{}}
}
