TN:
SF:src/middleware.ts
FN:13,middleware
FN:16,(anonymous_1)
FNF:2
FNH:0
FNDA:0,middleware
FNDA:0,(anonymous_1)
DA:6,0
DA:14,0
DA:15,0
DA:16,0
DA:17,0
DA:21,0
DA:22,0
DA:23,0
DA:24,0
DA:28,0
DA:33,0
DA:36,0
DA:39,0
LF:13
LH:0
BRDA:21,0,0,0
BRDA:21,0,1,0
BRDA:21,1,0,0
BRDA:21,1,1,0
BRDA:28,2,0,0
BRDA:28,2,1,0
BRDA:29,3,0,0
BRDA:29,3,1,0
BRDA:29,3,2,0
BRF:9
BRH:0
end_of_record
TN:
SF:src/app/layout.tsx
FN:16,RootLayout
FNF:1
FNH:0
FNDA:0,RootLayout
DA:9,0
DA:11,0
DA:21,0
LF:3
LH:0
BRF:0
BRH:0
end_of_record
TN:
SF:src/app/not-found.tsx
FN:3,NotFound
FNF:1
FNH:0
FNDA:0,NotFound
DA:4,0
LF:1
LH:0
BRF:0
BRH:0
end_of_record
TN:
SF:src/app/page.tsx
FN:6,Home
FN:71,(anonymous_1)
FN:130,(anonymous_2)
FNF:3
FNH:0
FNDA:0,Home
FNDA:0,(anonymous_1)
FNDA:0,(anonymous_2)
DA:7,0
DA:9,0
DA:72,0
DA:131,0
LF:4
LH:0
BRF:0
BRH:0
end_of_record
TN:
SF:src/app/admin/page.tsx
FN:8,AdminDashboard
FN:14,(anonymous_1)
FNF:2
FNH:0
FNDA:0,AdminDashboard
FNDA:0,(anonymous_1)
DA:9,0
DA:10,0
DA:11,0
DA:12,0
DA:14,0
DA:16,0
DA:17,0
DA:18,0
DA:23,0
DA:24,0
DA:27,0
DA:30,0
DA:31,0
DA:40,0
DA:41,0
DA:59,0
LF:16
LH:0
BRDA:16,0,0,0
BRDA:16,0,1,0
BRDA:23,1,0,0
BRDA:23,1,1,0
BRDA:23,2,0,0
BRDA:23,2,1,0
BRDA:30,3,0,0
BRDA:30,3,1,0
BRDA:40,4,0,0
BRDA:40,4,1,0
BRF:10
BRH:0
end_of_record
TN:
SF:src/app/admin/products/page.tsx
FN:22,AdminProducts
FN:30,(anonymous_1)
FN:43,(anonymous_2)
FN:62,(anonymous_3)
FN:78,(anonymous_4)
FN:160,(anonymous_5)
FN:226,(anonymous_6)
FNF:7
FNH:0
FNDA:0,AdminProducts
FNDA:0,(anonymous_1)
FNDA:0,(anonymous_2)
FNDA:0,(anonymous_3)
FNDA:0,(anonymous_4)
FNDA:0,(anonymous_5)
FNDA:0,(anonymous_6)
DA:23,0
DA:24,0
DA:25,0
DA:26,0
DA:27,0
DA:28,0
DA:30,0
DA:32,0
DA:33,0
DA:34,0
DA:38,0
DA:39,0
DA:43,0
DA:44,0
DA:45,0
DA:46,0
DA:48,0
DA:49,0
DA:52,0
DA:53,0
DA:55,0
DA:56,0
DA:58,0
DA:62,0
DA:63,0
DA:64,0
DA:67,0
DA:68,0
DA:69,0
DA:73,0
DA:74,0
DA:78,0
DA:80,0
DA:81,0
DA:83,0
DA:87,0
DA:88,0
DA:97,0
DA:161,0
DA:226,0
LF:40
LH:0
BRDA:32,0,0,0
BRDA:32,0,1,0
BRDA:38,1,0,0
BRDA:38,1,1,0
BRDA:48,2,0,0
BRDA:48,2,1,0
BRDA:53,3,0,0
BRDA:53,3,1,0
BRDA:63,4,0,0
BRDA:63,4,1,0
BRDA:73,5,0,0
BRDA:73,5,1,0
BRDA:87,6,0,0
BRDA:87,6,1,0
BRDA:117,7,0,0
BRDA:117,7,1,0
BRDA:123,8,0,0
BRDA:123,8,1,0
BRDA:165,9,0,0
BRDA:165,9,1,0
BRDA:165,10,0,0
BRDA:165,10,1,0
BRDA:190,11,0,0
BRDA:190,11,1,0
BRDA:192,12,0,0
BRDA:192,12,1,0
BRDA:205,13,0,0
BRDA:205,13,1,0
BRDA:207,14,0,0
BRDA:207,14,1,0
BRDA:228,15,0,0
BRDA:228,15,1,0
BRDA:230,16,0,0
BRDA:230,16,1,0
BRF:34
BRH:0
end_of_record
TN:
SF:src/app/admin/products/create/page.tsx
FN:21,CreateProduct
FN:49,(anonymous_1)
FN:99,(anonymous_2)
FN:100,(anonymous_3)
FN:103,(anonymous_4)
FN:116,(anonymous_5)
FN:117,(anonymous_6)
FN:277,(anonymous_7)
FN:350,(anonymous_8)
FN:363,(anonymous_9)
FN:396,convertFileToBase64
FN:397,(anonymous_11)
FN:400,(anonymous_12)
FN:401,(anonymous_13)
FNF:14
FNH:0
FNDA:0,CreateProduct
FNDA:0,(anonymous_1)
FNDA:0,(anonymous_2)
FNDA:0,(anonymous_3)
FNDA:0,(anonymous_4)
FNDA:0,(anonymous_5)
FNDA:0,(anonymous_6)
FNDA:0,(anonymous_7)
FNDA:0,(anonymous_8)
FNDA:0,(anonymous_9)
FNDA:0,convertFileToBase64
FNDA:0,(anonymous_11)
FNDA:0,(anonymous_12)
FNDA:0,(anonymous_13)
DA:22,0
DA:23,0
DA:24,0
DA:25,0
DA:26,0
DA:27,0
DA:28,0
DA:30,0
DA:44,0
DA:45,0
DA:46,0
DA:49,0
DA:50,0
DA:51,0
DA:53,0
DA:54,0
DA:56,0
DA:57,0
DA:59,0
DA:60,0
DA:61,0
DA:64,0
DA:67,0
DA:78,0
DA:79,0
DA:82,0
DA:83,0
DA:86,0
DA:89,0
DA:91,0
DA:92,0
DA:94,0
DA:95,0
DA:99,0
DA:100,0
DA:103,0
DA:104,0
DA:105,0
DA:106,0
DA:109,0
DA:110,0
DA:112,0
DA:114,0
DA:116,0
DA:117,0
DA:120,0
DA:132,0
DA:133,0
DA:136,0
DA:139,0
DA:141,0
DA:142,0
DA:144,0
DA:148,0
DA:278,0
DA:351,0
DA:363,0
DA:397,0
DA:398,0
DA:399,0
DA:400,0
DA:401,0
LF:62
LH:0
BRDA:44,0,0,0
BRDA:44,0,1,0
BRDA:51,1,0,0
BRDA:51,1,1,0
BRDA:51,2,0,0
BRDA:51,2,1,0
BRDA:78,3,0,0
BRDA:78,3,1,0
BRDA:104,4,0,0
BRDA:104,4,1,0
BRDA:132,5,0,0
BRDA:132,5,1,0
BRDA:160,6,0,0
BRDA:160,6,1,0
BRDA:179,7,0,0
BRDA:179,7,1,0
BRDA:181,8,0,0
BRDA:181,8,1,0
BRDA:199,9,0,0
BRDA:199,9,1,0
BRDA:201,10,0,0
BRDA:201,10,1,0
BRDA:218,11,0,0
BRDA:218,11,1,0
BRDA:220,12,0,0
BRDA:220,12,1,0
BRDA:231,13,0,0
BRDA:231,13,1,0
BRDA:238,14,0,0
BRDA:238,14,1,0
BRDA:249,15,0,0
BRDA:249,15,1,0
BRDA:256,16,0,0
BRDA:256,16,1,0
BRDA:302,17,0,0
BRDA:302,17,1,0
BRDA:304,18,0,0
BRDA:304,18,1,0
BRDA:332,19,0,0
BRDA:332,19,1,0
BRDA:344,20,0,0
BRDA:344,20,1,0
BRDA:347,21,0,0
BRDA:347,21,1,0
BRDA:381,22,0,0
BRDA:381,22,1,0
BRDA:383,23,0,0
BRDA:383,23,1,0
BRDA:383,24,0,0
BRDA:383,24,1,0
BRDA:386,25,0,0
BRDA:386,25,1,0
BRF:52
BRH:0
end_of_record
TN:
SF:src/app/admin/products/edit/[id]/page.tsx
FN:29,EditProduct
FN:54,(anonymous_1)
FN:65,(anonymous_2)
FN:107,(anonymous_3)
FN:157,(anonymous_4)
FN:158,(anonymous_5)
FN:161,(anonymous_6)
FN:174,(anonymous_7)
FN:175,(anonymous_8)
FN:359,(anonymous_9)
FN:432,(anonymous_10)
FN:445,(anonymous_11)
FN:484,convertFileToBase64
FN:485,(anonymous_13)
FN:488,(anonymous_14)
FN:489,(anonymous_15)
FNF:16
FNH:0
FNDA:0,EditProduct
FNDA:0,(anonymous_1)
FNDA:0,(anonymous_2)
FNDA:0,(anonymous_3)
FNDA:0,(anonymous_4)
FNDA:0,(anonymous_5)
FNDA:0,(anonymous_6)
FNDA:0,(anonymous_7)
FNDA:0,(anonymous_8)
FNDA:0,(anonymous_9)
FNDA:0,(anonymous_10)
FNDA:0,(anonymous_11)
FNDA:0,convertFileToBase64
FNDA:0,(anonymous_13)
FNDA:0,(anonymous_14)
FNDA:0,(anonymous_15)
DA:30,0
DA:31,0
DA:32,0
DA:33,0
DA:34,0
DA:35,0
DA:36,0
DA:37,0
DA:38,0
DA:40,0
DA:54,0
DA:55,0
DA:56,0
DA:57,0
DA:60,0
DA:61,0
DA:65,0
DA:66,0
DA:67,0
DA:68,0
DA:70,0
DA:71,0
DA:74,0
DA:75,0
DA:77,0
DA:78,0
DA:81,0
DA:82,0
DA:85,0
DA:88,0
DA:100,0
DA:101,0
DA:103,0
DA:107,0
DA:108,0
DA:109,0
DA:111,0
DA:112,0
DA:114,0
DA:115,0
DA:117,0
DA:118,0
DA:119,0
DA:122,0
DA:125,0
DA:136,0
DA:137,0
DA:140,0
DA:141,0
DA:144,0
DA:147,0
DA:149,0
DA:150,0
DA:152,0
DA:153,0
DA:157,0
DA:158,0
DA:161,0
DA:162,0
DA:163,0
DA:164,0
DA:167,0
DA:168,0
DA:170,0
DA:172,0
DA:174,0
DA:175,0
DA:178,0
DA:190,0
DA:191,0
DA:195,0
DA:197,0
DA:198,0
DA:200,0
DA:204,0
DA:205,0
DA:214,0
DA:215,0
DA:230,0
DA:360,0
DA:433,0
DA:445,0
DA:485,0
DA:486,0
DA:487,0
DA:488,0
DA:489,0
LF:87
LH:0
BRDA:55,0,0,0
BRDA:55,0,1,0
BRDA:60,1,0,0
BRDA:60,1,1,0
BRDA:60,2,0,0
BRDA:60,2,1,0
BRDA:70,3,0,0
BRDA:70,3,1,0
BRDA:77,4,0,0
BRDA:77,4,1,0
BRDA:82,5,0,0
BRDA:82,5,1,0
BRDA:85,6,0,0
BRDA:85,6,1,0
BRDA:109,7,0,0
BRDA:109,7,1,0
BRDA:109,8,0,0
BRDA:109,8,1,0
BRDA:136,9,0,0
BRDA:136,9,1,0
BRDA:162,10,0,0
BRDA:162,10,1,0
BRDA:190,11,0,0
BRDA:190,11,1,0
BRDA:204,12,0,0
BRDA:204,12,1,0
BRDA:214,13,0,0
BRDA:214,13,1,0
BRDA:242,14,0,0
BRDA:242,14,1,0
BRDA:261,15,0,0
BRDA:261,15,1,0
BRDA:263,16,0,0
BRDA:263,16,1,0
BRDA:281,17,0,0
BRDA:281,17,1,0
BRDA:283,18,0,0
BRDA:283,18,1,0
BRDA:300,19,0,0
BRDA:300,19,1,0
BRDA:302,20,0,0
BRDA:302,20,1,0
BRDA:313,21,0,0
BRDA:313,21,1,0
BRDA:320,22,0,0
BRDA:320,22,1,0
BRDA:331,23,0,0
BRDA:331,23,1,0
BRDA:338,24,0,0
BRDA:338,24,1,0
BRDA:384,25,0,0
BRDA:384,25,1,0
BRDA:386,26,0,0
BRDA:386,26,1,0
BRDA:414,27,0,0
BRDA:414,27,1,0
BRDA:426,28,0,0
BRDA:426,28,1,0
BRDA:429,29,0,0
BRDA:429,29,1,0
BRDA:469,30,0,0
BRDA:469,30,1,0
BRDA:471,31,0,0
BRDA:471,31,1,0
BRDA:471,32,0,0
BRDA:471,32,1,0
BRDA:474,33,0,0
BRDA:474,33,1,0
BRF:68
BRH:0
end_of_record
TN:
SF:src/app/api/auth/[...nextauth]/route.ts
FNF:0
FNH:0
DA:4,0
LF:1
LH:0
BRF:0
BRH:0
end_of_record
TN:
SF:src/app/api/auth/forgot-password/route.ts
FN:11,POST
FN:62,sendPasswordResetEmail
FNF:2
FNH:2
FNDA:2,POST
FNDA:1,sendPasswordResetEmail
DA:7,1
DA:12,2
DA:13,2
DA:14,2
DA:17,2
DA:22,2
DA:23,1
DA:30,1
DA:31,1
DA:34,1
DA:43,1
DA:45,1
DA:50,0
DA:51,0
DA:54,0
DA:55,0
DA:63,1
DA:65,1
DA:75,1
LF:19
LH:15
BRDA:22,0,0,1
BRDA:22,0,1,1
BRDA:50,1,0,0
BRDA:50,1,1,0
BRF:4
BRH:2
end_of_record
TN:
SF:src/app/api/auth/register/route.ts
FN:13,POST
FN:105,sendVerificationEmail
FNF:2
FNH:1
FNDA:4,POST
FNDA:0,sendVerificationEmail
DA:7,1
DA:14,4
DA:15,4
DA:16,4
DA:17,4
DA:19,4
DA:20,3
DA:23,3
DA:27,3
DA:28,1
DA:29,1
DA:36,2
DA:39,2
DA:42,2
DA:43,2
DA:44,2
DA:52,1
DA:55,1
DA:56,1
DA:57,1
DA:63,0
DA:64,0
DA:65,0
DA:66,0
DA:68,0
DA:73,1
DA:83,1
DA:84,1
DA:87,2
DA:88,1
DA:89,1
DA:92,1
DA:94,1
DA:98,1
DA:106,0
DA:108,0
DA:118,0
LF:37
LH:29
BRDA:27,0,0,1
BRDA:27,0,1,2
BRDA:55,1,0,1
BRDA:55,1,1,0
BRDA:87,2,0,1
BRDA:87,2,1,1
BRDA:94,3,0,1
BRDA:94,3,1,0
BRF:8
BRH:6
end_of_record
TN:
SF:src/app/api/auth/reset-password/route.ts
FN:11,POST
FNF:1
FNH:1
FNDA:4,POST
DA:6,1
DA:12,4
DA:13,4
DA:14,4
DA:17,3
DA:26,3
DA:27,3
DA:34,0
DA:37,0
DA:46,0
DA:51,1
DA:52,1
DA:55,0
DA:56,0
LF:14
LH:9
BRDA:26,0,0,3
BRDA:26,0,1,0
BRDA:51,1,0,1
BRDA:51,1,1,0
BRF:4
BRH:2
end_of_record
TN:
SF:src/app/api/auth/signin-after-register/route.ts
FN:16,POST
FNF:1
FNH:0
FNDA:0,POST
DA:11,0
DA:17,0
DA:19,0
DA:20,0
DA:23,0
DA:27,0
DA:28,0
DA:35,0
DA:36,0
DA:37,0
DA:44,0
DA:45,0
DA:52,0
DA:62,0
DA:63,0
DA:65,0
DA:75,0
DA:84,0
DA:86,0
DA:87,0
DA:93,0
LF:21
LH:0
BRDA:27,0,0,0
BRDA:27,0,1,0
BRDA:27,1,0,0
BRDA:27,1,1,0
BRDA:36,2,0,0
BRDA:36,2,1,0
BRDA:44,3,0,0
BRDA:44,3,1,0
BRDA:58,4,0,0
BRDA:58,4,1,0
BRDA:66,5,0,0
BRDA:66,5,1,0
BRDA:86,6,0,0
BRDA:86,6,1,0
BRF:14
BRH:0
end_of_record
TN:
SF:src/app/api/auth/verify-email/route.ts
FN:9,POST
FN:73,GET
FNF:2
FNH:1
FNDA:3,POST
FNDA:0,GET
DA:5,1
DA:10,3
DA:11,3
DA:12,3
DA:13,3
DA:15,3
DA:16,3
DA:19,3
DA:25,3
DA:26,2
DA:27,2
DA:33,1
DA:36,1
DA:37,1
DA:44,1
DA:46,0
DA:47,0
DA:50,1
DA:55,0
DA:56,0
DA:57,0
DA:60,0
DA:61,0
DA:65,0
DA:74,0
DA:75,0
DA:76,0
DA:77,0
DA:79,0
DA:80,0
DA:81,0
DA:85,0
DA:91,0
DA:92,0
DA:93,0
DA:96,0
DA:99,0
DA:100,0
DA:107,0
DA:109,0
DA:110,0
DA:114,0
DA:116,0
DA:117,0
LF:44
LH:16
BRDA:25,0,0,2
BRDA:25,0,1,1
BRDA:55,1,0,0
BRDA:55,1,1,0
BRDA:61,2,0,0
BRDA:61,2,1,0
BRDA:79,3,0,0
BRDA:79,3,1,0
BRDA:91,4,0,0
BRDA:91,4,1,0
BRF:10
BRH:2
end_of_record
TN:
SF:src/app/api/orders/route.ts
FN:6,POST
FN:33,(anonymous_1)
FN:68,(anonymous_2)
FN:99,GET
FNF:4
FNH:0
FNDA:0,POST
FNDA:0,(anonymous_1)
FNDA:0,(anonymous_2)
FNDA:0,GET
DA:8,0
DA:10,0
DA:11,0
DA:14,0
DA:15,0
DA:16,0
DA:18,0
DA:19,0
DA:23,0
DA:27,0
DA:28,0
DA:32,0
DA:34,0
DA:39,0
DA:42,0
DA:44,0
DA:57,0
DA:61,0
DA:68,0
DA:80,0
DA:91,0
DA:92,0
DA:101,0
DA:103,0
DA:104,0
DA:107,0
DA:109,0
DA:113,0
DA:114,0
DA:118,0
DA:128,0
DA:131,0
DA:132,0
LF:33
LH:0
BRDA:10,0,0,0
BRDA:10,0,1,0
BRDA:18,1,0,0
BRDA:18,1,1,0
BRDA:18,2,0,0
BRDA:18,2,1,0
BRDA:27,3,0,0
BRDA:27,3,1,0
BRDA:42,4,0,0
BRDA:42,4,1,0
BRDA:42,5,0,0
BRDA:42,5,1,0
BRDA:42,5,2,0
BRDA:103,6,0,0
BRDA:103,6,1,0
BRDA:113,7,0,0
BRDA:113,7,1,0
BRF:17
BRH:0
end_of_record
TN:
SF:src/app/api/payments/create-intent/route.ts
FN:7,POST
FN:34,(anonymous_1)
FN:46,(anonymous_2)
FNF:3
FNH:0
FNDA:0,POST
FNDA:0,(anonymous_1)
FNDA:0,(anonymous_2)
DA:9,0
DA:11,0
DA:12,0
DA:15,0
DA:16,0
DA:17,0
DA:19,0
DA:20,0
DA:24,0
DA:28,0
DA:29,0
DA:33,0
DA:35,0
DA:40,0
DA:46,0
DA:63,0
DA:68,0
DA:69,0
LF:18
LH:0
BRDA:11,0,0,0
BRDA:11,0,1,0
BRDA:19,1,0,0
BRDA:19,1,1,0
BRDA:19,2,0,0
BRDA:19,2,1,0
BRDA:28,3,0,0
BRDA:28,3,1,0
BRDA:45,4,0,0
BRDA:45,4,1,0
BRDA:51,5,0,0
BRDA:51,5,1,0
BRDA:52,6,0,0
BRDA:52,6,1,0
BRF:14
BRH:0
end_of_record
TN:
SF:src/app/api/payments/webhook/route.ts
FN:10,getBodyAsString
FN:23,(anonymous_1)
FN:35,POST
FN:88,handlePaymentSucceeded
FN:101,(anonymous_4)
FN:135,(anonymous_5)
FN:149,handlePaymentFailed
FNF:7
FNH:0
FNDA:0,getBodyAsString
FNDA:0,(anonymous_1)
FNDA:0,POST
FNDA:0,handlePaymentSucceeded
FNDA:0,(anonymous_4)
FNDA:0,(anonymous_5)
FNDA:0,handlePaymentFailed
DA:8,0
DA:11,0
DA:12,0
DA:14,0
DA:16,0
DA:17,0
DA:18,0
DA:19,0
DA:22,0
DA:23,0
DA:26,0
DA:27,0
DA:28,0
DA:29,0
DA:32,0
DA:36,0
DA:37,0
DA:38,0
DA:39,0
DA:41,0
DA:42,0
DA:50,0
DA:51,0
DA:57,0
DA:58,0
DA:65,0
DA:67,0
DA:68,0
DA:71,0
DA:72,0
DA:77,0
DA:80,0
DA:81,0
DA:89,0
DA:90,0
DA:91,0
DA:92,0
DA:95,0
DA:97,0
DA:100,0
DA:102,0
DA:107,0
DA:109,0
DA:111,0
DA:124,0
DA:128,0
DA:135,0
DA:145,0
DA:151,0
LF:49
LH:0
BRDA:12,0,0,0
BRDA:12,0,1,0
BRDA:18,1,0,0
BRDA:18,1,1,0
BRDA:39,2,0,0
BRDA:39,2,1,0
BRDA:41,3,0,0
BRDA:41,3,1,0
BRDA:65,4,0,0
BRDA:65,4,1,0
BRDA:90,5,0,0
BRDA:90,5,1,0
BRDA:90,6,0,0
BRDA:90,6,1,0
BRDA:90,6,2,0
BRDA:109,7,0,0
BRDA:109,7,1,0
BRDA:109,8,0,0
BRDA:109,8,1,0
BRDA:114,9,0,0
BRDA:114,9,1,0
BRDA:115,10,0,0
BRDA:115,10,1,0
BRDA:116,11,0,0
BRDA:116,11,1,0
BRDA:117,12,0,0
BRDA:117,12,1,0
BRDA:118,13,0,0
BRDA:118,13,1,0
BRDA:119,14,0,0
BRDA:119,14,1,0
BRDA:133,15,0,0
BRDA:133,15,1,0
BRF:33
BRH:0
end_of_record
TN:
SF:src/app/api/products/route.ts
FN:9,mapDatabaseProductToAppProduct
FN:37,GET
FN:138,POST
FNF:3
FNH:0
FNDA:0,mapDatabaseProductToAppProduct
FNDA:0,GET
FNDA:0,POST
DA:10,0
DA:38,0
DA:39,0
DA:42,0
DA:43,0
DA:44,0
DA:45,0
DA:46,0
DA:47,0
DA:50,0
DA:55,0
DA:56,0
DA:59,0
DA:60,0
DA:64,0
DA:65,0
DA:69,0
DA:70,0
DA:89,0
DA:90,0
DA:99,0
DA:100,0
DA:104,0
DA:124,0
DA:129,0
DA:130,0
DA:140,0
DA:142,0
DA:143,0
DA:146,0
DA:147,0
DA:158,0
DA:161,0
DA:162,0
DA:169,0
DA:173,0
DA:174,0
DA:178,0
DA:193,0
DA:199,0
DA:200,0
LF:41
LH:0
BRDA:15,0,0,0
BRDA:15,0,1,0
BRDA:24,1,0,0
BRDA:24,1,1,0
BRDA:30,2,0,0
BRDA:30,2,1,0
BRDA:44,3,0,0
BRDA:44,3,1,0
BRDA:45,4,0,0
BRDA:45,4,1,0
BRDA:55,5,0,0
BRDA:55,5,1,0
BRDA:59,6,0,0
BRDA:59,6,1,0
BRDA:64,7,0,0
BRDA:64,7,1,0
BRDA:69,8,0,0
BRDA:69,8,1,0
BRDA:69,9,0,0
BRDA:69,9,1,0
BRDA:74,10,0,0
BRDA:74,10,1,0
BRDA:75,11,0,0
BRDA:75,11,1,0
BRDA:81,12,0,0
BRDA:81,12,1,0
BRDA:82,13,0,0
BRDA:82,13,1,0
BRDA:89,14,0,0
BRDA:89,14,1,0
BRDA:99,15,0,0
BRDA:99,15,1,0
BRDA:142,16,0,0
BRDA:142,16,1,0
BRDA:161,17,0,0
BRDA:161,17,1,0
BRDA:161,18,0,0
BRDA:161,18,1,0
BRDA:161,18,2,0
BRDA:161,18,3,0
BRDA:161,18,4,0
BRDA:161,18,5,0
BRDA:173,19,0,0
BRDA:173,19,1,0
BRDA:183,20,0,0
BRDA:183,20,1,0
BRDA:187,21,0,0
BRDA:187,21,1,0
BRDA:188,22,0,0
BRDA:188,22,1,0
BRF:50
BRH:0
end_of_record
TN:
SF:src/app/api/products/[id]/route.ts
FN:8,mapDatabaseProductToAppProduct
FN:36,GET
FN:78,PUT
FN:167,DELETE
FNF:4
FNH:0
FNDA:0,mapDatabaseProductToAppProduct
FNDA:0,GET
FNDA:0,PUT
FNDA:0,DELETE
DA:9,0
DA:40,0
DA:42,0
DA:43,0
DA:60,0
DA:61,0
DA:64,0
DA:69,0
DA:70,0
DA:83,0
DA:85,0
DA:86,0
DA:89,0
DA:91,0
DA:92,0
DA:95,0
DA:99,0
DA:100,0
DA:104,0
DA:108,0
DA:109,0
DA:114,0
DA:115,0
DA:129,0
DA:132,0
DA:134,0
DA:135,0
DA:136,0
DA:137,0
DA:138,0
DA:140,0
DA:141,0
DA:142,0
DA:143,0
DA:144,0
DA:147,0
DA:152,0
DA:158,0
DA:159,0
DA:172,0
DA:174,0
DA:175,0
DA:178,0
DA:180,0
DA:182,0
DA:186,0
DA:187,0
DA:191,0
DA:195,0
DA:196,0
DA:201,0
DA:202,0
DA:206,0
DA:210,0
DA:216,0
DA:217,0
LF:56
LH:0
BRDA:14,0,0,0
BRDA:14,0,1,0
BRDA:23,1,0,0
BRDA:23,1,1,0
BRDA:29,2,0,0
BRDA:29,2,1,0
BRDA:60,3,0,0
BRDA:60,3,1,0
BRDA:85,4,0,0
BRDA:85,4,1,0
BRDA:99,5,0,0
BRDA:99,5,1,0
BRDA:108,6,0,0
BRDA:108,6,1,0
BRDA:114,7,0,0
BRDA:114,7,1,0
BRDA:134,8,0,0
BRDA:134,8,1,0
BRDA:135,9,0,0
BRDA:135,9,1,0
BRDA:136,10,0,0
BRDA:136,10,1,0
BRDA:137,11,0,0
BRDA:137,11,1,0
BRDA:138,12,0,0
BRDA:138,12,1,0
BRDA:140,13,0,0
BRDA:140,13,1,0
BRDA:141,14,0,0
BRDA:141,14,1,0
BRDA:142,15,0,0
BRDA:142,15,1,0
BRDA:143,16,0,0
BRDA:143,16,1,0
BRDA:144,17,0,0
BRDA:144,17,1,0
BRDA:174,18,0,0
BRDA:174,18,1,0
BRDA:186,19,0,0
BRDA:186,19,1,0
BRDA:195,20,0,0
BRDA:195,20,1,0
BRDA:201,21,0,0
BRDA:201,21,1,0
BRF:44
BRH:0
end_of_record
TN:
SF:src/app/api/reviews/product/[id]/route.ts
FN:14,GET
FN:54,POST
FNF:2
FNH:0
FNDA:0,GET
FNDA:0,POST
DA:8,0
DA:18,0
DA:19,0
DA:22,0
DA:26,0
DA:27,0
DA:34,0
DA:43,0
DA:45,0
DA:46,0
DA:58,0
DA:59,0
DA:62,0
DA:63,0
DA:69,0
DA:72,0
DA:76,0
DA:77,0
DA:84,0
DA:85,0
DA:87,0
DA:88,0
DA:94,0
DA:97,0
DA:104,0
DA:105,0
DA:112,0
DA:122,0
DA:124,0
DA:125,0
LF:30
LH:0
BRDA:26,0,0,0
BRDA:26,0,1,0
BRDA:62,1,0,0
BRDA:62,1,1,0
BRDA:62,2,0,0
BRDA:62,2,1,0
BRDA:76,3,0,0
BRDA:76,3,1,0
BRDA:87,4,0,0
BRDA:87,4,1,0
BRDA:104,5,0,0
BRDA:104,5,1,0
BRDA:118,6,0,0
BRDA:118,6,1,0
BRF:14
BRH:0
end_of_record
TN:
SF:src/app/api/reviews/product/[id]/[reviewId]/route.ts
FN:14,GET
FN:47,PATCH
FN:122,DELETE
FNF:3
FNH:0
FNDA:0,GET
FNDA:0,PATCH
FNDA:0,DELETE
DA:8,0
DA:18,0
DA:19,0
DA:22,0
DA:29,0
DA:30,0
DA:36,0
DA:38,0
DA:39,0
DA:51,0
DA:52,0
DA:55,0
DA:56,0
DA:62,0
DA:65,0
DA:72,0
DA:73,0
DA:80,0
DA:81,0
DA:88,0
DA:89,0
DA:91,0
DA:92,0
DA:98,0
DA:101,0
DA:111,0
DA:113,0
DA:114,0
DA:126,0
DA:127,0
DA:130,0
DA:131,0
DA:137,0
DA:140,0
DA:147,0
DA:148,0
DA:155,0
DA:156,0
DA:163,0
DA:169,0
DA:171,0
DA:172,0
LF:42
LH:0
BRDA:29,0,0,0
BRDA:29,0,1,0
BRDA:55,1,0,0
BRDA:55,1,1,0
BRDA:55,2,0,0
BRDA:55,2,1,0
BRDA:72,3,0,0
BRDA:72,3,1,0
BRDA:80,4,0,0
BRDA:80,4,1,0
BRDA:91,5,0,0
BRDA:91,5,1,0
BRDA:106,6,0,0
BRDA:106,6,1,0
BRDA:107,7,0,0
BRDA:107,7,1,0
BRDA:130,8,0,0
BRDA:130,8,1,0
BRDA:130,9,0,0
BRDA:130,9,1,0
BRDA:147,10,0,0
BRDA:147,10,1,0
BRDA:155,11,0,0
BRDA:155,11,1,0
BRF:24
BRH:0
end_of_record
TN:
SF:src/app/api/reviews/seller/[id]/route.ts
FN:14,GET
FN:57,POST
FN:147,(anonymous_2)
FNF:3
FNH:0
FNDA:0,GET
FNDA:0,POST
FNDA:0,(anonymous_2)
DA:8,0
DA:18,0
DA:19,0
DA:22,0
DA:29,0
DA:30,0
DA:37,0
DA:46,0
DA:48,0
DA:49,0
DA:61,0
DA:62,0
DA:65,0
DA:66,0
DA:72,0
DA:75,0
DA:83,0
DA:84,0
DA:91,0
DA:92,0
DA:99,0
DA:100,0
DA:102,0
DA:103,0
DA:109,0
DA:112,0
DA:119,0
DA:120,0
DA:127,0
DA:138,0
DA:147,0
DA:148,0
DA:149,0
DA:151,0
DA:161,0
DA:163,0
DA:164,0
LF:37
LH:0
BRDA:29,0,0,0
BRDA:29,0,1,0
BRDA:65,1,0,0
BRDA:65,1,1,0
BRDA:65,2,0,0
BRDA:65,2,1,0
BRDA:83,3,0,0
BRDA:83,3,1,0
BRDA:91,4,0,0
BRDA:91,4,1,0
BRDA:102,5,0,0
BRDA:102,5,1,0
BRDA:119,6,0,0
BRDA:119,6,1,0
BRDA:133,7,0,0
BRDA:133,7,1,0
BRF:16
BRH:0
end_of_record
TN:
SF:src/app/api/reviews/seller/[id]/[reviewId]/route.ts
FN:14,GET
FN:47,PATCH
FN:121,(anonymous_2)
FN:146,DELETE
FN:204,(anonymous_4)
FNF:5
FNH:0
FNDA:0,GET
FNDA:0,PATCH
FNDA:0,(anonymous_2)
FNDA:0,DELETE
FNDA:0,(anonymous_4)
DA:8,0
DA:18,0
DA:19,0
DA:22,0
DA:29,0
DA:30,0
DA:36,0
DA:38,0
DA:39,0
DA:51,0
DA:52,0
DA:55,0
DA:56,0
DA:62,0
DA:65,0
DA:72,0
DA:73,0
DA:80,0
DA:81,0
DA:88,0
DA:89,0
DA:91,0
DA:92,0
DA:98,0
DA:101,0
DA:112,0
DA:121,0
DA:122,0
DA:123,0
DA:125,0
DA:135,0
DA:137,0
DA:138,0
DA:150,0
DA:151,0
DA:154,0
DA:155,0
DA:161,0
DA:164,0
DA:171,0
DA:172,0
DA:179,0
DA:180,0
DA:187,0
DA:194,0
DA:203,0
DA:204,0
DA:205,0
DA:206,0
DA:208,0
DA:219,0
DA:230,0
DA:232,0
DA:233,0
LF:54
LH:0
BRDA:29,0,0,0
BRDA:29,0,1,0
BRDA:55,1,0,0
BRDA:55,1,1,0
BRDA:55,2,0,0
BRDA:55,2,1,0
BRDA:72,3,0,0
BRDA:72,3,1,0
BRDA:80,4,0,0
BRDA:80,4,1,0
BRDA:91,5,0,0
BRDA:91,5,1,0
BRDA:106,6,0,0
BRDA:106,6,1,0
BRDA:107,7,0,0
BRDA:107,7,1,0
BRDA:154,8,0,0
BRDA:154,8,1,0
BRDA:154,9,0,0
BRDA:154,9,1,0
BRDA:171,10,0,0
BRDA:171,10,1,0
BRDA:179,11,0,0
BRDA:179,11,1,0
BRDA:203,12,0,0
BRDA:203,12,1,0
BRF:26
BRH:0
end_of_record
TN:
SF:src/app/api/reviews/user/route.ts
FN:7,GET
FNF:1
FNH:0
FNDA:0,GET
DA:8,0
DA:9,0
DA:12,0
DA:13,0
DA:20,0
DA:46,0
DA:48,0
DA:49,0
LF:8
LH:0
BRDA:12,0,0,0
BRDA:12,0,1,0
BRDA:12,1,0,0
BRDA:12,1,1,0
BRF:4
BRH:0
end_of_record
TN:
SF:src/app/api/seller/products/route.ts
FN:20,GET
FN:46,(anonymous_1)
FN:73,POST
FNF:3
FNH:0
FNDA:0,GET
FNDA:0,(anonymous_1)
FNDA:0,POST
DA:8,0
DA:22,0
DA:24,0
DA:25,0
DA:28,0
DA:30,0
DA:35,0
DA:36,0
DA:40,0
DA:46,0
DA:62,0
DA:64,0
DA:65,0
DA:75,0
DA:77,0
DA:78,0
DA:81,0
DA:83,0
DA:88,0
DA:89,0
DA:92,0
DA:93,0
DA:97,0
DA:98,0
DA:100,0
DA:101,0
DA:116,0
DA:119,0
DA:134,0
DA:152,0
DA:153,0
LF:31
LH:0
BRDA:24,0,0,0
BRDA:24,0,1,0
BRDA:35,1,0,0
BRDA:35,1,1,0
BRDA:51,2,0,0
BRDA:51,2,1,0
BRDA:77,3,0,0
BRDA:77,3,1,0
BRDA:88,4,0,0
BRDA:88,4,1,0
BRDA:92,5,0,0
BRDA:92,5,1,0
BRDA:100,6,0,0
BRDA:100,6,1,0
BRDA:124,7,0,0
BRDA:124,7,1,0
BRDA:141,8,0,0
BRDA:141,8,1,0
BRF:18
BRH:0
end_of_record
TN:
SF:src/app/api/seller/products/[id]/route.ts
FN:7,DELETE
FN:61,GET
FN:127,PUT
FNF:3
FNH:0
FNDA:0,DELETE
FNDA:0,GET
FNDA:0,PUT
DA:11,0
DA:14,0
DA:16,0
DA:17,0
DA:20,0
DA:22,0
DA:27,0
DA:28,0
DA:32,0
DA:37,0
DA:38,0
DA:41,0
DA:42,0
DA:46,0
DA:50,0
DA:52,0
DA:53,0
DA:65,0
DA:68,0
DA:70,0
DA:71,0
DA:74,0
DA:76,0
DA:81,0
DA:82,0
DA:86,0
DA:90,0
DA:91,0
DA:95,0
DA:96,0
DA:100,0
DA:116,0
DA:118,0
DA:119,0
DA:131,0
DA:134,0
DA:136,0
DA:137,0
DA:140,0
DA:142,0
DA:147,0
DA:148,0
DA:151,0
DA:152,0
DA:156,0
DA:161,0
DA:162,0
DA:165,0
DA:166,0
DA:170,0
DA:173,0
DA:189,0
DA:205,0
DA:207,0
DA:208,0
LF:55
LH:0
BRDA:16,0,0,0
BRDA:16,0,1,0
BRDA:27,1,0,0
BRDA:27,1,1,0
BRDA:37,2,0,0
BRDA:37,2,1,0
BRDA:41,3,0,0
BRDA:41,3,1,0
BRDA:70,4,0,0
BRDA:70,4,1,0
BRDA:81,5,0,0
BRDA:81,5,1,0
BRDA:90,6,0,0
BRDA:90,6,1,0
BRDA:95,7,0,0
BRDA:95,7,1,0
BRDA:105,8,0,0
BRDA:105,8,1,0
BRDA:136,9,0,0
BRDA:136,9,1,0
BRDA:147,10,0,0
BRDA:147,10,1,0
BRDA:151,11,0,0
BRDA:151,11,1,0
BRDA:161,12,0,0
BRDA:161,12,1,0
BRDA:165,13,0,0
BRDA:165,13,1,0
BRDA:179,14,0,0
BRDA:179,14,1,0
BRDA:194,15,0,0
BRDA:194,15,1,0
BRF:32
BRH:0
end_of_record
TN:
SF:src/app/api/seller/register/route.ts
FN:21,POST
FNF:1
FNH:0
FNDA:0,POST
DA:7,0
DA:22,0
DA:23,0
DA:25,0
DA:26,0
DA:32,0
DA:33,0
DA:36,0
DA:46,0
DA:47,0
DA:58,0
DA:63,0
DA:80,0
DA:88,0
DA:89,0
DA:92,0
DA:93,0
LF:17
LH:0
BRDA:25,0,0,0
BRDA:25,0,1,0
BRDA:25,1,0,0
BRDA:25,1,1,0
BRDA:46,2,0,0
BRDA:46,2,1,0
BRDA:49,3,0,0
BRDA:49,3,1,0
BRDA:58,4,0,0
BRDA:58,4,1,0
BRDA:88,5,0,0
BRDA:88,5,1,0
BRF:12
BRH:0
end_of_record
TN:
SF:src/app/api/seller/stats/route.ts
FN:7,GET
FN:64,(anonymous_1)
FNF:2
FNH:0
FNDA:0,GET
FNDA:0,(anonymous_1)
DA:8,0
DA:9,0
DA:11,0
DA:12,0
DA:19,0
DA:24,0
DA:25,0
DA:32,0
DA:33,0
DA:40,0
DA:47,0
DA:60,0
DA:61,0
DA:62,0
DA:64,0
DA:65,0
DA:66,0
DA:68,0
DA:69,0
DA:73,0
DA:80,0
DA:81,0
LF:22
LH:0
BRDA:11,0,0,0
BRDA:11,0,1,0
BRDA:11,1,0,0
BRDA:11,1,1,0
BRDA:24,2,0,0
BRDA:24,2,1,0
BRDA:32,3,0,0
BRDA:32,3,1,0
BRDA:68,4,0,0
BRDA:68,4,1,0
BRDA:68,5,0,0
BRDA:68,5,1,0
BRF:12
BRH:0
end_of_record
TN:
SF:src/app/api/seller/status/route.ts
FN:6,GET
FNF:1
FNH:0
FNDA:0,GET
DA:7,0
DA:8,0
DA:10,0
DA:11,0
DA:17,0
DA:29,0
DA:30,0
DA:36,0
DA:43,0
DA:44,0
LF:10
LH:0
BRDA:10,0,0,0
BRDA:10,0,1,0
BRDA:10,1,0,0
BRDA:10,1,1,0
BRDA:29,2,0,0
BRDA:29,2,1,0
BRDA:37,3,0,0
BRDA:37,3,1,0
BRDA:38,4,0,0
BRDA:38,4,1,0
BRDA:39,5,0,0
BRDA:39,5,1,0
BRDA:40,6,0,0
BRDA:40,6,1,0
BRF:14
BRH:0
end_of_record
TN:
SF:src/app/api/sellers/route.ts
FN:4,GET
FN:32,(anonymous_1)
FNF:2
FNH:0
FNDA:0,GET
FNDA:0,(anonymous_1)
DA:5,0
DA:7,0
DA:32,0
DA:42,0
DA:44,0
DA:45,0
LF:6
LH:0
BRF:0
BRH:0
end_of_record
TN:
SF:src/app/api/upload/route.ts
FN:6,POST
FNF:1
FNH:0
FNDA:0,POST
DA:8,0
DA:10,0
DA:11,0
DA:14,0
DA:15,0
DA:16,0
DA:18,0
DA:19,0
DA:26,0
DA:27,0
DA:34,0
DA:36,0
DA:43,0
DA:44,0
LF:14
LH:0
BRDA:10,0,0,0
BRDA:10,0,1,0
BRDA:18,1,0,0
BRDA:18,1,1,0
BRDA:26,2,0,0
BRDA:26,2,1,0
BRDA:34,3,0,0
BRDA:34,3,1,0
BRF:8
BRH:0
end_of_record
TN:
SF:src/app/api/user/addresses/route.ts
FN:17,GET
FN:52,POST
FNF:2
FNH:0
FNDA:0,GET
FNDA:0,POST
DA:7,0
DA:18,0
DA:19,0
DA:21,0
DA:22,0
DA:28,0
DA:42,0
DA:44,0
DA:45,0
DA:53,0
DA:54,0
DA:56,0
DA:57,0
DA:63,0
DA:64,0
DA:67,0
DA:68,0
DA:80,0
DA:86,0
DA:88,0
DA:101,0
DA:109,0
DA:110,0
DA:113,0
DA:114,0
LF:25
LH:0
BRDA:21,0,0,0
BRDA:21,0,1,0
BRDA:21,1,0,0
BRDA:21,1,1,0
BRDA:56,2,0,0
BRDA:56,2,1,0
BRDA:56,3,0,0
BRDA:56,3,1,0
BRDA:67,4,0,0
BRDA:67,4,1,0
BRDA:86,5,0,0
BRDA:86,5,1,0
BRDA:86,6,0,0
BRDA:86,6,1,0
BRDA:109,7,0,0
BRDA:109,7,1,0
BRF:16
BRH:0
end_of_record
TN:
SF:src/app/api/user/addresses/[id]/route.ts
FN:17,PUT
FN:101,DELETE
FNF:2
FNH:0
FNDA:0,PUT
FNDA:0,DELETE
DA:7,0
DA:21,0
DA:22,0
DA:24,0
DA:25,0
DA:31,0
DA:32,0
DA:33,0
DA:36,0
DA:42,0
DA:43,0
DA:46,0
DA:47,0
DA:54,0
DA:55,0
DA:66,0
DA:81,0
DA:89,0
DA:90,0
DA:93,0
DA:94,0
DA:105,0
DA:106,0
DA:108,0
DA:109,0
DA:115,0
DA:118,0
DA:124,0
DA:125,0
DA:128,0
DA:129,0
DA:136,0
DA:143,0
DA:144,0
DA:153,0
DA:154,0
DA:165,0
DA:170,0
DA:171,0
LF:39
LH:0
BRDA:24,0,0,0
BRDA:24,0,1,0
BRDA:24,1,0,0
BRDA:24,1,1,0
BRDA:42,2,0,0
BRDA:42,2,1,0
BRDA:46,3,0,0
BRDA:46,3,1,0
BRDA:54,4,0,0
BRDA:54,4,1,0
BRDA:54,5,0,0
BRDA:54,5,1,0
BRDA:89,6,0,0
BRDA:89,6,1,0
BRDA:108,7,0,0
BRDA:108,7,1,0
BRDA:108,8,0,0
BRDA:108,8,1,0
BRDA:124,9,0,0
BRDA:124,9,1,0
BRDA:128,10,0,0
BRDA:128,10,1,0
BRDA:143,11,0,0
BRDA:143,11,1,0
BRDA:153,12,0,0
BRDA:153,12,1,0
BRF:26
BRH:0
end_of_record
TN:
SF:src/app/api/user/profile/route.ts
FN:11,PUT
FNF:1
FNH:0
FNDA:0,PUT
DA:7,0
DA:12,0
DA:13,0
DA:15,0
DA:16,0
DA:22,0
DA:23,0
DA:25,0
DA:34,0
DA:46,0
DA:47,0
DA:50,0
DA:51,0
LF:13
LH:0
BRDA:15,0,0,0
BRDA:15,0,1,0
BRDA:15,1,0,0
BRDA:15,1,1,0
BRDA:46,2,0,0
BRDA:46,2,1,0
BRF:6
BRH:0
end_of_record
TN:
SF:src/app/api/user/wishlist/route.ts
FN:17,GET
FN:43,POST
FNF:2
FNH:0
FNDA:0,GET
FNDA:0,POST
DA:18,0
DA:19,0
DA:21,0
DA:22,0
DA:32,0
DA:34,0
DA:35,0
DA:44,0
DA:45,0
DA:47,0
DA:48,0
DA:54,0
DA:56,0
DA:57,0
DA:64,0
DA:68,0
DA:69,0
DA:78,0
DA:83,0
DA:84,0
LF:20
LH:0
BRDA:21,0,0,0
BRDA:21,0,1,0
BRDA:47,1,0,0
BRDA:47,1,1,0
BRDA:56,2,0,0
BRDA:56,2,1,0
BRDA:68,3,0,0
BRDA:68,3,1,0
BRF:8
BRH:0
end_of_record
TN:
SF:src/app/api/user/wishlist/[productId]/route.ts
FN:16,DELETE
FNF:1
FNH:0
FNDA:0,DELETE
DA:20,0
DA:21,0
DA:23,0
DA:24,0
DA:33,0
DA:38,0
DA:39,0
LF:7
LH:0
BRDA:23,0,0,0
BRDA:23,0,1,0
BRF:2
BRH:0
end_of_record
TN:
SF:src/app/auth/forgot-password/page.tsx
FN:10,ForgotPasswordPage
FNF:1
FNH:0
FNDA:0,ForgotPasswordPage
DA:5,0
DA:11,0
LF:2
LH:0
BRF:0
BRH:0
end_of_record
TN:
SF:src/app/auth/reset-password/page.tsx
FN:10,ResetPasswordPage
FNF:1
FNH:0
FNDA:0,ResetPasswordPage
DA:5,0
DA:11,0
LF:2
LH:0
BRF:0
BRH:0
end_of_record
TN:
SF:src/app/auth/signin/page.tsx
FN:9,SignInPage
FNF:1
FNH:0
FNDA:0,SignInPage
DA:4,0
DA:10,0
LF:2
LH:0
BRF:0
BRH:0
end_of_record
TN:
SF:src/app/auth/signup/page.tsx
FN:9,SignUpPage
FNF:1
FNH:0
FNDA:0,SignUpPage
DA:4,0
DA:10,0
LF:2
LH:0
BRF:0
BRH:0
end_of_record
TN:
SF:src/app/auth/verify-email/page.tsx
FN:10,VerifyEmailPage
FNF:1
FNH:0
FNDA:0,VerifyEmailPage
DA:5,0
DA:11,0
LF:2
LH:0
BRF:0
BRH:0
end_of_record
TN:
SF:src/app/cart/page.tsx
FN:10,CartPage
FN:16,(anonymous_1)
FN:17,(anonymous_2)
FN:18,(anonymous_3)
FN:19,(anonymous_4)
FN:20,(anonymous_5)
FN:23,(anonymous_6)
FN:27,(anonymous_7)
FN:66,(anonymous_8)
FN:109,(anonymous_9)
FN:121,CartItemRow
FN:162,(anonymous_11)
FN:169,(anonymous_12)
FN:183,(anonymous_13)
FNF:14
FNH:0
FNDA:0,CartPage
FNDA:0,(anonymous_1)
FNDA:0,(anonymous_2)
FNDA:0,(anonymous_3)
FNDA:0,(anonymous_4)
FNDA:0,(anonymous_5)
FNDA:0,(anonymous_6)
FNDA:0,(anonymous_7)
FNDA:0,(anonymous_8)
FNDA:0,(anonymous_9)
FNDA:0,CartItemRow
FNDA:0,(anonymous_11)
FNDA:0,(anonymous_12)
FNDA:0,(anonymous_13)
DA:11,0
DA:12,0
DA:13,0
DA:14,0
DA:16,0
DA:17,0
DA:18,0
DA:19,0
DA:20,0
DA:23,0
DA:24,0
DA:27,0
DA:28,0
DA:29,0
DA:30,0
DA:33,0
DA:36,0
DA:37,0
DA:40,0
DA:41,0
DA:57,0
DA:67,0
DA:109,0
DA:130,0
DA:162,0
DA:169,0
DA:183,0
LF:27
LH:0
BRDA:28,0,0,0
BRDA:28,0,1,0
BRDA:36,1,0,0
BRDA:36,1,1,0
BRDA:40,2,0,0
BRDA:40,2,1,0
BRDA:149,3,0,0
BRDA:149,3,1,0
BRDA:179,4,0,0
BRDA:179,4,1,0
BRF:10
BRH:0
end_of_record
TN:
SF:src/app/checkout/page.tsx
FN:34,CheckoutPage
FN:47,(anonymous_1)
FN:48,(anonymous_2)
FN:49,(anonymous_3)
FN:59,(anonymous_4)
FN:66,(anonymous_5)
FN:73,(anonymous_6)
FN:77,(anonymous_7)
FN:78,(anonymous_8)
FN:83,(anonymous_9)
FN:90,(anonymous_10)
FN:91,(anonymous_11)
FN:96,(anonymous_12)
FN:101,(anonymous_13)
FN:113,(anonymous_14)
FN:147,(anonymous_15)
FN:152,(anonymous_16)
FN:173,(anonymous_17)
FN:212,(anonymous_18)
FN:319,(anonymous_19)
FN:357,(anonymous_20)
FNF:21
FNH:0
FNDA:0,CheckoutPage
FNDA:0,(anonymous_1)
FNDA:0,(anonymous_2)
FNDA:0,(anonymous_3)
FNDA:0,(anonymous_4)
FNDA:0,(anonymous_5)
FNDA:0,(anonymous_6)
FNDA:0,(anonymous_7)
FNDA:0,(anonymous_8)
FNDA:0,(anonymous_9)
FNDA:0,(anonymous_10)
FNDA:0,(anonymous_11)
FNDA:0,(anonymous_12)
FNDA:0,(anonymous_13)
FNDA:0,(anonymous_14)
FNDA:0,(anonymous_15)
FNDA:0,(anonymous_16)
FNDA:0,(anonymous_17)
FNDA:0,(anonymous_18)
FNDA:0,(anonymous_19)
FNDA:0,(anonymous_20)
DA:35,0
DA:36,0
DA:37,0
DA:38,0
DA:39,0
DA:40,0
DA:41,0
DA:43,0
DA:44,0
DA:45,0
DA:47,0
DA:48,0
DA:49,0
DA:51,0
DA:59,0
DA:60,0
DA:61,0
DA:66,0
DA:67,0
DA:68,0
DA:73,0
DA:74,0
DA:75,0
DA:76,0
DA:77,0
DA:79,0
DA:80,0
DA:83,0
DA:84,0
DA:85,0
DA:86,0
DA:90,0
DA:91,0
DA:96,0
DA:97,0
DA:101,0
DA:102,0
DA:104,0
DA:106,0
DA:107,0
DA:113,0
DA:131,0
DA:132,0
DA:135,0
DA:136,0
DA:137,0
DA:140,0
DA:141,0
DA:143,0
DA:147,0
DA:148,0
DA:149,0
DA:151,0
DA:152,0
DA:153,0
DA:154,0
DA:155,0
DA:156,0
DA:157,0
DA:158,0
DA:159,0
DA:163,0
DA:164,0
DA:165,0
DA:166,0
DA:167,0
DA:168,0
DA:173,0
DA:175,0
DA:176,0
DA:177,0
DA:182,0
DA:185,0
DA:186,0
DA:189,0
DA:213,0
DA:319,0
DA:358,0
LF:78
LH:0
BRDA:60,0,0,0
BRDA:60,0,1,0
BRDA:67,1,0,0
BRDA:67,1,1,0
BRDA:67,2,0,0
BRDA:67,2,1,0
BRDA:74,3,0,0
BRDA:74,3,1,0
BRDA:79,4,0,0
BRDA:79,4,1,0
BRDA:84,5,0,0
BRDA:84,5,1,0
BRDA:102,6,0,0
BRDA:102,6,1,0
BRDA:116,7,0,0
BRDA:116,7,1,0
BRDA:118,8,0,0
BRDA:118,8,1,0
BRDA:119,9,0,0
BRDA:119,9,1,0
BRDA:131,10,0,0
BRDA:131,10,1,0
BRDA:151,11,0,0
BRDA:151,11,1,0
BRDA:153,12,0,0
BRDA:153,12,1,0
BRDA:175,13,0,0
BRDA:175,13,1,0
BRDA:176,14,0,0
BRDA:176,14,1,0
BRDA:176,15,0,0
BRDA:176,15,1,0
BRDA:176,15,2,0
BRDA:176,15,3,0
BRDA:176,15,4,0
BRDA:176,15,5,0
BRDA:185,16,0,0
BRDA:185,16,1,0
BRDA:185,17,0,0
BRDA:185,17,1,0
BRDA:185,17,2,0
BRDA:197,18,0,0
BRDA:197,18,1,0
BRDA:202,19,0,0
BRDA:202,19,1,0
BRDA:221,20,0,0
BRDA:221,20,1,0
BRDA:227,21,0,0
BRDA:227,21,1,0
BRDA:230,22,0,0
BRDA:230,22,1,0
BRDA:237,23,0,0
BRDA:237,23,1,0
BRDA:240,24,0,0
BRDA:240,24,1,0
BRDA:248,25,0,0
BRDA:248,25,1,0
BRDA:251,26,0,0
BRDA:251,26,1,0
BRDA:258,27,0,0
BRDA:258,27,1,0
BRDA:261,28,0,0
BRDA:261,28,1,0
BRDA:270,29,0,0
BRDA:270,29,1,0
BRDA:273,30,0,0
BRDA:273,30,1,0
BRDA:280,31,0,0
BRDA:280,31,1,0
BRDA:283,32,0,0
BRDA:283,32,1,0
BRDA:305,33,0,0
BRDA:305,33,1,0
BRDA:308,34,0,0
BRDA:308,34,1,0
BRDA:340,35,0,0
BRDA:340,35,1,0
BRDA:371,36,0,0
BRDA:371,36,1,0
BRDA:374,37,0,0
BRDA:374,37,1,0
BRF:81
BRH:0
end_of_record
TN:
SF:src/app/checkout/success/page.tsx
FN:8,OrderSuccessContent
FN:17,(anonymous_1)
FN:24,(anonymous_2)
FN:31,(anonymous_3)
FN:44,OrderSuccessDisplay
FN:106,CheckoutSuccessPage
FNF:6
FNH:0
FNDA:0,OrderSuccessContent
FNDA:0,(anonymous_1)
FNDA:0,(anonymous_2)
FNDA:0,(anonymous_3)
FNDA:0,OrderSuccessDisplay
FNDA:0,CheckoutSuccessPage
DA:9,0
DA:10,0
DA:11,0
DA:12,0
DA:14,0
DA:17,0
DA:18,0
DA:19,0
DA:24,0
DA:25,0
DA:26,0
DA:31,0
DA:32,0
DA:35,0
DA:36,0
DA:39,0
DA:46,0
DA:107,0
LF:18
LH:0
BRDA:18,0,0,0
BRDA:18,0,1,0
BRDA:18,1,0,0
BRDA:18,1,1,0
BRDA:25,2,0,0
BRDA:25,2,1,0
BRDA:35,3,0,0
BRDA:35,3,1,0
BRDA:35,4,0,0
BRDA:35,4,1,0
BRDA:35,4,2,0
BRF:11
BRH:0
end_of_record
TN:
SF:src/app/products/page.tsx
FN:12,ProductsPage
FNF:1
FNH:0
FNDA:0,ProductsPage
DA:7,0
DA:18,0
DA:19,0
DA:20,0
DA:21,0
DA:22,0
DA:25,0
DA:33,0
LF:8
LH:0
BRDA:18,0,0,0
BRDA:18,0,1,0
BRDA:19,1,0,0
BRDA:19,1,1,0
BRDA:20,2,0,0
BRDA:20,2,1,0
BRDA:21,3,0,0
BRDA:21,3,1,0
BRDA:22,4,0,0
BRDA:22,4,1,0
BRF:10
BRH:0
end_of_record
TN:
SF:src/app/products/[id]/not-found.tsx
FN:3,ProductNotFound
FNF:1
FNH:0
FNDA:0,ProductNotFound
DA:4,0
LF:1
LH:0
BRF:0
BRH:0
end_of_record
TN:
SF:src/app/products/[id]/page.tsx
FN:16,generateMetadata
FN:31,ProductPage
FN:82,(anonymous_2)
FN:130,(anonymous_3)
FN:165,(anonymous_4)
FNF:5
FNH:0
FNDA:0,generateMetadata
FNDA:0,ProductPage
FNDA:0,(anonymous_2)
FNDA:0,(anonymous_3)
FNDA:0,(anonymous_4)
DA:17,0
DA:19,0
DA:20,0
DA:25,0
DA:32,0
DA:34,0
DA:35,0
DA:38,0
DA:40,0
DA:45,0
DA:52,0
DA:59,0
DA:83,0
DA:131,0
DA:166,0
LF:15
LH:0
BRDA:19,0,0,0
BRDA:19,0,1,0
BRDA:34,1,0,0
BRDA:34,1,1,0
BRDA:45,2,0,0
BRDA:45,2,1,0
BRDA:80,3,0,0
BRDA:80,3,1,0
BRDA:108,4,0,0
BRDA:108,4,1,0
BRDA:142,5,0,0
BRDA:142,5,1,0
BRDA:148,6,0,0
BRDA:148,6,1,0
BRDA:149,7,0,0
BRDA:149,7,1,0
BRDA:149,7,2,0
BRDA:159,8,0,0
BRDA:159,8,1,0
BRDA:159,8,2,0
BRDA:162,9,0,0
BRDA:162,9,1,0
BRDA:169,10,0,0
BRDA:169,10,1,0
BRDA:169,11,0,0
BRDA:169,11,1,0
BRDA:182,12,0,0
BRDA:182,12,1,0
BRDA:189,13,0,0
BRDA:189,13,1,0
BRDA:207,14,0,0
BRDA:207,14,1,0
BRF:32
BRH:0
end_of_record
TN:
SF:src/app/products/category/[category]/page.tsx
FN:11,generateMetadata
FN:20,CategoryPage
FNF:2
FNH:0
FNDA:0,generateMetadata
FNDA:0,CategoryPage
DA:12,0
DA:14,0
DA:21,0
DA:22,0
DA:24,0
LF:5
LH:0
BRF:0
BRH:0
end_of_record
TN:
SF:src/app/profile/page.tsx
FN:11,ProfilePage
FNF:1
FNH:0
FNDA:0,ProfilePage
DA:6,0
DA:12,0
DA:14,0
DA:15,0
DA:18,0
LF:5
LH:0
BRDA:14,0,0,0
BRDA:14,0,1,0
BRF:2
BRH:0
end_of_record
TN:
SF:src/app/profile/addresses/page.tsx
FN:12,AddressesPage
FNF:1
FNH:0
FNDA:0,AddressesPage
DA:7,0
DA:13,0
DA:15,0
DA:16,0
DA:19,0
DA:33,0
LF:6
LH:0
BRDA:15,0,0,0
BRDA:15,0,1,0
BRF:2
BRH:0
end_of_record
TN:
SF:src/app/profile/orders/page.tsx
FN:11,OrdersPage
FNF:1
FNH:0
FNDA:0,OrdersPage
DA:6,0
DA:12,0
DA:14,0
DA:15,0
DA:18,0
LF:5
LH:0
BRDA:14,0,0,0
BRDA:14,0,1,0
BRF:2
BRH:0
end_of_record
TN:
SF:src/app/profile/reviews/page.tsx
FN:10,(anonymous_0)
FN:18,(anonymous_1)
FN:24,(anonymous_2)
FN:25,(anonymous_3)
FN:49,(anonymous_4)
FN:81,(anonymous_5)
FN:101,(anonymous_6)
FN:102,(anonymous_7)
FN:130,(anonymous_8)
FN:134,(anonymous_9)
FN:152,(anonymous_10)
FN:156,(anonymous_11)
FNF:12
FNH:0
FNDA:0,(anonymous_0)
FNDA:0,(anonymous_1)
FNDA:0,(anonymous_2)
FNDA:0,(anonymous_3)
FNDA:0,(anonymous_4)
FNDA:0,(anonymous_5)
FNDA:0,(anonymous_6)
FNDA:0,(anonymous_7)
FNDA:0,(anonymous_8)
FNDA:0,(anonymous_9)
FNDA:0,(anonymous_10)
FNDA:0,(anonymous_11)
DA:10,0
DA:11,0
DA:12,0
DA:13,0
DA:14,0
DA:15,0
DA:16,0
DA:18,0
DA:19,0
DA:20,0
DA:24,0
DA:25,0
DA:26,0
DA:28,0
DA:29,0
DA:31,0
DA:32,0
DA:35,0
DA:36,0
DA:37,0
DA:39,0
DA:40,0
DA:42,0
DA:46,0
DA:49,0
DA:50,0
DA:51,0
DA:54,0
DA:55,0
DA:57,0
DA:58,0
DA:59,0
DA:60,0
DA:62,0
DA:65,0
DA:69,0
DA:70,0
DA:74,0
DA:75,0
DA:76,0
DA:77,0
DA:81,0
DA:84,0
DA:85,0
DA:89,0
DA:90,0
DA:101,0
DA:102,0
DA:104,0
DA:131,0
DA:134,0
DA:153,0
DA:156,0
LF:53
LH:0
BRDA:19,0,0,0
BRDA:19,0,1,0
BRDA:26,1,0,0
BRDA:26,1,1,0
BRDA:31,2,0,0
BRDA:31,2,1,0
BRDA:50,3,0,0
BRDA:50,3,1,0
BRDA:57,4,0,0
BRDA:57,4,1,0
BRDA:59,5,0,0
BRDA:59,5,1,0
BRDA:69,6,0,0
BRDA:69,6,1,0
BRDA:74,7,0,0
BRDA:74,7,1,0
BRDA:76,8,0,0
BRDA:76,8,1,0
BRDA:89,9,0,0
BRDA:89,9,1,0
BRDA:89,10,0,0
BRDA:89,10,1,0
BRDA:108,11,0,0
BRDA:108,11,1,0
BRDA:114,12,0,0
BRDA:114,12,1,0
BRDA:126,13,0,0
BRDA:126,13,1,0
BRDA:148,14,0,0
BRDA:148,14,1,0
BRF:30
BRH:0
end_of_record
TN:
SF:src/app/profile/wishlist/page.tsx
FN:11,WishlistPage
FN:17,(anonymous_1)
FN:53,(anonymous_2)
FN:80,(anonymous_3)
FN:100,(anonymous_4)
FN:146,(anonymous_5)
FN:154,(anonymous_6)
FNF:7
FNH:0
FNDA:0,WishlistPage
FNDA:0,(anonymous_1)
FNDA:0,(anonymous_2)
FNDA:0,(anonymous_3)
FNDA:0,(anonymous_4)
FNDA:0,(anonymous_5)
FNDA:0,(anonymous_6)
DA:12,0
DA:13,0
DA:14,0
DA:15,0
DA:17,0
DA:18,0
DA:21,0
DA:22,0
DA:25,0
DA:26,0
DA:36,0
DA:37,0
DA:53,0
DA:55,0
DA:70,0
DA:71,0
DA:74,0
DA:80,0
DA:101,0
DA:146,0
DA:154,0
LF:21
LH:0
BRDA:21,0,0,0
BRDA:21,0,1,0
BRDA:25,1,0,0
BRDA:25,1,1,0
BRDA:36,2,0,0
BRDA:36,2,1,0
BRDA:78,3,0,0
BRDA:78,3,1,0
BRDA:88,4,0,0
BRDA:88,4,1,0
BRDA:105,5,0,0
BRDA:105,5,1,0
BRDA:120,6,0,0
BRDA:120,6,1,0
BRDA:139,7,0,0
BRDA:139,7,1,0
BRDA:141,8,0,0
BRDA:141,8,1,0
BRF:18
BRH:0
end_of_record
TN:
SF:src/app/seller/dashboard/page.tsx
FN:18,SellerDashboardPage
FN:35,(anonymous_1)
FN:48,(anonymous_2)
FN:84,(anonymous_3)
FN:99,(anonymous_4)
FN:284,(anonymous_5)
FNF:6
FNH:0
FNDA:0,SellerDashboardPage
FNDA:0,(anonymous_1)
FNDA:0,(anonymous_2)
FNDA:0,(anonymous_3)
FNDA:0,(anonymous_4)
FNDA:0,(anonymous_5)
DA:19,0
DA:20,0
DA:21,0
DA:22,0
DA:27,0
DA:28,0
DA:35,0
DA:37,0
DA:38,0
DA:39,0
DA:43,0
DA:44,0
DA:48,0
DA:49,0
DA:50,0
DA:51,0
DA:53,0
DA:54,0
DA:57,0
DA:58,0
DA:61,0
DA:62,0
DA:63,0
DA:67,0
DA:68,0
DA:69,0
DA:73,0
DA:78,0
DA:80,0
DA:84,0
DA:85,0
DA:86,0
DA:88,0
DA:89,0
DA:92,0
DA:93,0
DA:95,0
DA:99,0
DA:100,0
DA:101,0
DA:103,0
DA:104,0
DA:107,0
DA:108,0
DA:110,0
DA:112,0
DA:121,0
DA:122,0
DA:131,0
DA:285,0
LF:50
LH:0
BRDA:37,0,0,0
BRDA:37,0,1,0
BRDA:43,1,0,0
BRDA:43,1,1,0
BRDA:53,2,0,0
BRDA:53,2,1,0
BRDA:61,3,0,0
BRDA:61,3,1,0
BRDA:67,4,0,0
BRDA:67,4,1,0
BRDA:88,5,0,0
BRDA:88,5,1,0
BRDA:93,6,0,0
BRDA:93,6,1,0
BRDA:103,7,0,0
BRDA:103,7,1,0
BRDA:121,8,0,0
BRDA:121,8,1,0
BRDA:254,9,0,0
BRDA:254,9,1,0
BRDA:289,10,0,0
BRDA:289,10,1,0
BRDA:289,11,0,0
BRDA:289,11,1,0
BRDA:314,12,0,0
BRDA:314,12,1,0
BRDA:316,13,0,0
BRDA:316,13,1,0
BRDA:324,14,0,0
BRDA:324,14,1,0
BRDA:326,15,0,0
BRDA:326,15,1,0
BRF:32
BRH:0
end_of_record
TN:
SF:src/app/seller/pending/page.tsx
FN:8,SellerPendingPage
FN:17,(anonymous_1)
FN:30,(anonymous_2)
FNF:3
FNH:0
FNDA:0,SellerPendingPage
FNDA:0,(anonymous_1)
FNDA:0,(anonymous_2)
DA:9,0
DA:10,0
DA:11,0
DA:12,0
DA:17,0
DA:19,0
DA:20,0
DA:21,0
DA:25,0
DA:26,0
DA:30,0
DA:31,0
DA:32,0
DA:33,0
DA:35,0
DA:36,0
DA:39,0
DA:40,0
DA:43,0
DA:44,0
DA:45,0
DA:49,0
DA:50,0
DA:51,0
DA:54,0
DA:56,0
DA:60,0
DA:61,0
DA:70,0
LF:29
LH:0
BRDA:19,0,0,0
BRDA:19,0,1,0
BRDA:25,1,0,0
BRDA:25,1,1,0
BRDA:35,2,0,0
BRDA:35,2,1,0
BRDA:43,3,0,0
BRDA:43,3,1,0
BRDA:49,4,0,0
BRDA:49,4,1,0
BRDA:60,5,0,0
BRDA:60,5,1,0
BRF:12
BRH:0
end_of_record
TN:
SF:src/app/seller/products/page.tsx
FN:11,SellerProductsPage
FN:19,(anonymous_1)
FN:44,(anonymous_2)
FN:65,(anonymous_3)
FN:82,(anonymous_4)
FN:167,(anonymous_5)
FN:233,(anonymous_6)
FNF:7
FNH:0
FNDA:0,SellerProductsPage
FNDA:0,(anonymous_1)
FNDA:0,(anonymous_2)
FNDA:0,(anonymous_3)
FNDA:0,(anonymous_4)
FNDA:0,(anonymous_5)
FNDA:0,(anonymous_6)
DA:12,0
DA:13,0
DA:14,0
DA:15,0
DA:16,0
DA:17,0
DA:19,0
DA:21,0
DA:22,0
DA:23,0
DA:27,0
DA:28,0
DA:29,0
DA:33,0
DA:34,0
DA:35,0
DA:39,0
DA:40,0
DA:44,0
DA:45,0
DA:46,0
DA:48,0
DA:49,0
DA:51,0
DA:52,0
DA:55,0
DA:56,0
DA:58,0
DA:59,0
DA:61,0
DA:65,0
DA:66,0
DA:67,0
DA:70,0
DA:72,0
DA:73,0
DA:77,0
DA:78,0
DA:82,0
DA:84,0
DA:85,0
DA:87,0
DA:91,0
DA:92,0
DA:101,0
DA:168,0
DA:233,0
LF:47
LH:0
BRDA:21,0,0,0
BRDA:21,0,1,0
BRDA:27,1,0,0
BRDA:27,1,1,0
BRDA:27,2,0,0
BRDA:27,2,1,0
BRDA:33,3,0,0
BRDA:33,3,1,0
BRDA:33,4,0,0
BRDA:33,4,1,0
BRDA:39,5,0,0
BRDA:39,5,1,0
BRDA:51,6,0,0
BRDA:51,6,1,0
BRDA:56,7,0,0
BRDA:56,7,1,0
BRDA:66,8,0,0
BRDA:66,8,1,0
BRDA:77,9,0,0
BRDA:77,9,1,0
BRDA:91,10,0,0
BRDA:91,10,1,0
BRDA:121,11,0,0
BRDA:121,11,1,0
BRDA:127,12,0,0
BRDA:127,12,1,0
BRDA:172,13,0,0
BRDA:172,13,1,0
BRDA:172,14,0,0
BRDA:172,14,1,0
BRDA:194,15,0,0
BRDA:194,15,1,0
BRDA:196,16,0,0
BRDA:196,16,1,0
BRDA:209,17,0,0
BRDA:209,17,1,0
BRDA:211,18,0,0
BRDA:211,18,1,0
BRDA:237,19,0,0
BRDA:237,19,1,0
BRF:40
BRH:0
end_of_record
TN:
SF:src/app/seller/products/create/page.tsx
FN:27,CreateProductPage
FN:74,(anonymous_1)
FN:81,(anonymous_2)
FN:115,(anonymous_3)
FN:122,(anonymous_4)
FN:129,(anonymous_5)
FN:153,(anonymous_6)
FN:364,(anonymous_7)
FN:376,(anonymous_8)
FNF:9
FNH:0
FNDA:0,CreateProductPage
FNDA:0,(anonymous_1)
FNDA:0,(anonymous_2)
FNDA:0,(anonymous_3)
FNDA:0,(anonymous_4)
FNDA:0,(anonymous_5)
FNDA:0,(anonymous_6)
FNDA:0,(anonymous_7)
FNDA:0,(anonymous_8)
DA:14,0
DA:28,0
DA:29,0
DA:30,0
DA:31,0
DA:32,0
DA:33,0
DA:34,0
DA:42,0
DA:57,0
DA:58,0
DA:59,0
DA:63,0
DA:64,0
DA:65,0
DA:69,0
DA:70,0
DA:71,0
DA:74,0
DA:75,0
DA:77,0
DA:78,0
DA:80,0
DA:81,0
DA:82,0
DA:83,0
DA:85,0
DA:86,0
DA:91,0
DA:92,0
DA:95,0
DA:96,0
DA:98,0
DA:99,0
DA:103,0
DA:104,0
DA:105,0
DA:106,0
DA:107,0
DA:109,0
DA:111,0
DA:115,0
DA:116,0
DA:117,0
DA:118,0
DA:119,0
DA:122,0
DA:123,0
DA:124,0
DA:125,0
DA:128,0
DA:129,0
DA:132,0
DA:133,0
DA:144,0
DA:146,0
DA:147,0
DA:150,0
DA:153,0
DA:154,0
DA:157,0
DA:158,0
DA:160,0
DA:162,0
DA:164,0
DA:168,0
DA:365,0
DA:376,0
LF:68
LH:0
BRDA:57,0,0,0
BRDA:57,0,1,0
BRDA:63,1,0,0
BRDA:63,1,1,0
BRDA:63,2,0,0
BRDA:63,2,1,0
BRDA:69,3,0,0
BRDA:69,3,1,0
BRDA:69,4,0,0
BRDA:69,4,1,0
BRDA:75,5,0,0
BRDA:75,5,1,0
BRDA:75,6,0,0
BRDA:75,6,1,0
BRDA:91,7,0,0
BRDA:91,7,1,0
BRDA:128,8,0,0
BRDA:128,8,1,0
BRDA:146,9,0,0
BRDA:146,9,1,0
BRDA:147,10,0,0
BRDA:147,10,1,0
BRDA:157,11,0,0
BRDA:157,11,1,0
BRDA:181,12,0,0
BRDA:181,12,1,0
BRDA:187,13,0,0
BRDA:187,13,1,0
BRDA:212,14,0,0
BRDA:212,14,1,0
BRDA:229,15,0,0
BRDA:229,15,1,0
BRDA:247,16,0,0
BRDA:247,16,1,0
BRDA:265,17,0,0
BRDA:265,17,1,0
BRDA:286,18,0,0
BRDA:286,18,1,0
BRDA:307,19,0,0
BRDA:307,19,1,0
BRDA:345,20,0,0
BRDA:345,20,1,0
BRDA:351,21,0,0
BRDA:351,21,1,0
BRDA:356,22,0,0
BRDA:356,22,1,0
BRDA:362,23,0,0
BRDA:362,23,1,0
BRDA:383,24,0,0
BRDA:383,24,1,0
BRDA:398,25,0,0
BRDA:398,25,1,0
BRDA:401,26,0,0
BRDA:401,26,1,0
BRF:54
BRH:0
end_of_record
TN:
SF:src/app/seller/products/edit/[id]/page.tsx
FN:27,EditProductPage
FN:61,(anonymous_1)
FN:85,(anonymous_2)
FN:120,(anonymous_3)
FN:127,(anonymous_4)
FN:161,(anonymous_5)
FN:168,(anonymous_6)
FN:175,(anonymous_7)
FN:199,(anonymous_8)
FN:420,(anonymous_9)
FN:432,(anonymous_10)
FNF:11
FNH:0
FNDA:0,EditProductPage
FNDA:0,(anonymous_1)
FNDA:0,(anonymous_2)
FNDA:0,(anonymous_3)
FNDA:0,(anonymous_4)
FNDA:0,(anonymous_5)
FNDA:0,(anonymous_6)
FNDA:0,(anonymous_7)
FNDA:0,(anonymous_8)
FNDA:0,(anonymous_9)
FNDA:0,(anonymous_10)
DA:14,0
DA:28,0
DA:29,0
DA:30,0
DA:31,0
DA:32,0
DA:33,0
DA:34,0
DA:35,0
DA:36,0
DA:37,0
DA:46,0
DA:61,0
DA:62,0
DA:63,0
DA:64,0
DA:68,0
DA:69,0
DA:70,0
DA:74,0
DA:75,0
DA:76,0
DA:80,0
DA:81,0
DA:85,0
DA:86,0
DA:87,0
DA:89,0
DA:90,0
DA:92,0
DA:93,0
DA:96,0
DA:97,0
DA:100,0
DA:111,0
DA:113,0
DA:114,0
DA:116,0
DA:120,0
DA:121,0
DA:123,0
DA:124,0
DA:126,0
DA:127,0
DA:128,0
DA:129,0
DA:131,0
DA:132,0
DA:137,0
DA:138,0
DA:141,0
DA:142,0
DA:144,0
DA:145,0
DA:149,0
DA:150,0
DA:151,0
DA:152,0
DA:153,0
DA:155,0
DA:157,0
DA:161,0
DA:162,0
DA:163,0
DA:164,0
DA:165,0
DA:168,0
DA:169,0
DA:170,0
DA:171,0
DA:174,0
DA:175,0
DA:178,0
DA:179,0
DA:190,0
DA:192,0
DA:193,0
DA:196,0
DA:199,0
DA:200,0
DA:203,0
DA:204,0
DA:206,0
DA:208,0
DA:210,0
DA:214,0
DA:215,0
DA:224,0
DA:421,0
DA:432,0
LF:90
LH:0
BRDA:62,0,0,0
BRDA:62,0,1,0
BRDA:68,1,0,0
BRDA:68,1,1,0
BRDA:68,2,0,0
BRDA:68,2,1,0
BRDA:74,3,0,0
BRDA:74,3,1,0
BRDA:74,4,0,0
BRDA:74,4,1,0
BRDA:80,5,0,0
BRDA:80,5,1,0
BRDA:92,6,0,0
BRDA:92,6,1,0
BRDA:121,7,0,0
BRDA:121,7,1,0
BRDA:121,8,0,0
BRDA:121,8,1,0
BRDA:137,9,0,0
BRDA:137,9,1,0
BRDA:174,10,0,0
BRDA:174,10,1,0
BRDA:192,11,0,0
BRDA:192,11,1,0
BRDA:193,12,0,0
BRDA:193,12,1,0
BRDA:203,13,0,0
BRDA:203,13,1,0
BRDA:214,14,0,0
BRDA:214,14,1,0
BRDA:237,15,0,0
BRDA:237,15,1,0
BRDA:243,16,0,0
BRDA:243,16,1,0
BRDA:268,17,0,0
BRDA:268,17,1,0
BRDA:285,18,0,0
BRDA:285,18,1,0
BRDA:303,19,0,0
BRDA:303,19,1,0
BRDA:321,20,0,0
BRDA:321,20,1,0
BRDA:342,21,0,0
BRDA:342,21,1,0
BRDA:363,22,0,0
BRDA:363,22,1,0
BRDA:401,23,0,0
BRDA:401,23,1,0
BRDA:407,24,0,0
BRDA:407,24,1,0
BRDA:412,25,0,0
BRDA:412,25,1,0
BRDA:418,26,0,0
BRDA:418,26,1,0
BRDA:439,27,0,0
BRDA:439,27,1,0
BRDA:461,28,0,0
BRDA:461,28,1,0
BRDA:464,29,0,0
BRDA:464,29,1,0
BRF:60
BRH:0
end_of_record
TN:
SF:src/app/seller/register/page.tsx
FN:28,SellerRegistrationPage
FN:63,(anonymous_1)
FN:94,(anonymous_2)
FN:125,(anonymous_3)
FN:148,(anonymous_4)
FNF:5
FNH:0
FNDA:0,SellerRegistrationPage
FNDA:0,(anonymous_1)
FNDA:0,(anonymous_2)
FNDA:0,(anonymous_3)
FNDA:0,(anonymous_4)
DA:12,0
DA:29,0
DA:30,0
DA:31,0
DA:32,0
DA:33,0
DA:34,0
DA:35,0
DA:42,0
DA:58,0
DA:59,0
DA:60,0
DA:63,0
DA:64,0
DA:66,0
DA:67,0
DA:68,0
DA:70,0
DA:72,0
DA:73,0
DA:78,0
DA:80,0
DA:81,0
DA:84,0
DA:85,0
DA:87,0
DA:88,0
DA:90,0
DA:94,0
DA:95,0
DA:97,0
DA:98,0
DA:99,0
DA:101,0
DA:103,0
DA:104,0
DA:109,0
DA:111,0
DA:112,0
DA:115,0
DA:116,0
DA:118,0
DA:119,0
DA:121,0
DA:125,0
DA:126,0
DA:127,0
DA:128,0
DA:130,0
DA:131,0
DA:139,0
DA:141,0
DA:142,0
DA:145,0
DA:148,0
DA:149,0
DA:152,0
DA:153,0
DA:155,0
DA:157,0
DA:159,0
DA:163,0
LF:62
LH:0
BRDA:58,0,0,0
BRDA:58,0,1,0
BRDA:64,1,0,0
BRDA:64,1,1,0
BRDA:64,2,0,0
BRDA:64,2,1,0
BRDA:80,3,0,0
BRDA:80,3,1,0
BRDA:81,4,0,0
BRDA:81,4,1,0
BRDA:95,5,0,0
BRDA:95,5,1,0
BRDA:95,6,0,0
BRDA:95,6,1,0
BRDA:111,7,0,0
BRDA:111,7,1,0
BRDA:112,8,0,0
BRDA:112,8,1,0
BRDA:141,9,0,0
BRDA:141,9,1,0
BRDA:142,10,0,0
BRDA:142,10,1,0
BRDA:152,11,0,0
BRDA:152,11,1,0
BRDA:203,12,0,0
BRDA:203,12,1,0
BRDA:209,13,0,0
BRDA:209,13,1,0
BRDA:229,14,0,0
BRDA:229,14,1,0
BRDA:246,15,0,0
BRDA:246,15,1,0
BRDA:263,16,0,0
BRDA:263,16,1,0
BRDA:274,17,0,0
BRDA:274,17,1,0
BRDA:302,18,0,0
BRDA:302,18,1,0
BRDA:313,19,0,0
BRDA:313,19,1,0
BRDA:341,20,0,0
BRDA:341,20,1,0
BRDA:363,21,0,0
BRDA:363,21,1,0
BRDA:430,22,0,0
BRDA:430,22,1,0
BRF:46
BRH:0
end_of_record
TN:
SF:src/app/shop/[id]/not-found.tsx
FN:3,ShopNotFound
FNF:1
FNH:0
FNDA:0,ShopNotFound
DA:4,0
LF:1
LH:0
BRF:0
BRH:0
end_of_record
TN:
SF:src/app/shop/[id]/page.tsx
FN:17,ShopPage
FN:70,(anonymous_1)
FN:127,(anonymous_2)
FNF:3
FNH:0
FNDA:0,ShopPage
FNDA:0,(anonymous_1)
FNDA:0,(anonymous_2)
DA:18,0
DA:20,0
DA:22,0
DA:45,0
DA:46,0
DA:50,0
DA:51,0
DA:52,0
DA:53,0
DA:56,0
DA:60,0
DA:70,0
DA:92,0
DA:96,0
DA:128,0
DA:247,0
DA:248,0
LF:17
LH:0
BRDA:31,0,0,0
BRDA:31,0,1,0
BRDA:45,1,0,0
BRDA:45,1,1,0
BRDA:52,2,0,0
BRDA:52,2,1,0
BRDA:75,3,0,0
BRDA:75,3,1,0
BRDA:92,4,0,0
BRDA:92,4,1,0
BRDA:101,5,0,0
BRDA:101,5,1,0
BRDA:101,5,2,0
BRDA:102,6,0,0
BRDA:102,6,1,0
BRDA:116,7,0,0
BRDA:116,7,1,0
BRDA:116,7,2,0
BRDA:117,8,0,0
BRDA:117,8,1,0
BRDA:122,9,0,0
BRDA:122,9,1,0
BRDA:124,10,0,0
BRDA:124,10,1,0
BRDA:131,11,0,0
BRDA:131,11,1,0
BRDA:131,12,0,0
BRDA:131,12,1,0
BRDA:153,13,0,0
BRDA:153,13,1,0
BRDA:156,14,0,0
BRDA:156,14,1,0
BRDA:164,15,0,0
BRDA:164,15,1,0
BRDA:168,16,0,0
BRDA:168,16,1,0
BRDA:181,17,0,0
BRDA:181,17,1,0
BRDA:194,18,0,0
BRDA:194,18,1,0
BRDA:207,19,0,0
BRDA:207,19,1,0
BRDA:227,20,0,0
BRDA:227,20,1,0
BRDA:229,21,0,0
BRDA:229,21,1,0
BRF:46
BRH:0
end_of_record
TN:
SF:src/app/shops/page.tsx
FN:6,ShopsPage
FN:62,(anonymous_1)
FN:91,(anonymous_2)
FNF:3
FNH:0
FNDA:0,ShopsPage
FNDA:0,(anonymous_1)
FNDA:0,(anonymous_2)
DA:8,0
DA:10,0
DA:11,0
DA:38,0
DA:40,0
DA:43,0
DA:64,0
DA:68,0
DA:92,0
LF:9
LH:0
BRDA:47,0,0,0
BRDA:47,0,1,0
BRDA:64,1,0,0
BRDA:64,1,1,0
BRDA:78,2,0,0
BRDA:78,2,1,0
BRDA:79,3,0,0
BRDA:79,3,1,0
BRDA:85,4,0,0
BRDA:85,4,1,0
BRDA:88,5,0,0
BRDA:88,5,1,0
BRDA:95,6,0,0
BRDA:95,6,1,0
BRDA:95,7,0,0
BRDA:95,7,1,0
BRDA:115,8,0,0
BRDA:115,8,1,0
BRDA:120,9,0,0
BRDA:120,9,1,0
BRF:20
BRH:0
end_of_record
TN:
SF:src/components/auth/AuthProvider.tsx
FN:7,AuthProvider
FN:11,(anonymous_1)
FNF:2
FNH:0
FNDA:0,AuthProvider
FNDA:0,(anonymous_1)
DA:8,0
DA:9,0
DA:11,0
DA:12,0
DA:13,0
DA:15,0
DA:16,0
DA:20,0
LF:8
LH:0
BRDA:12,0,0,0
BRDA:12,0,1,0
BRDA:16,1,0,0
BRDA:16,1,1,0
BRF:4
BRH:0
end_of_record
TN:
SF:src/components/auth/EmailVerification.tsx
FN:7,EmailVerification
FN:17,(anonymous_1)
FN:50,(anonymous_2)
FNF:3
FNH:3
FNDA:22,EmailVerification
FNDA:11,(anonymous_1)
FNDA:4,(anonymous_2)
DA:8,22
DA:9,21
DA:10,21
DA:11,21
DA:12,21
DA:13,21
DA:14,21
DA:15,21
DA:17,21
DA:19,11
DA:20,2
DA:21,2
DA:22,2
DA:25,9
DA:26,4
DA:28,4
DA:30,1
DA:31,1
DA:33,2
DA:34,2
DA:36,1
DA:37,1
DA:39,0
DA:42,4
DA:43,4
DA:44,4
DA:48,5
DA:49,4
DA:50,4
DA:51,4
DA:52,4
DA:60,3
DA:61,3
DA:62,3
DA:64,3
DA:65,1
DA:66,1
DA:67,1
DA:70,2
DA:71,2
DA:73,1
DA:74,1
DA:75,1
DA:79,4
DA:80,1
DA:82,1
DA:83,1
DA:87,21
DA:88,11
DA:99,10
DA:100,7
DA:120,3
LF:52
LH:51
BRDA:19,0,0,2
BRDA:19,0,1,9
BRDA:25,1,0,4
BRDA:25,1,1,5
BRDA:28,2,0,1
BRDA:28,2,1,2
BRDA:28,2,2,1
BRDA:28,2,3,0
BRDA:48,3,0,4
BRDA:48,3,1,1
BRDA:64,4,0,1
BRDA:64,4,1,2
BRDA:65,5,0,1
BRDA:65,5,1,0
BRDA:80,6,0,1
BRDA:80,6,1,0
BRDA:80,7,0,1
BRDA:80,7,1,1
BRDA:87,8,0,11
BRDA:87,8,1,10
BRDA:99,9,0,7
BRDA:99,9,1,3
BRF:22
BRH:19
end_of_record
TN:
SF:src/components/auth/PasswordResetForm.tsx
FN:19,(anonymous_0)
FN:27,PasswordResetForm
FN:58,(anonymous_2)
FN:90,(anonymous_3)
FN:121,(anonymous_4)
FNF:5
FNH:4
FNDA:6,(anonymous_0)
FNDA:23,PasswordResetForm
FNDA:4,(anonymous_2)
FNDA:4,(anonymous_3)
FNDA:0,(anonymous_4)
DA:10,1
DA:14,1
DA:19,6
DA:28,23
DA:29,23
DA:30,23
DA:31,23
DA:32,23
DA:33,23
DA:39,23
DA:50,23
DA:58,23
DA:59,4
DA:60,4
DA:61,4
DA:63,4
DA:64,4
DA:74,3
DA:76,3
DA:77,1
DA:78,1
DA:79,1
DA:82,2
DA:83,2
DA:85,1
DA:86,1
DA:90,23
DA:91,4
DA:92,0
DA:93,0
DA:96,4
DA:97,4
DA:98,4
DA:100,4
DA:101,4
DA:112,3
DA:114,3
DA:115,1
DA:116,1
DA:117,1
DA:120,2
DA:121,2
DA:122,0
DA:125,1
DA:126,1
DA:131,23
DA:132,13
DA:199,10
LF:48
LH:45
BRDA:76,0,0,1
BRDA:76,0,1,2
BRDA:77,1,0,1
BRDA:77,1,1,0
BRDA:91,2,0,0
BRDA:91,2,1,4
BRDA:114,3,0,1
BRDA:114,3,1,2
BRDA:115,4,0,1
BRDA:115,4,1,0
BRDA:131,5,0,13
BRDA:131,5,1,10
BRDA:136,6,0,13
BRDA:136,6,1,2
BRDA:142,7,0,13
BRDA:142,7,1,2
BRDA:160,8,0,13
BRDA:160,8,1,1
BRDA:179,9,0,13
BRDA:179,9,1,1
BRDA:191,10,0,2
BRDA:191,10,1,11
BRDA:203,11,0,10
BRDA:203,11,1,2
BRDA:209,12,0,10
BRDA:209,12,1,2
BRDA:227,13,0,10
BRDA:227,13,1,0
BRDA:237,14,0,0
BRDA:237,14,1,10
BRF:30
BRH:25
end_of_record
TN:
SF:src/components/auth/SignInForm.tsx
FN:18,SignInForm
FN:35,(anonymous_1)
FN:43,(anonymous_2)
FNF:3
FNH:2
FNDA:11,SignInForm
FNDA:3,(anonymous_1)
FNDA:0,(anonymous_2)
DA:11,1
DA:19,11
DA:20,11
DA:21,11
DA:27,11
DA:35,11
DA:36,3
DA:37,3
DA:39,3
DA:40,3
DA:43,3
DA:44,0
DA:45,0
DA:46,0
DA:50,3
DA:57,2
DA:59,2
DA:61,2
DA:62,1
DA:63,1
DA:64,1
DA:67,1
DA:68,0
DA:69,0
DA:70,0
DA:73,1
DA:74,1
DA:77,1
DA:78,1
DA:79,1
DA:83,11
LF:31
LH:25
BRDA:61,0,0,1
BRDA:61,0,1,1
BRDA:67,1,0,0
BRDA:67,1,1,1
BRDA:87,2,0,11
BRDA:87,2,1,2
BRDA:105,3,0,11
BRDA:105,3,1,1
BRDA:121,4,0,11
BRDA:121,4,1,2
BRDA:140,5,0,1
BRDA:140,5,1,10
BRF:12
BRH:11
end_of_record
TN:
SF:src/components/auth/SignUpForm.tsx
FN:17,(anonymous_0)
FN:24,SignUpForm
FN:44,(anonymous_2)
FNF:3
FNH:3
FNDA:6,(anonymous_0)
FNDA:14,SignUpForm
FNDA:4,(anonymous_2)
DA:10,1
DA:17,6
DA:25,14
DA:26,14
DA:27,14
DA:28,14
DA:34,14
DA:44,14
DA:45,4
DA:46,4
DA:48,4
DA:49,4
DA:51,4
DA:63,3
DA:64,3
DA:65,3
DA:67,3
DA:68,1
DA:69,1
DA:70,1
DA:74,2
DA:75,1
DA:76,1
DA:78,1
DA:89,1
DA:91,1
DA:92,1
DA:93,1
DA:94,1
DA:95,1
DA:97,0
DA:100,0
DA:105,1
DA:107,1
DA:108,1
DA:109,1
DA:113,14
DA:114,1
DA:136,13
LF:39
LH:37
BRDA:67,0,0,1
BRDA:67,0,1,2
BRDA:68,1,0,1
BRDA:68,1,1,0
BRDA:74,2,0,1
BRDA:74,2,1,1
BRDA:74,3,0,2
BRDA:74,3,1,2
BRDA:74,3,2,2
BRDA:91,4,0,1
BRDA:91,4,1,0
BRDA:91,5,0,1
BRDA:91,5,1,1
BRDA:113,6,0,1
BRDA:113,6,1,13
BRDA:140,7,0,13
BRDA:140,7,1,2
BRDA:158,8,0,13
BRDA:158,8,1,0
BRDA:172,9,0,13
BRDA:172,9,1,0
BRDA:186,10,0,13
BRDA:186,10,1,1
BRDA:205,11,0,13
BRDA:205,11,1,1
BRDA:215,12,0,1
BRDA:215,12,1,12
BRF:27
BRH:23
end_of_record
TN:
SF:src/components/layout/Footer.tsx
FN:3,Footer
FNF:1
FNH:0
FNDA:0,Footer
DA:4,0
LF:1
LH:0
BRF:0
BRH:0
end_of_record
TN:
SF:src/components/layout/Navbar.tsx
FN:9,Navbar
FN:15,(anonymous_1)
FN:16,(anonymous_2)
FN:20,(anonymous_3)
FN:63,(anonymous_4)
FN:64,(anonymous_5)
FN:72,(anonymous_6)
FN:98,(anonymous_7)
FN:187,(anonymous_8)
FNF:9
FNH:0
FNDA:0,Navbar
FNDA:0,(anonymous_1)
FNDA:0,(anonymous_2)
FNDA:0,(anonymous_3)
FNDA:0,(anonymous_4)
FNDA:0,(anonymous_5)
FNDA:0,(anonymous_6)
FNDA:0,(anonymous_7)
FNDA:0,(anonymous_8)
DA:10,0
DA:11,0
DA:12,0
DA:13,0
DA:14,0
DA:15,0
DA:16,0
DA:17,0
DA:20,0
DA:21,0
DA:24,0
DA:63,0
DA:65,0
DA:72,0
DA:98,0
DA:187,0
LF:16
LH:0
BRDA:56,0,0,0
BRDA:56,0,1,0
BRDA:65,1,0,0
BRDA:65,1,1,0
BRDA:94,2,0,0
BRDA:94,2,1,0
BRDA:116,3,0,0
BRDA:116,3,1,0
BRDA:140,4,0,0
BRDA:140,4,1,0
BRDA:140,4,2,0
BRDA:154,5,0,0
BRDA:154,5,1,0
BRDA:230,6,0,0
BRDA:230,6,1,0
BRF:15
BRH:0
end_of_record
TN:
SF:src/components/payment/StripePaymentForm.tsx
FN:22,StripePaymentWrapper
FN:41,StripePaymentForm
FN:52,(anonymous_2)
FN:62,(anonymous_3)
FN:91,(anonymous_4)
FN:125,(anonymous_5)
FNF:6
FNH:0
FNDA:0,StripePaymentWrapper
FNDA:0,StripePaymentForm
FNDA:0,(anonymous_2)
FNDA:0,(anonymous_3)
FNDA:0,(anonymous_4)
FNDA:0,(anonymous_5)
DA:14,0
DA:26,0
DA:33,0
DA:45,0
DA:46,0
DA:48,0
DA:49,0
DA:50,0
DA:52,0
DA:53,0
DA:54,0
DA:58,0
DA:59,0
DA:62,0
DA:63,0
DA:64,0
DA:65,0
DA:68,0
DA:69,0
DA:70,0
DA:71,0
DA:74,0
DA:76,0
DA:77,0
DA:79,0
DA:80,0
DA:82,0
DA:83,0
DA:85,0
DA:86,0
DA:91,0
DA:92,0
DA:94,0
DA:96,0
DA:99,0
DA:101,0
DA:110,0
DA:111,0
DA:112,0
DA:114,0
DA:118,0
DA:121,0
DA:125,0
LF:43
LH:0
BRDA:53,0,0,0
BRDA:53,0,1,0
BRDA:58,1,0,0
BRDA:58,1,1,0
BRDA:63,2,0,0
BRDA:63,2,1,0
BRDA:64,3,0,0
BRDA:64,3,1,0
BRDA:69,4,0,0
BRDA:69,4,1,0
BRDA:74,5,0,0
BRDA:74,5,1,0
BRDA:74,5,2,0
BRDA:74,5,3,0
BRDA:94,6,0,0
BRDA:94,6,1,0
BRDA:94,7,0,0
BRDA:94,7,1,0
BRDA:110,8,0,0
BRDA:110,8,1,0
BRDA:111,9,0,0
BRDA:111,9,1,0
BRDA:111,10,0,0
BRDA:111,10,1,0
BRDA:112,11,0,0
BRDA:112,11,1,0
BRDA:131,12,0,0
BRDA:131,12,1,0
BRDA:131,12,2,0
BRDA:134,13,0,0
BRDA:134,13,1,0
BRDA:138,14,0,0
BRDA:138,14,1,0
BRDA:142,15,0,0
BRDA:142,15,1,0
BRF:35
BRH:0
end_of_record
TN:
SF:src/components/product/AddToCartButton.tsx
FN:11,AddToCartButton
FN:14,(anonymous_1)
FN:16,(anonymous_2)
FN:21,(anonymous_3)
FN:30,(anonymous_4)
FN:37,(anonymous_5)
FNF:6
FNH:0
FNDA:0,AddToCartButton
FNDA:0,(anonymous_1)
FNDA:0,(anonymous_2)
FNDA:0,(anonymous_3)
FNDA:0,(anonymous_4)
FNDA:0,(anonymous_5)
DA:12,0
DA:13,0
DA:14,0
DA:16,0
DA:17,0
DA:18,0
DA:21,0
DA:22,0
DA:26,0
DA:30,0
DA:37,0
LF:11
LH:0
BRDA:47,0,0,0
BRDA:47,0,1,0
BRDA:50,1,0,0
BRDA:50,1,1,0
BRF:4
BRH:0
end_of_record
TN:
SF:src/components/product/ProductCard.tsx
FN:14,ProductCard
FN:64,(anonymous_1)
FN:65,(anonymous_2)
FNF:3
FNH:1
FNDA:6,ProductCard
FNDA:0,(anonymous_1)
FNDA:0,(anonymous_2)
DA:15,6
DA:17,6
DA:20,6
DA:21,6
DA:22,0
DA:24,0
DA:27,0
DA:28,0
DA:33,6
DA:34,0
DA:38,6
DA:39,6
DA:40,6
DA:42,6
DA:47,6
DA:54,6
DA:61,6
DA:64,0
DA:65,0
LF:19
LH:12
BRDA:21,0,0,0
BRDA:21,0,1,6
BRDA:33,1,0,0
BRDA:33,1,1,6
BRDA:39,2,0,6
BRDA:39,2,1,0
BRDA:40,3,0,6
BRDA:40,3,1,6
BRDA:40,3,2,0
BRDA:47,4,0,5
BRDA:47,4,1,1
BRDA:72,5,0,0
BRDA:72,5,1,6
BRDA:72,6,0,6
BRDA:72,6,1,0
BRDA:85,7,0,6
BRDA:85,7,1,5
BRDA:125,8,0,5
BRDA:125,8,1,1
BRDA:136,9,0,6
BRDA:136,9,1,6
BRDA:142,10,0,6
BRDA:142,10,1,0
BRDA:142,10,2,0
BRDA:144,11,0,6
BRDA:144,11,1,0
BRF:26
BRH:17
end_of_record
TN:
SF:src/components/product/ProductFilters.tsx
FN:17,ProductFilters
FN:39,(anonymous_1)
FN:40,(anonymous_2)
FN:83,(anonymous_3)
FN:97,(anonymous_4)
FN:124,(anonymous_5)
FN:133,(anonymous_6)
FN:141,(anonymous_7)
FN:158,(anonymous_8)
FN:166,(anonymous_9)
FN:186,(anonymous_10)
FN:194,(anonymous_11)
FN:214,(anonymous_12)
FN:222,(anonymous_13)
FNF:14
FNH:0
FNDA:0,ProductFilters
FNDA:0,(anonymous_1)
FNDA:0,(anonymous_2)
FNDA:0,(anonymous_3)
FNDA:0,(anonymous_4)
FNDA:0,(anonymous_5)
FNDA:0,(anonymous_6)
FNDA:0,(anonymous_7)
FNDA:0,(anonymous_8)
FNDA:0,(anonymous_9)
FNDA:0,(anonymous_10)
FNDA:0,(anonymous_11)
FNDA:0,(anonymous_12)
FNDA:0,(anonymous_13)
DA:25,0
DA:26,0
DA:29,0
DA:30,0
DA:31,0
DA:32,0
DA:33,0
DA:34,0
DA:35,0
DA:36,0
DA:39,0
DA:40,0
DA:41,0
DA:42,0
DA:43,0
DA:44,0
DA:45,0
DA:46,0
DA:49,0
DA:51,0
DA:55,0
DA:59,0
DA:67,0
DA:75,0
DA:83,0
DA:84,0
DA:86,0
DA:87,0
DA:88,0
DA:89,0
DA:90,0
DA:91,0
DA:93,0
DA:97,0
DA:98,0
DA:99,0
DA:100,0
DA:101,0
DA:102,0
DA:103,0
DA:104,0
DA:107,0
DA:124,0
DA:134,0
DA:141,0
DA:159,0
DA:167,0
DA:168,0
DA:187,0
DA:194,0
DA:215,0
DA:222,0
LF:52
LH:0
BRDA:44,0,0,0
BRDA:44,0,1,0
BRDA:46,1,0,0
BRDA:46,1,1,0
BRDA:86,2,0,0
BRDA:86,2,1,0
BRDA:87,3,0,0
BRDA:87,3,1,0
BRDA:88,4,0,0
BRDA:88,4,1,0
BRDA:89,5,0,0
BRDA:89,5,1,0
BRDA:90,6,0,0
BRDA:90,6,1,0
BRDA:91,7,0,0
BRDA:91,7,1,0
BRDA:123,8,0,0
BRDA:123,8,1,0
BRDA:165,9,0,0
BRDA:165,9,1,0
BRDA:210,10,0,0
BRDA:210,10,1,0
BRDA:212,11,0,0
BRDA:212,11,1,0
BRDA:228,12,0,0
BRDA:228,12,1,0
BRF:26
BRH:0
end_of_record
TN:
SF:src/components/product/ProductGrid.tsx
FN:9,ProductGrid
FN:18,(anonymous_1)
FNF:2
FNH:0
FNDA:0,ProductGrid
FNDA:0,(anonymous_1)
DA:10,0
DA:16,0
DA:19,0
LF:3
LH:0
BRDA:9,0,0,0
BRDA:23,1,0,0
BRDA:23,1,1,0
BRF:3
BRH:0
end_of_record
TN:
SF:src/components/product/WishlistButton.tsx
FN:14,WishlistButton
FN:25,(anonymous_1)
FN:56,(anonymous_2)
FN:57,(anonymous_3)
FNF:4
FNH:2
FNDA:6,WishlistButton
FNDA:2,(anonymous_1)
FNDA:0,(anonymous_2)
FNDA:0,(anonymous_3)
DA:20,6
DA:21,6
DA:23,6
DA:25,6
DA:26,2
DA:27,2
DA:29,2
DA:30,1
DA:32,1
DA:36,6
DA:42,6
DA:48,6
DA:56,0
DA:57,0
LF:14
LH:12
BRDA:16,0,0,6
BRDA:17,1,0,0
BRDA:18,2,0,6
BRDA:29,3,0,1
BRDA:29,3,1,1
BRDA:51,4,0,1
BRDA:51,4,1,5
BRDA:58,5,0,1
BRDA:58,5,1,5
BRDA:59,6,0,1
BRDA:59,6,1,5
BRDA:64,7,0,1
BRDA:64,7,1,5
BRDA:64,8,0,0
BRDA:64,8,1,5
BRDA:66,9,0,6
BRDA:66,9,1,0
BRDA:68,10,0,0
BRDA:68,10,1,0
BRF:19
BRH:14
end_of_record
TN:
SF:src/components/profile/AddressManager.tsx
FN:36,AddressManager
FN:62,(anonymous_1)
FN:76,(anonymous_2)
FN:82,(anonymous_3)
FN:123,(anonymous_4)
FN:315,(anonymous_5)
FN:337,(anonymous_6)
FN:343,(anonymous_7)
FNF:8
FNH:0
FNDA:0,AddressManager
FNDA:0,(anonymous_1)
FNDA:0,(anonymous_2)
FNDA:0,(anonymous_3)
FNDA:0,(anonymous_4)
FNDA:0,(anonymous_5)
FNDA:0,(anonymous_6)
FNDA:0,(anonymous_7)
DA:9,0
DA:37,0
DA:38,0
DA:39,0
DA:40,0
DA:41,0
DA:42,0
DA:49,0
DA:62,0
DA:63,0
DA:64,0
DA:73,0
DA:76,0
DA:77,0
DA:78,0
DA:79,0
DA:82,0
DA:83,0
DA:84,0
DA:85,0
DA:87,0
DA:88,0
DA:91,0
DA:93,0
DA:101,0
DA:103,0
DA:104,0
DA:105,0
DA:106,0
DA:109,0
DA:112,0
DA:113,0
DA:114,0
DA:115,0
DA:116,0
DA:118,0
DA:119,0
DA:123,0
DA:124,0
DA:125,0
DA:128,0
DA:129,0
DA:130,0
DA:132,0
DA:133,0
DA:137,0
DA:139,0
DA:140,0
DA:141,0
DA:142,0
DA:145,0
DA:146,0
DA:147,0
DA:149,0
DA:150,0
DA:154,0
DA:316,0
DA:337,0
DA:343,0
LF:59
LH:0
BRDA:88,0,0,0
BRDA:88,0,1,0
BRDA:91,1,0,0
BRDA:91,1,1,0
BRDA:103,2,0,0
BRDA:103,2,1,0
BRDA:104,3,0,0
BRDA:104,3,1,0
BRDA:110,4,0,0
BRDA:110,4,1,0
BRDA:124,5,0,0
BRDA:124,5,1,0
BRDA:139,6,0,0
BRDA:139,6,1,0
BRDA:140,7,0,0
BRDA:140,7,1,0
BRDA:158,8,0,0
BRDA:158,8,1,0
BRDA:164,9,0,0
BRDA:164,9,1,0
BRDA:172,10,0,0
BRDA:172,10,1,0
BRDA:187,11,0,0
BRDA:187,11,1,0
BRDA:201,12,0,0
BRDA:201,12,1,0
BRDA:216,13,0,0
BRDA:216,13,1,0
BRDA:230,14,0,0
BRDA:230,14,1,0
BRDA:246,15,0,0
BRDA:246,15,1,0
BRDA:262,16,0,0
BRDA:262,16,1,0
BRDA:287,17,0,0
BRDA:287,17,1,0
BRDA:288,18,0,0
BRDA:288,18,1,0
BRDA:291,19,0,0
BRDA:291,19,1,0
BRDA:295,20,0,0
BRDA:295,20,1,0
BRDA:311,21,0,0
BRDA:311,21,1,0
BRDA:320,22,0,0
BRDA:320,22,1,0
BRF:46
BRH:0
end_of_record
TN:
SF:src/components/profile/OrderHistory.tsx
FN:21,OrderHistory
FN:26,(anonymous_1)
FN:27,(anonymous_2)
FN:49,(anonymous_3)
FN:57,(anonymous_4)
FN:66,(anonymous_5)
FN:101,(anonymous_6)
FN:127,(anonymous_7)
FN:131,(anonymous_8)
FN:167,(anonymous_9)
FNF:10
FNH:0
FNDA:0,OrderHistory
FNDA:0,(anonymous_1)
FNDA:0,(anonymous_2)
FNDA:0,(anonymous_3)
FNDA:0,(anonymous_4)
FNDA:0,(anonymous_5)
FNDA:0,(anonymous_6)
FNDA:0,(anonymous_7)
FNDA:0,(anonymous_8)
FNDA:0,(anonymous_9)
DA:22,0
DA:23,0
DA:24,0
DA:26,0
DA:27,0
DA:28,0
DA:29,0
DA:31,0
DA:32,0
DA:35,0
DA:36,0
DA:38,0
DA:39,0
DA:41,0
DA:45,0
DA:47,0
DA:49,0
DA:50,0
DA:51,0
DA:53,0
DA:57,0
DA:58,0
DA:59,0
DA:66,0
DA:67,0
DA:69,0
DA:71,0
DA:73,0
DA:75,0
DA:77,0
DA:79,0
DA:83,0
DA:84,0
DA:94,0
DA:95,0
DA:101,0
DA:111,0
DA:128,0
DA:131,0
DA:168,0
LF:40
LH:0
BRDA:31,0,0,0
BRDA:31,0,1,0
BRDA:36,1,0,0
BRDA:36,1,1,0
BRDA:50,2,0,0
BRDA:50,2,1,0
BRDA:67,3,0,0
BRDA:67,3,1,0
BRDA:67,3,2,0
BRDA:67,3,3,0
BRDA:67,3,4,0
BRDA:67,3,5,0
BRDA:83,4,0,0
BRDA:83,4,1,0
BRDA:94,5,0,0
BRDA:94,5,1,0
BRDA:115,6,0,0
BRDA:115,6,1,0
BRDA:149,7,0,0
BRDA:149,7,1,0
BRDA:163,8,0,0
BRDA:163,8,1,0
BRF:22
BRH:0
end_of_record
TN:
SF:src/components/profile/ProfileForm.tsx
FN:21,ProfileForm
FN:39,(anonymous_1)
FNF:2
FNH:0
FNDA:0,ProfileForm
FNDA:0,(anonymous_1)
DA:10,0
DA:22,0
DA:23,0
DA:24,0
DA:25,0
DA:31,0
DA:39,0
DA:40,0
DA:41,0
DA:42,0
DA:44,0
DA:45,0
DA:55,0
DA:57,0
DA:58,0
DA:59,0
DA:60,0
DA:63,0
DA:64,0
DA:65,0
DA:67,0
DA:68,0
DA:72,0
LF:23
LH:0
BRDA:34,0,0,0
BRDA:34,0,1,0
BRDA:35,1,0,0
BRDA:35,1,1,0
BRDA:57,2,0,0
BRDA:57,2,1,0
BRDA:58,3,0,0
BRDA:58,3,1,0
BRDA:76,4,0,0
BRDA:76,4,1,0
BRDA:82,5,0,0
BRDA:82,5,1,0
BRDA:100,6,0,0
BRDA:100,6,1,0
BRDA:122,7,0,0
BRDA:122,7,1,0
BRF:16
BRH:0
end_of_record
TN:
SF:src/components/review/ProductReviews.tsx
FN:13,(anonymous_0)
FN:21,(anonymous_1)
FN:22,(anonymous_2)
FN:44,(anonymous_3)
FN:48,(anonymous_4)
FN:49,(anonymous_5)
FN:53,(anonymous_6)
FN:59,(anonymous_7)
FN:68,(anonymous_8)
FN:80,(anonymous_9)
FNF:10
FNH:0
FNDA:0,(anonymous_0)
FNDA:0,(anonymous_1)
FNDA:0,(anonymous_2)
FNDA:0,(anonymous_3)
FNDA:0,(anonymous_4)
FNDA:0,(anonymous_5)
FNDA:0,(anonymous_6)
FNDA:0,(anonymous_7)
FNDA:0,(anonymous_8)
FNDA:0,(anonymous_9)
DA:13,0
DA:14,0
DA:15,0
DA:16,0
DA:17,0
DA:18,0
DA:19,0
DA:21,0
DA:22,0
DA:23,0
DA:24,0
DA:26,0
DA:27,0
DA:30,0
DA:31,0
DA:32,0
DA:34,0
DA:35,0
DA:37,0
DA:41,0
DA:44,0
DA:45,0
DA:47,0
DA:48,0
DA:50,0
DA:51,0
DA:54,0
DA:59,0
DA:61,0
DA:68,0
DA:80,0
LF:31
LH:0
BRDA:26,0,0,0
BRDA:26,0,1,0
BRDA:59,1,0,0
BRDA:59,1,1,0
BRDA:66,2,0,0
BRDA:66,2,1,0
BRDA:66,2,2,0
BRDA:66,2,3,0
BRDA:76,3,0,0
BRDA:76,3,1,0
BRDA:84,4,0,0
BRDA:84,4,1,0
BRDA:89,5,0,0
BRDA:89,5,1,0
BRF:14
BRH:0
end_of_record
TN:
SF:src/components/review/ProductReviewsWrapper.tsx
FN:6,(anonymous_0)
FN:12,ProductReviewsWrapper
FNF:2
FNH:0
FNDA:0,(anonymous_0)
FNDA:0,ProductReviewsWrapper
DA:6,0
DA:13,0
LF:2
LH:0
BRF:0
BRH:0
end_of_record
TN:
SF:src/components/review/ReviewCard.tsx
FN:13,(anonymous_0)
FNF:1
FNH:0
FNDA:0,(anonymous_0)
DA:13,0
DA:18,0
DA:22,0
LF:3
LH:0
BRDA:15,0,0,0
BRDA:16,1,0,0
BRDA:36,2,0,0
BRDA:36,2,1,0
BRDA:42,3,0,0
BRDA:42,3,1,0
BRDA:42,3,2,0
BRDA:46,4,0,0
BRDA:46,4,1,0
BRDA:50,5,0,0
BRDA:50,5,1,0
BRDA:56,6,0,0
BRDA:56,6,1,0
BRDA:61,7,0,0
BRDA:61,7,1,0
BRDA:61,7,2,0
BRDA:65,8,0,0
BRDA:65,8,1,0
BRDA:69,9,0,0
BRDA:69,9,1,0
BRDA:76,10,0,0
BRDA:76,10,1,0
BRDA:76,10,2,0
BRF:23
BRH:0
end_of_record
TN:
SF:src/components/review/ReviewForm.tsx
FN:13,(anonymous_0)
FN:40,(anonymous_1)
FN:141,(anonymous_2)
FNF:3
FNH:0
FNDA:0,(anonymous_0)
FNDA:0,(anonymous_1)
FNDA:0,(anonymous_2)
DA:13,0
DA:19,0
DA:20,0
DA:21,0
DA:22,0
DA:23,0
DA:24,0
DA:26,0
DA:27,0
DA:40,0
DA:41,0
DA:42,0
DA:44,0
DA:45,0
DA:46,0
DA:49,0
DA:50,0
DA:51,0
DA:54,0
DA:56,0
DA:57,0
DA:64,0
DA:65,0
DA:72,0
DA:73,0
DA:82,0
DA:83,0
DA:84,0
DA:87,0
DA:90,0
DA:91,0
DA:92,0
DA:93,0
DA:97,0
DA:98,0
DA:100,0
DA:101,0
DA:104,0
DA:106,0
DA:110,0
DA:141,0
LF:41
LH:0
BRDA:26,0,0,0
BRDA:26,0,1,0
BRDA:44,1,0,0
BRDA:44,1,1,0
BRDA:49,2,0,0
BRDA:49,2,1,0
BRDA:49,3,0,0
BRDA:49,3,1,0
BRDA:59,4,0,0
BRDA:59,4,1,0
BRDA:64,5,0,0
BRDA:64,5,1,0
BRDA:72,6,0,0
BRDA:72,6,1,0
BRDA:82,7,0,0
BRDA:82,7,1,0
BRDA:84,8,0,0
BRDA:84,8,1,0
BRDA:90,9,0,0
BRDA:90,9,1,0
BRDA:92,10,0,0
BRDA:92,10,1,0
BRDA:100,11,0,0
BRDA:100,11,1,0
BRDA:104,12,0,0
BRDA:104,12,1,0
BRDA:113,13,0,0
BRDA:113,13,1,0
BRDA:146,14,0,0
BRDA:146,14,1,0
BRDA:153,15,0,0
BRDA:153,15,1,0
BRDA:169,16,0,0
BRDA:169,16,1,0
BRF:34
BRH:0
end_of_record
TN:
SF:src/components/review/ReviewList.tsx
FN:13,(anonymous_0)
FN:28,(anonymous_1)
FN:33,(anonymous_2)
FN:55,(anonymous_3)
FN:76,(anonymous_4)
FNF:5
FNH:0
FNDA:0,(anonymous_0)
FNDA:0,(anonymous_1)
FNDA:0,(anonymous_2)
FNDA:0,(anonymous_3)
FNDA:0,(anonymous_4)
DA:13,0
DA:19,0
DA:20,0
DA:28,0
DA:29,0
DA:32,0
DA:33,0
DA:34,0
DA:35,0
DA:38,0
DA:56,0
DA:57,0
DA:58,0
DA:77,0
LF:14
LH:0
BRDA:15,0,0,0
BRDA:16,1,0,0
BRDA:17,2,0,0
BRDA:19,3,0,0
BRDA:19,3,1,0
BRDA:19,4,0,0
BRDA:19,4,1,0
BRDA:49,5,0,0
BRDA:49,5,1,0
BRF:9
BRH:0
end_of_record
TN:
SF:src/components/review/SellerReviews.tsx
FN:13,(anonymous_0)
FN:21,(anonymous_1)
FN:22,(anonymous_2)
FN:44,(anonymous_3)
FN:48,(anonymous_4)
FN:49,(anonymous_5)
FN:53,(anonymous_6)
FN:59,(anonymous_7)
FN:71,(anonymous_8)
FN:83,(anonymous_9)
FNF:10
FNH:0
FNDA:0,(anonymous_0)
FNDA:0,(anonymous_1)
FNDA:0,(anonymous_2)
FNDA:0,(anonymous_3)
FNDA:0,(anonymous_4)
FNDA:0,(anonymous_5)
FNDA:0,(anonymous_6)
FNDA:0,(anonymous_7)
FNDA:0,(anonymous_8)
FNDA:0,(anonymous_9)
DA:13,0
DA:14,0
DA:15,0
DA:16,0
DA:17,0
DA:18,0
DA:19,0
DA:21,0
DA:22,0
DA:23,0
DA:24,0
DA:26,0
DA:27,0
DA:30,0
DA:31,0
DA:32,0
DA:34,0
DA:35,0
DA:37,0
DA:41,0
DA:44,0
DA:45,0
DA:47,0
DA:48,0
DA:50,0
DA:51,0
DA:54,0
DA:59,0
DA:62,0
DA:64,0
DA:71,0
DA:83,0
LF:32
LH:0
BRDA:26,0,0,0
BRDA:26,0,1,0
BRDA:59,1,0,0
BRDA:59,1,1,0
BRDA:69,2,0,0
BRDA:69,2,1,0
BRDA:69,2,2,0
BRDA:69,2,3,0
BRDA:69,2,4,0
BRDA:79,3,0,0
BRDA:79,3,1,0
BRDA:87,4,0,0
BRDA:87,4,1,0
BRDA:92,5,0,0
BRDA:92,5,1,0
BRF:15
BRH:0
end_of_record
TN:
SF:src/components/review/SellerReviewsWrapper.tsx
FN:6,(anonymous_0)
FN:12,SellerReviewsWrapper
FNF:2
FNH:0
FNDA:0,(anonymous_0)
FNDA:0,SellerReviewsWrapper
DA:6,0
DA:13,0
LF:2
LH:0
BRF:0
BRH:0
end_of_record
TN:
SF:src/components/review/StarRating.tsx
FN:13,(anonymous_0)
FN:23,(anonymous_1)
FN:29,(anonymous_2)
FN:35,(anonymous_3)
FN:41,(anonymous_4)
FN:52,(anonymous_5)
FN:53,(anonymous_6)
FN:67,(anonymous_7)
FN:68,(anonymous_8)
FN:81,(anonymous_9)
FN:82,(anonymous_10)
FN:91,(anonymous_11)
FNF:12
FNH:0
FNDA:0,(anonymous_0)
FNDA:0,(anonymous_1)
FNDA:0,(anonymous_2)
FNDA:0,(anonymous_3)
FNDA:0,(anonymous_4)
FNDA:0,(anonymous_5)
FNDA:0,(anonymous_6)
FNDA:0,(anonymous_7)
FNDA:0,(anonymous_8)
FNDA:0,(anonymous_9)
FNDA:0,(anonymous_10)
FNDA:0,(anonymous_11)
DA:13,0
DA:21,0
DA:23,0
DA:24,0
DA:25,0
DA:29,0
DA:30,0
DA:31,0
DA:35,0
DA:36,0
DA:37,0
DA:41,0
DA:42,0
DA:43,0
DA:46,0
DA:47,0
DA:52,0
DA:53,0
DA:61,0
DA:62,0
DA:67,0
DA:68,0
DA:76,0
DA:81,0
DA:82,0
DA:89,0
DA:91,0
LF:27
LH:0
BRDA:15,0,0,0
BRDA:16,1,0,0
BRDA:17,2,0,0
BRDA:18,3,0,0
BRDA:24,4,0,0
BRDA:24,4,1,0
BRDA:24,5,0,0
BRDA:24,5,1,0
BRDA:30,6,0,0
BRDA:30,6,1,0
BRDA:36,7,0,0
BRDA:36,7,1,0
BRDA:43,8,0,0
BRDA:43,8,1,0
BRDA:46,9,0,0
BRDA:46,9,1,0
BRDA:55,10,0,0
BRDA:55,10,1,0
BRDA:61,11,0,0
BRDA:61,11,1,0
BRDA:70,12,0,0
BRDA:70,12,1,0
BRDA:84,13,0,0
BRDA:84,13,1,0
BRF:24
BRH:0
end_of_record
TN:
SF:src/context/AuthContext.tsx
FN:10,AuthContext
FNF:1
FNH:0
FNDA:0,AuthContext
DA:11,0
LF:1
LH:0
BRF:0
BRH:0
end_of_record
TN:
SF:src/lib/auth.ts
FN:42,(anonymous_0)
FN:101,(anonymous_1)
FN:138,(anonymous_2)
FN:148,hashPassword
FN:152,verifyPassword
FN:157,generateToken
FN:167,isAuthenticated
FNF:7
FNH:2
FNDA:0,(anonymous_0)
FNDA:0,(anonymous_1)
FNDA:0,(anonymous_2)
FNDA:2,hashPassword
FNDA:0,verifyPassword
FNDA:3,generateToken
FNDA:0,isAuthenticated
DA:7,1
DA:43,0
DA:44,0
DA:45,0
DA:48,0
DA:49,0
DA:55,0
DA:56,0
DA:57,0
DA:60,0
DA:62,0
DA:63,0
DA:64,0
DA:68,0
DA:70,0
DA:71,0
DA:78,0
DA:79,0
DA:83,0
DA:86,0
DA:94,0
DA:95,0
DA:102,0
DA:103,0
DA:105,0
DA:106,0
DA:109,0
DA:121,0
DA:123,0
DA:124,0
DA:125,0
DA:126,0
DA:127,0
DA:128,0
DA:129,0
DA:132,0
DA:136,0
DA:139,0
DA:140,0
DA:142,0
DA:149,2
DA:153,0
DA:158,3
DA:159,3
DA:160,3
DA:161,96
DA:163,3
DA:168,0
DA:169,0
DA:173,0
DA:175,0
LF:51
LH:7
BRDA:43,0,0,0
BRDA:43,0,1,0
BRDA:43,1,0,0
BRDA:43,1,1,0
BRDA:55,2,0,0
BRDA:55,2,1,0
BRDA:55,3,0,0
BRDA:55,3,1,0
BRDA:62,4,0,0
BRDA:62,4,1,0
BRDA:68,5,0,0
BRDA:68,5,1,0
BRDA:70,6,0,0
BRDA:70,6,1,0
BRDA:78,7,0,0
BRDA:78,7,1,0
BRDA:89,8,0,0
BRDA:89,8,1,0
BRDA:90,9,0,0
BRDA:90,9,1,0
BRDA:91,10,0,0
BRDA:91,10,1,0
BRDA:102,11,0,0
BRDA:102,11,1,0
BRDA:102,12,0,0
BRDA:102,12,1,0
BRDA:121,13,0,0
BRDA:121,13,1,0
BRDA:123,14,0,0
BRDA:123,14,1,0
BRDA:126,15,0,0
BRDA:126,15,1,0
BRDA:127,16,0,0
BRDA:127,16,1,0
BRDA:129,17,0,0
BRDA:129,17,1,0
BRDA:139,18,0,0
BRDA:139,18,1,0
BRDA:157,19,0,3
BRF:39
BRH:1
end_of_record
TN:
SF:src/lib/cloudinary.ts
FN:16,uploadImage
FN:41,deleteImage
FN:59,optimizeImage
FNF:3
FNH:0
FNDA:0,uploadImage
FNDA:0,deleteImage
FNDA:0,optimizeImage
DA:4,0
DA:20,0
DA:21,0
DA:26,0
DA:31,0
DA:32,0
DA:42,0
DA:43,0
DA:44,0
DA:46,0
DA:47,0
DA:65,0
DA:66,0
DA:70,0
DA:73,0
DA:74,0
DA:75,0
DA:78,0
LF:18
LH:0
BRDA:18,0,0,0
BRDA:63,1,0,0
BRDA:65,2,0,0
BRDA:65,2,1,0
BRDA:65,3,0,0
BRDA:65,3,1,0
BRDA:74,4,0,0
BRDA:74,4,1,0
BRF:8
BRH:0
end_of_record
TN:
SF:src/lib/prisma.ts
FN:13,(anonymous_0)
FNF:1
FNH:0
FNDA:0,(anonymous_0)
DA:4,0
DA:5,0
DA:10,0
DA:13,0
DA:14,0
DA:16,0
DA:17,0
DA:18,0
DA:21,0
DA:23,0
DA:34,0
DA:37,0
DA:38,0
LF:13
LH:0
BRDA:4,0,0,0
BRDA:4,0,1,0
BRDA:16,1,0,0
BRDA:16,1,1,0
BRDA:24,2,0,0
BRDA:24,2,1,0
BRDA:34,3,0,0
BRDA:34,3,1,0
BRDA:37,4,0,0
BRDA:37,4,1,0
BRF:10
BRH:0
end_of_record
TN:
SF:src/lib/products.ts
FN:6,getProducts
FN:89,getProductById
FN:120,getFeaturedProducts
FN:153,getProductsByCategory
FN:186,getRelatedProducts
FN:229,mapDatabaseProductToAppProduct
FNF:6
FNH:0
FNDA:0,getProducts
FNDA:0,getProductById
FNDA:0,getFeaturedProducts
FNDA:0,getProductsByCategory
FNDA:0,getRelatedProducts
FNDA:0,mapDatabaseProductToAppProduct
DA:7,0
DA:9,0
DA:14,0
DA:15,0
DA:16,0
DA:19,0
DA:20,0
DA:24,0
DA:25,0
DA:29,0
DA:30,0
DA:49,0
DA:50,0
DA:51,0
DA:60,0
DA:81,0
DA:83,0
DA:84,0
DA:90,0
DA:91,0
DA:108,0
DA:109,0
DA:112,0
DA:114,0
DA:115,0
DA:121,0
DA:122,0
DA:145,0
DA:147,0
DA:148,0
DA:154,0
DA:155,0
DA:178,0
DA:180,0
DA:181,0
DA:187,0
DA:188,0
DA:192,0
DA:193,0
DA:196,0
DA:221,0
DA:223,0
DA:224,0
DA:230,0
DA:257,0
LF:45
LH:0
BRDA:14,0,0,0
BRDA:14,0,1,0
BRDA:15,1,0,0
BRDA:15,1,1,0
BRDA:19,2,0,0
BRDA:19,2,1,0
BRDA:24,3,0,0
BRDA:24,3,1,0
BRDA:29,4,0,0
BRDA:29,4,1,0
BRDA:29,5,0,0
BRDA:29,5,1,0
BRDA:34,6,0,0
BRDA:34,6,1,0
BRDA:35,7,0,0
BRDA:35,7,1,0
BRDA:41,8,0,0
BRDA:41,8,1,0
BRDA:42,9,0,0
BRDA:42,9,1,0
BRDA:49,10,0,0
BRDA:49,10,1,0
BRDA:108,11,0,0
BRDA:108,11,1,0
BRDA:186,12,0,0
BRDA:192,13,0,0
BRDA:192,13,1,0
BRDA:235,14,0,0
BRDA:235,14,1,0
BRDA:244,15,0,0
BRDA:244,15,1,0
BRDA:250,16,0,0
BRDA:250,16,1,0
BRF:33
BRH:0
end_of_record
TN:
SF:src/lib/session.ts
FN:4,getSession
FN:8,getCurrentUser
FNF:2
FNH:0
FNDA:0,getSession
FNDA:0,getCurrentUser
DA:5,0
DA:9,0
DA:11,0
DA:12,0
DA:15,0
LF:5
LH:0
BRDA:11,0,0,0
BRDA:11,0,1,0
BRF:2
BRH:0
end_of_record
TN:
SF:src/lib/stripe.ts
FNF:0
FNH:0
DA:4,0
LF:1
LH:0
BRF:0
BRH:0
end_of_record
TN:
SF:src/store/authStore.ts
FN:18,(anonymous_0)
FN:21,(anonymous_1)
FN:22,(anonymous_2)
FNF:3
FNH:0
FNDA:0,(anonymous_0)
FNDA:0,(anonymous_1)
FNDA:0,(anonymous_2)
DA:18,0
DA:21,0
DA:22,0
LF:3
LH:0
BRF:0
BRH:0
end_of_record
TN:
SF:src/store/cartStore.ts
FN:28,(anonymous_0)
FN:31,(anonymous_1)
FN:33,(anonymous_2)
FN:38,(anonymous_3)
FN:62,(anonymous_4)
FN:65,(anonymous_5)
FN:69,(anonymous_6)
FN:74,(anonymous_7)
FN:78,(anonymous_8)
FN:85,(anonymous_9)
FN:87,(anonymous_10)
FN:89,(anonymous_11)
FN:92,(anonymous_12)
FN:94,(anonymous_13)
FNF:14
FNH:1
FNDA:1,(anonymous_0)
FNDA:0,(anonymous_1)
FNDA:0,(anonymous_2)
FNDA:0,(anonymous_3)
FNDA:0,(anonymous_4)
FNDA:0,(anonymous_5)
FNDA:0,(anonymous_6)
FNDA:0,(anonymous_7)
FNDA:0,(anonymous_8)
FNDA:0,(anonymous_9)
FNDA:0,(anonymous_10)
FNDA:0,(anonymous_11)
FNDA:0,(anonymous_12)
FNDA:0,(anonymous_13)
DA:26,1
DA:28,1
DA:32,0
DA:33,0
DA:35,0
DA:37,0
DA:39,0
DA:46,0
DA:63,0
DA:64,0
DA:65,0
DA:70,0
DA:71,0
DA:73,0
DA:74,0
DA:77,0
DA:79,0
DA:85,0
DA:88,0
DA:89,0
DA:93,0
DA:94,0
DA:95,0
DA:96,0
LF:24
LH:2
BRDA:35,0,0,0
BRDA:35,0,1,0
BRDA:39,1,0,0
BRDA:39,1,1,0
BRDA:71,2,0,0
BRDA:71,2,1,0
BRDA:79,3,0,0
BRDA:79,3,1,0
BRDA:95,4,0,0
BRDA:95,4,1,0
BRF:10
BRH:0
end_of_record
TN:
SF:src/store/reviewStore.ts
FN:62,(anonymous_0)
FN:68,(anonymous_1)
FN:69,(anonymous_2)
FN:81,(anonymous_3)
FN:82,(anonymous_4)
FN:84,(anonymous_5)
FN:88,(anonymous_6)
FN:102,(anonymous_7)
FN:103,(anonymous_8)
FN:105,(anonymous_9)
FN:107,(anonymous_10)
FN:119,(anonymous_11)
FN:120,(anonymous_12)
FN:129,(anonymous_13)
FN:130,(anonymous_14)
FN:142,(anonymous_15)
FN:143,(anonymous_16)
FN:145,(anonymous_17)
FN:149,(anonymous_18)
FN:163,(anonymous_19)
FN:164,(anonymous_20)
FN:166,(anonymous_21)
FN:168,(anonymous_22)
FN:180,(anonymous_23)
FN:181,(anonymous_24)
FN:190,(anonymous_25)
FN:191,(anonymous_26)
FN:196,(anonymous_27)
FN:197,(anonymous_28)
FN:198,(anonymous_29)
FN:204,(anonymous_30)
FN:205,(anonymous_31)
FN:206,(anonymous_32)
FN:210,(anonymous_33)
FN:211,(anonymous_34)
FN:217,(anonymous_35)
FN:221,(anonymous_36)
FN:225,(anonymous_37)
FN:229,(anonymous_38)
FN:233,(anonymous_39)
FN:237,(anonymous_40)
FN:241,(anonymous_41)
FNF:42
FNH:0
FNDA:0,(anonymous_0)
FNDA:0,(anonymous_1)
FNDA:0,(anonymous_2)
FNDA:0,(anonymous_3)
FNDA:0,(anonymous_4)
FNDA:0,(anonymous_5)
FNDA:0,(anonymous_6)
FNDA:0,(anonymous_7)
FNDA:0,(anonymous_8)
FNDA:0,(anonymous_9)
FNDA:0,(anonymous_10)
FNDA:0,(anonymous_11)
FNDA:0,(anonymous_12)
FNDA:0,(anonymous_13)
FNDA:0,(anonymous_14)
FNDA:0,(anonymous_15)
FNDA:0,(anonymous_16)
FNDA:0,(anonymous_17)
FNDA:0,(anonymous_18)
FNDA:0,(anonymous_19)
FNDA:0,(anonymous_20)
FNDA:0,(anonymous_21)
FNDA:0,(anonymous_22)
FNDA:0,(anonymous_23)
FNDA:0,(anonymous_24)
FNDA:0,(anonymous_25)
FNDA:0,(anonymous_26)
FNDA:0,(anonymous_27)
FNDA:0,(anonymous_28)
FNDA:0,(anonymous_29)
FNDA:0,(anonymous_30)
FNDA:0,(anonymous_31)
FNDA:0,(anonymous_32)
FNDA:0,(anonymous_33)
FNDA:0,(anonymous_34)
FNDA:0,(anonymous_35)
FNDA:0,(anonymous_36)
FNDA:0,(anonymous_37)
FNDA:0,(anonymous_38)
FNDA:0,(anonymous_39)
FNDA:0,(anonymous_40)
FNDA:0,(anonymous_41)
DA:60,0
DA:62,0
DA:69,0
DA:70,0
DA:71,0
DA:82,0
DA:83,0
DA:84,0
DA:85,0
DA:88,0
DA:89,0
DA:92,0
DA:103,0
DA:104,0
DA:105,0
DA:107,0
DA:109,0
DA:120,0
DA:130,0
DA:131,0
DA:132,0
DA:143,0
DA:144,0
DA:145,0
DA:146,0
DA:149,0
DA:150,0
DA:153,0
DA:164,0
DA:165,0
DA:166,0
DA:168,0
DA:170,0
DA:181,0
DA:191,0
DA:197,0
DA:199,0
DA:205,0
DA:206,0
DA:211,0
DA:218,0
DA:222,0
DA:226,0
DA:227,0
DA:229,0
DA:230,0
DA:234,0
DA:235,0
DA:237,0
DA:238,0
DA:242,0
LF:51
LH:0
BRDA:70,0,0,0
BRDA:70,0,1,0
BRDA:83,1,0,0
BRDA:83,1,1,0
BRDA:85,2,0,0
BRDA:85,2,1,0
BRDA:89,3,0,0
BRDA:89,3,1,0
BRDA:104,4,0,0
BRDA:104,4,1,0
BRDA:131,5,0,0
BRDA:131,5,1,0
BRDA:144,6,0,0
BRDA:144,6,1,0
BRDA:146,7,0,0
BRDA:146,7,1,0
BRDA:150,8,0,0
BRDA:150,8,1,0
BRDA:165,9,0,0
BRDA:165,9,1,0
BRDA:199,10,0,0
BRDA:199,10,1,0
BRDA:218,11,0,0
BRDA:218,11,1,0
BRDA:222,12,0,0
BRDA:222,12,1,0
BRDA:226,13,0,0
BRDA:226,13,1,0
BRDA:227,14,0,0
BRDA:227,14,1,0
BRDA:234,15,0,0
BRDA:234,15,1,0
BRDA:235,16,0,0
BRDA:235,16,1,0
BRF:34
BRH:0
end_of_record
TN:
SF:src/store/wishlistStore.ts
FN:36,(anonymous_0)
FN:41,(anonymous_1)
FN:43,(anonymous_2)
FN:70,(anonymous_3)
FN:72,(anonymous_4)
FN:75,(anonymous_5)
FN:77,(anonymous_6)
FN:80,(anonymous_7)
FNF:8
FNH:1
FNDA:1,(anonymous_0)
FNDA:0,(anonymous_1)
FNDA:0,(anonymous_2)
FNDA:0,(anonymous_3)
FNDA:0,(anonymous_4)
FNDA:0,(anonymous_5)
FNDA:0,(anonymous_6)
FNDA:0,(anonymous_7)
DA:34,1
DA:36,1
DA:42,0
DA:43,0
DA:45,0
DA:46,0
DA:66,0
DA:71,0
DA:72,0
DA:76,0
DA:77,0
DA:81,0
LF:12
LH:2
BRDA:45,0,0,0
BRDA:45,0,1,0
BRDA:57,1,0,0
BRDA:57,1,1,0
BRDA:61,2,0,0
BRDA:61,2,1,0
BRF:6
BRH:0
end_of_record
TN:
SF:src/types/product.ts
FNF:0
FNH:0
LF:0
LH:0
BRF:0
BRH:0
end_of_record
