{
  "stats": {
    "suites": 0,
    "tests": 1,
    "passes": 0,
    "pending": 0,
    "failures": 1,
    "start": "2025-03-04T05:26:38.412Z",
    "end": "2025-03-04T05:26:38.595Z",
    "duration": 183,
    "testsRegistered": 1,
    "passPercent": 0,
    "pendingPercent": 0,
    "other": 0,
    "hasOther": false,
    "skipped": 0,
    "hasSkipped": false
  },
  "results": [
    {
      "uuid": "a5443cf0-b423-493b-87ef-de0c8e18da04",
      "title": "",
      "fullFile": "cypress/e2e/seller.cy.js",
      "file": "cypress/e2e/seller.cy.js",
      "beforeHooks": [],
      "afterHooks": [],
      "tests": [
        {
          "title": "An uncaught error was detected outside of a test",
          "fullTitle": "An uncaught error was detected outside of a test",
          "timedOut": null,
          "duration": 153,
          "state": "failed",
          "speed": null,
          "pass": false,
          "fail": true,
          "pending": false,
          "context": null,
          "code": "throw err;",
          "err": {
            "message": "Error: The following error originated from your test code, not from Cypress.\n\n  > Cannot find module './testDataCommands.js'\n\nWhen Cypress detects uncaught errors originating from your test code it will automatically fail the current test.\n\nCypress could not associate this error to any specific test.\n\nWe dynamically generated a new test to display this failure.",
            "estack": "Error: The following error originated from your test code, not from Cypress.\n\n  > Cannot find module './testDataCommands.js'\n\nWhen Cypress detects uncaught errors originating from your test code it will automatically fail the current test.\n\nCypress could not associate this error to any specific test.\n\nWe dynamically generated a new test to display this failure.\n    at webpackMissingModule (webpack://vowswapping/./cypress/support/e2e.js:23:0)\n    at eval (webpack://vowswapping/./cypress/support/e2e.js:23:0)\n    at eval (http://localhost:3002/__cypress/tests?p=cypress/support/e2e.js:944:3)\n    at eval (http://localhost:3002/__cypress/tests?p=cypress/support/e2e.js:946:12)\n    at eval (<anonymous>)",
            "diff": null
          },
          "uuid": "6f850e78-79d3-48ee-83e1-e1039ff64ca0",
          "parentUUID": "a5443cf0-b423-493b-87ef-de0c8e18da04",
          "isHook": false,
          "skipped": false
        }
      ],
      "suites": [],
      "passes": [],
      "failures": [
        "6f850e78-79d3-48ee-83e1-e1039ff64ca0"
      ],
      "pending": [],
      "skipped": [],
      "duration": 153,
      "root": true,
      "rootEmpty": false,
      "_timeout": 2000
    }
  ],
  "meta": {
    "mocha": {
      "version": "7.0.1"
    },
    "mochawesome": {
      "options": {
        "quiet": false,
        "reportFilename": "mochawesome",
        "saveHtml": true,
        "saveJson": true,
        "consoleReporter": "spec",
        "useInlineDiffs": false,
        "code": true
      },
      "version": "7.1.3"
    },
    "marge": {
      "options": {
        "reportDir": "test-results/cypress",
        "overwrite": false,
        "html": true,
        "json": true
      },
      "version": "6.2.0"
    }
  }
}