{
  "stats": {
    "suites": 1,
    "tests": 7,
    "passes": 4,
    "pending": 0,
    "failures": 3,
    "start": "2025-03-04T05:20:39.582Z",
    "end": "2025-03-04T05:21:19.732Z",
    "duration": 40150,
    "testsRegistered": 7,
    "passPercent": 57.14285714285714,
    "pendingPercent": 0,
    "other": 0,
    "hasOther": false,
    "skipped": 0,
    "hasSkipped": false
  },
  "results": [
    {
      "uuid": "d7db3d16-20f5-49bf-a371-a13f38785213",
      "title": "",
      "fullFile": "cypress/e2e/auth.cy.js",
      "file": "cypress/e2e/auth.cy.js",
      "beforeHooks": [],
      "afterHooks": [],
      "tests": [],
      "suites": [
        {
          "uuid": "833981a9-406f-4288-8d92-e270a852e70d",
          "title": "Authentication Flow",
          "fullFile": "",
          "file": "",
          "beforeHooks": [],
          "afterHooks": [],
          "tests": [
            {
              "title": "should allow a user to sign up",
              "fullTitle": "Authentication Flow should allow a user to sign up",
              "timedOut": null,
              "duration": 12349,
              "state": "failed",
              "speed": null,
              "pass": false,
              "fail": true,
              "pending": false,
              "context": null,
              "code": "// Generate a unique email for testing\nconst uniqueEmail = `test-${Date.now()}@example.com`;\ncy.visit('/auth/signup', {\n  failOnStatusCode: false\n});\ncy.get('input[name=\"name\"]').type('Test User');\ncy.get('input[name=\"email\"]').type(uniqueEmail);\ncy.get('input[name=\"password\"]').type('Password123!');\ncy.get('input[name=\"confirmPassword\"]').type('Password123!');\ncy.get('button[type=\"submit\"]').click();\n// Verify redirect to verification page\ncy.url().should('include', '/auth/verify-email');\ncy.contains('Verification email sent').should('be.visible');",
              "err": {
                "message": "AssertionError: Timed out retrying after 10000ms: expected 'http://localhost:3002/auth/signup' to include '/auth/verify-email'",
                "estack": "AssertionError: Timed out retrying after 10000ms: expected 'http://localhost:3002/auth/signup' to include '/auth/verify-email'\n    at Context.eval (webpack://vowswapping/./cypress/e2e/auth.cy.js:22:13)",
                "diff": null
              },
              "uuid": "bfb4a67a-8e19-4876-951e-a2f5999ab4cb",
              "parentUUID": "833981a9-406f-4288-8d92-e270a852e70d",
              "isHook": false,
              "skipped": false
            },
            {
              "title": "should show validation errors on signup form",
              "fullTitle": "Authentication Flow should show validation errors on signup form",
              "timedOut": null,
              "duration": 1891,
              "state": "passed",
              "speed": "fast",
              "pass": true,
              "fail": false,
              "pending": false,
              "context": null,
              "code": "cy.visit('/auth/signup', {\n  failOnStatusCode: false\n});\n// Submit empty form\ncy.get('button[type=\"submit\"]').click();\n// Check validation errors\ncy.contains('Name is required').should('be.visible');\ncy.contains('Email is required').should('be.visible');\ncy.contains('Password is required').should('be.visible');\n// Test password mismatch\ncy.get('input[name=\"name\"]').type('Test User');\ncy.get('input[name=\"email\"]').type('test@example.com');\ncy.get('input[name=\"password\"]').type('Password123!');\ncy.get('input[name=\"confirmPassword\"]').type('DifferentPassword123!');\ncy.get('button[type=\"submit\"]').click();\ncy.contains('Passwords do not match').should('be.visible');",
              "err": {},
              "uuid": "76ce4035-da0f-40af-8d8e-0866e5756174",
              "parentUUID": "833981a9-406f-4288-8d92-e270a852e70d",
              "isHook": false,
              "skipped": false
            },
            {
              "title": "should allow a user to sign in",
              "fullTitle": "Authentication Flow should allow a user to sign in",
              "timedOut": null,
              "duration": 11431,
              "state": "failed",
              "speed": null,
              "pass": false,
              "fail": true,
              "pending": false,
              "context": null,
              "code": "// Use test user credentials from Cypress environment variables\nconst {\n  email,\n  password\n} = Cypress.env('testUser');\ncy.visit('/auth/signin', {\n  failOnStatusCode: false\n});\ncy.get('input[name=\"email\"]').type(email);\ncy.get('input[name=\"password\"]').type(password);\ncy.get('button[type=\"submit\"]').click();\n// Verify successful login\ncy.url().should('eq', Cypress.config().baseUrl + '/');\n// Check that user menu is visible\ncy.get('[data-testid=\"user-menu\"]').should('exist');",
              "err": {
                "message": "AssertionError: Timed out retrying after 10000ms: expected 'http://localhost:3002/auth/signin' to equal 'http://localhost:3002/'",
                "estack": "AssertionError: Timed out retrying after 10000ms: expected 'http://localhost:3002/auth/signin' to equal 'http://localhost:3002/'\n    at Context.eval (webpack://vowswapping/./cypress/e2e/auth.cy.js:57:13)",
                "diff": "- 'http://localhost:3002/auth/signin'\n+ 'http://localhost:3002/'\n"
              },
              "uuid": "d0b80f85-fe3f-438b-bddb-e76dc8ab87e8",
              "parentUUID": "833981a9-406f-4288-8d92-e270a852e70d",
              "isHook": false,
              "skipped": false
            },
            {
              "title": "should show error message for invalid credentials",
              "fullTitle": "Authentication Flow should show error message for invalid credentials",
              "timedOut": null,
              "duration": 1265,
              "state": "passed",
              "speed": "fast",
              "pass": true,
              "fail": false,
              "pending": false,
              "context": null,
              "code": "cy.visit('/auth/signin', {\n  failOnStatusCode: false\n});\ncy.get('input[name=\"email\"]').type('wrong@example.com');\ncy.get('input[name=\"password\"]').type('WrongPassword123!');\ncy.get('button[type=\"submit\"]').click();\n// Check for error message\ncy.contains('Invalid email or password').should('be.visible');",
              "err": {},
              "uuid": "51b27deb-9beb-4a33-b52a-46df18437d28",
              "parentUUID": "833981a9-406f-4288-8d92-e270a852e70d",
              "isHook": false,
              "skipped": false
            },
            {
              "title": "should allow a user to request password reset",
              "fullTitle": "Authentication Flow should allow a user to request password reset",
              "timedOut": null,
              "duration": 875,
              "state": "passed",
              "speed": "fast",
              "pass": true,
              "fail": false,
              "pending": false,
              "context": null,
              "code": "cy.visit('/auth/forgot-password', {\n  failOnStatusCode: false\n});\ncy.get('input[name=\"email\"]').type('test@example.com');\ncy.get('button[type=\"submit\"]').click();\n// Verify success message\ncy.contains('Reset link sent').should('be.visible');",
              "err": {},
              "uuid": "be61610e-a1c7-4a93-b176-9b996720dd43",
              "parentUUID": "833981a9-406f-4288-8d92-e270a852e70d",
              "isHook": false,
              "skipped": false
            },
            {
              "title": "should validate email on password reset form",
              "fullTitle": "Authentication Flow should validate email on password reset form",
              "timedOut": null,
              "duration": 11051,
              "state": "failed",
              "speed": null,
              "pass": false,
              "fail": true,
              "pending": false,
              "context": null,
              "code": "cy.visit('/auth/forgot-password', {\n  failOnStatusCode: false\n});\ncy.get('input[name=\"email\"]').type('invalid-email');\ncy.get('button[type=\"submit\"]').click();\n// Check validation error\ncy.contains('Invalid email address').should('be.visible');",
              "err": {
                "message": "AssertionError: Timed out retrying after 10000ms: Expected to find content: 'Invalid email address' but never did.",
                "estack": "AssertionError: Timed out retrying after 10000ms: Expected to find content: 'Invalid email address' but never did.\n    at Context.eval (webpack://vowswapping/./cypress/e2e/auth.cy.js:88:41)",
                "diff": null
              },
              "uuid": "3a7932a8-5774-44fc-90dc-cb2d518188c9",
              "parentUUID": "833981a9-406f-4288-8d92-e270a852e70d",
              "isHook": false,
              "skipped": false
            },
            {
              "title": "should navigate between auth pages",
              "fullTitle": "Authentication Flow should navigate between auth pages",
              "timedOut": null,
              "duration": 1157,
              "state": "passed",
              "speed": "fast",
              "pass": true,
              "fail": false,
              "pending": false,
              "context": null,
              "code": "// Sign in to sign up\ncy.visit('/auth/signin', {\n  failOnStatusCode: false\n});\ncy.contains('Sign up').click();\ncy.url().should('include', '/auth/signup');\n// Sign up to sign in\ncy.contains('Sign in').click();\ncy.url().should('include', '/auth/signin');\n// Sign in to forgot password\ncy.contains('Forgot password?').click();\ncy.url().should('include', '/auth/forgot-password');\n// Forgot password to sign in\ncy.contains('Back to sign in').click();\ncy.url().should('include', '/auth/signin');",
              "err": {},
              "uuid": "2309bc7f-26ba-4f51-986c-d99f3cfd94c1",
              "parentUUID": "833981a9-406f-4288-8d92-e270a852e70d",
              "isHook": false,
              "skipped": false
            }
          ],
          "suites": [],
          "passes": [
            "76ce4035-da0f-40af-8d8e-0866e5756174",
            "51b27deb-9beb-4a33-b52a-46df18437d28",
            "be61610e-a1c7-4a93-b176-9b996720dd43",
            "2309bc7f-26ba-4f51-986c-d99f3cfd94c1"
          ],
          "failures": [
            "bfb4a67a-8e19-4876-951e-a2f5999ab4cb",
            "d0b80f85-fe3f-438b-bddb-e76dc8ab87e8",
            "3a7932a8-5774-44fc-90dc-cb2d518188c9"
          ],
          "pending": [],
          "skipped": [],
          "duration": 40019,
          "root": false,
          "rootEmpty": false,
          "_timeout": 2000
        }
      ],
      "passes": [],
      "failures": [],
      "pending": [],
      "skipped": [],
      "duration": 0,
      "root": true,
      "rootEmpty": true,
      "_timeout": 2000
    }
  ],
  "meta": {
    "mocha": {
      "version": "7.0.1"
    },
    "mochawesome": {
      "options": {
        "quiet": false,
        "reportFilename": "mochawesome",
        "saveHtml": true,
        "saveJson": true,
        "consoleReporter": "spec",
        "useInlineDiffs": false,
        "code": true
      },
      "version": "7.1.3"
    },
    "marge": {
      "options": {
        "reportDir": "test-results/cypress",
        "overwrite": false,
        "html": true,
        "json": true
      },
      "version": "6.2.0"
    }
  }
}