{
  "stats": {
    "suites": 0,
    "tests": 1,
    "passes": 0,
    "pending": 0,
    "failures": 1,
    "start": "2025-03-03T15:32:02.117Z",
    "end": "2025-03-03T15:32:02.572Z",
    "duration": 455,
    "testsRegistered": 1,
    "passPercent": 0,
    "pendingPercent": 0,
    "other": 0,
    "hasOther": false,
    "skipped": 0,
    "hasSkipped": false
  },
  "results": [
    {
      "uuid": "dd913763-de47-44fb-9767-2cb5ed91c566",
      "title": "",
      "fullFile": "cypress/e2e/profile-management.cy.js",
      "file": "cypress/e2e/profile-management.cy.js",
      "beforeHooks": [],
      "afterHooks": [],
      "tests": [
        {
          "title": "An uncaught error was detected outside of a test",
          "fullTitle": "An uncaught error was detected outside of a test",
          "timedOut": null,
          "duration": 436,
          "state": "failed",
          "speed": null,
          "pass": false,
          "fail": true,
          "pending": false,
          "context": null,
          "code": "throw err;",
          "err": {
            "message": "CypressError: The following error originated from your test code, not from Cypress.\n\n  > `Cypress.Cookies.defaults()` was removed in Cypress version 12.0.0. Please update to use `cy.session()` instead.\n\nWhen Cypress detects uncaught errors originating from your test code it will automatically fail the current test.\n\nCypress could not associate this error to any specific test.\n\nWe dynamically generated a new test to display this failure.\n\nhttps://on.cypress.io/session",
            "estack": "CypressError: The following error originated from your test code, not from Cypress.\n\n  > `Cypress.Cookies.defaults()` was removed in Cypress version 12.0.0. Please update to use `cy.session()` instead.\n\nWhen Cypress detects uncaught errors originating from your test code it will automatically fail the current test.\n\nCypress could not associate this error to any specific test.\n\nWe dynamically generated a new test to display this failure.\n\nhttps://on.cypress.io/session\n    at Object.defaults (http://localhost:3000/__cypress/runner/cypress_runner.js:164056:67)\n    at <unknown> (http://localhost:3000/__cypress/runner/cypress_runner.js:111806:23)\n    at tryCatcher (http://localhost:3000/__cypress/runner/cypress_runner.js:1830:23)\n    at Object.gotValue (http://localhost:3000/__cypress/runner/cypress_runner.js:6499:18)\n    at Object.gotAccum (http://localhost:3000/__cypress/runner/cypress_runner.js:6488:25)\n    at Object.tryCatcher (http://localhost:3000/__cypress/runner/cypress_runner.js:1830:23)\n    at Promise._settlePromiseFromHandler (http://localhost:3000/__cypress/runner/cypress_runner.js:1542:31)\n    at Promise._settlePromise (http://localhost:3000/__cypress/runner/cypress_runner.js:1599:18)\n    at Promise._settlePromiseCtx (http://localhost:3000/__cypress/runner/cypress_runner.js:1636:10)\n    at _drainQueueStep (http://localhost:3000/__cypress/runner/cypress_runner.js:2434:12)\n    at _drainQueue (http://localhost:3000/__cypress/runner/cypress_runner.js:2423:9)\n    at Async._drainQueues (http://localhost:3000/__cypress/runner/cypress_runner.js:2439:5)\n    at Async.drainQueues (http://localhost:3000/__cypress/runner/cypress_runner.js:2309:14)",
            "diff": null
          },
          "uuid": "307091c7-30e5-4484-ba94-11287931cf11",
          "parentUUID": "dd913763-de47-44fb-9767-2cb5ed91c566",
          "isHook": false,
          "skipped": false
        }
      ],
      "suites": [],
      "passes": [],
      "failures": [
        "307091c7-30e5-4484-ba94-11287931cf11"
      ],
      "pending": [],
      "skipped": [],
      "duration": 436,
      "root": true,
      "rootEmpty": false,
      "_timeout": 2000
    }
  ],
  "meta": {
    "mocha": {
      "version": "7.0.1"
    },
    "mochawesome": {
      "options": {
        "quiet": false,
        "reportFilename": "mochawesome",
        "saveHtml": true,
        "saveJson": true,
        "consoleReporter": "spec",
        "useInlineDiffs": false,
        "code": true
      },
      "version": "7.1.3"
    },
    "marge": {
      "options": {
        "reportDir": "test-results/cypress",
        "overwrite": false,
        "html": true,
        "json": true
      },
      "version": "6.2.0"
    }
  }
}