{
  "stats": {
    "suites": 1,
    "tests": 7,
    "passes": 0,
    "pending": 0,
    "failures": 7,
    "start": "2025-03-03T15:37:58.964Z",
    "end": "2025-03-03T15:39:14.145Z",
    "duration": 75181,
    "testsRegistered": 7,
    "passPercent": 0,
    "pendingPercent": 0,
    "other": 0,
    "hasOther": false,
    "skipped": 0,
    "hasSkipped": false
  },
  "results": [
    {
      "uuid": "c8f9e257-387a-438c-b66f-e7ea17d35518",
      "title": "",
      "fullFile": "cypress/e2e/auth.cy.js",
      "file": "cypress/e2e/auth.cy.js",
      "beforeHooks": [],
      "afterHooks": [],
      "tests": [],
      "suites": [
        {
          "uuid": "93985386-94d9-4bc4-b0fe-badfc2ef29cd",
          "title": "Authentication Flow",
          "fullFile": "",
          "file": "",
          "beforeHooks": [],
          "afterHooks": [],
          "tests": [
            {
              "title": "should allow a user to sign up",
              "fullTitle": "Authentication Flow should allow a user to sign up",
              "timedOut": null,
              "duration": 11900,
              "state": "failed",
              "speed": null,
              "pass": false,
              "fail": true,
              "pending": false,
              "context": null,
              "code": "// Generate a unique email for testing\nconst uniqueEmail = `test-${Date.now()}@example.com`;\ncy.visit('/auth/signup', {\n  failOnStatusCode: false\n});\ncy.get('input[name=\"name\"]').type('Test User');\ncy.get('input[name=\"email\"]').type(uniqueEmail);\ncy.get('input[name=\"password\"]').type('Password123!');\ncy.get('input[name=\"confirmPassword\"]').type('Password123!');\ncy.get('button[type=\"submit\"]').click();\n// Verify redirect to verification page\ncy.url().should('include', '/auth/verify-email');\ncy.contains('Verification email sent').should('be.visible');",
              "err": {
                "message": "AssertionError: Timed out retrying after 10000ms: expected 'http://localhost:3002/auth/signup?name=Test+User&email=test-1741016279048%40example.com&password=Password123%21&confirmPassword=Password123%21' to include '/auth/verify-email'",
                "estack": "AssertionError: Timed out retrying after 10000ms: expected 'http://localhost:3002/auth/signup?name=Test+User&email=test-1741016279048%40example.com&password=Password123%21&confirmPassword=Password123%21' to include '/auth/verify-email'\n    at Context.eval (webpack://vowswapping/./cypress/e2e/auth.cy.js:22:13)",
                "diff": null
              },
              "uuid": "a9629c1f-c588-47ce-a486-8f3212050b32",
              "parentUUID": "93985386-94d9-4bc4-b0fe-badfc2ef29cd",
              "isHook": false,
              "skipped": false
            },
            {
              "title": "should show validation errors on signup form",
              "fullTitle": "Authentication Flow should show validation errors on signup form",
              "timedOut": null,
              "duration": 10442,
              "state": "failed",
              "speed": null,
              "pass": false,
              "fail": true,
              "pending": false,
              "context": null,
              "code": "cy.visit('/auth/signup', {\n  failOnStatusCode: false\n});\n// Submit empty form\ncy.get('button[type=\"submit\"]').click();\n// Check validation errors\ncy.contains('Name is required').should('be.visible');\ncy.contains('Email is required').should('be.visible');\ncy.contains('Password is required').should('be.visible');\n// Test password mismatch\ncy.get('input[name=\"name\"]').type('Test User');\ncy.get('input[name=\"email\"]').type('test@example.com');\ncy.get('input[name=\"password\"]').type('Password123!');\ncy.get('input[name=\"confirmPassword\"]').type('DifferentPassword123!');\ncy.get('button[type=\"submit\"]').click();\ncy.contains('Passwords do not match').should('be.visible');",
              "err": {
                "message": "AssertionError: Timed out retrying after 10000ms: Expected to find content: 'Name is required' but never did.",
                "estack": "AssertionError: Timed out retrying after 10000ms: Expected to find content: 'Name is required' but never did.\n    at Context.eval (webpack://vowswapping/./cypress/e2e/auth.cy.js:33:36)",
                "diff": null
              },
              "uuid": "6cecca7f-5e03-4d45-a563-01a52ab34ad3",
              "parentUUID": "93985386-94d9-4bc4-b0fe-badfc2ef29cd",
              "isHook": false,
              "skipped": false
            },
            {
              "title": "should allow a user to sign in",
              "fullTitle": "Authentication Flow should allow a user to sign in",
              "timedOut": null,
              "duration": 11112,
              "state": "failed",
              "speed": null,
              "pass": false,
              "fail": true,
              "pending": false,
              "context": null,
              "code": "// Use test user credentials from Cypress environment variables\nconst {\n  email,\n  password\n} = Cypress.env('testUser');\ncy.visit('/auth/signin', {\n  failOnStatusCode: false\n});\ncy.get('input[name=\"email\"]').type(email);\ncy.get('input[name=\"password\"]').type(password);\ncy.get('button[type=\"submit\"]').click();\n// Verify successful login\ncy.url().should('eq', Cypress.config().baseUrl + '/');\n// Check that user menu is visible\ncy.get('[data-testid=\"user-menu\"]').should('exist');",
              "err": {
                "message": "AssertionError: Timed out retrying after 10000ms: expected 'http://localhost:3002/auth/signin?email=test%40example.com&password=Password123%21' to equal 'http://localhost:3002/'",
                "estack": "AssertionError: Timed out retrying after 10000ms: expected 'http://localhost:3002/auth/signin?email=test%40example.com&password=Password123%21' to equal 'http://localhost:3002/'\n    at Context.eval (webpack://vowswapping/./cypress/e2e/auth.cy.js:57:13)",
                "diff": "- 'http://localhost:3002/auth/signin?email=test%40example.com&password=Password123%21'\n+ 'http://localhost:3002/'\n"
              },
              "uuid": "9c9b8442-73f5-4125-a45e-42cac1ce4cf0",
              "parentUUID": "93985386-94d9-4bc4-b0fe-badfc2ef29cd",
              "isHook": false,
              "skipped": false
            },
            {
              "title": "should show error message for invalid credentials",
              "fullTitle": "Authentication Flow should show error message for invalid credentials",
              "timedOut": null,
              "duration": 10467,
              "state": "failed",
              "speed": null,
              "pass": false,
              "fail": true,
              "pending": false,
              "context": null,
              "code": "cy.visit('/auth/signin', {\n  failOnStatusCode: false\n});\ncy.get('input[name=\"email\"]').type('wrong@example.com');\ncy.get('input[name=\"password\"]').type('WrongPassword123!');\ncy.get('button[type=\"submit\"]').click();\n// Check for error message\ncy.contains('Invalid email or password').should('be.visible');",
              "err": {
                "message": "AssertionError: Timed out retrying after 10000ms: Expected to find element: `input[name=\"email\"]`, but never found it.",
                "estack": "AssertionError: Timed out retrying after 10000ms: Expected to find element: `input[name=\"email\"]`, but never found it.\n    at Context.eval (webpack://vowswapping/./cypress/e2e/auth.cy.js:65:7)",
                "diff": null
              },
              "uuid": "1c4ce008-da64-435b-b2cf-98d0f987b279",
              "parentUUID": "93985386-94d9-4bc4-b0fe-badfc2ef29cd",
              "isHook": false,
              "skipped": false
            },
            {
              "title": "should allow a user to request password reset",
              "fullTitle": "Authentication Flow should allow a user to request password reset",
              "timedOut": null,
              "duration": 10398,
              "state": "failed",
              "speed": null,
              "pass": false,
              "fail": true,
              "pending": false,
              "context": null,
              "code": "cy.visit('/auth/forgot-password', {\n  failOnStatusCode: false\n});\ncy.get('input[name=\"email\"]').type('test@example.com');\ncy.get('button[type=\"submit\"]').click();\n// Verify success message\ncy.contains('Reset link sent').should('be.visible');",
              "err": {
                "message": "AssertionError: Timed out retrying after 10000ms: Expected to find element: `input[name=\"email\"]`, but never found it.",
                "estack": "AssertionError: Timed out retrying after 10000ms: Expected to find element: `input[name=\"email\"]`, but never found it.\n    at Context.eval (webpack://vowswapping/./cypress/e2e/auth.cy.js:75:7)",
                "diff": null
              },
              "uuid": "6bf1d10a-babb-4514-83e5-2d214b6b4c88",
              "parentUUID": "93985386-94d9-4bc4-b0fe-badfc2ef29cd",
              "isHook": false,
              "skipped": false
            },
            {
              "title": "should validate email on password reset form",
              "fullTitle": "Authentication Flow should validate email on password reset form",
              "timedOut": null,
              "duration": 10318,
              "state": "failed",
              "speed": null,
              "pass": false,
              "fail": true,
              "pending": false,
              "context": null,
              "code": "cy.visit('/auth/forgot-password', {\n  failOnStatusCode: false\n});\ncy.get('input[name=\"email\"]').type('invalid-email');\ncy.get('button[type=\"submit\"]').click();\n// Check validation error\ncy.contains('Invalid email address').should('be.visible');",
              "err": {
                "message": "AssertionError: Timed out retrying after 10000ms: Expected to find element: `input[name=\"email\"]`, but never found it.",
                "estack": "AssertionError: Timed out retrying after 10000ms: Expected to find element: `input[name=\"email\"]`, but never found it.\n    at Context.eval (webpack://vowswapping/./cypress/e2e/auth.cy.js:84:7)",
                "diff": null
              },
              "uuid": "4d1ba8e2-c266-4a75-b729-6f8c83f372c4",
              "parentUUID": "93985386-94d9-4bc4-b0fe-badfc2ef29cd",
              "isHook": false,
              "skipped": false
            },
            {
              "title": "should navigate between auth pages",
              "fullTitle": "Authentication Flow should navigate between auth pages",
              "timedOut": null,
              "duration": 10319,
              "state": "failed",
              "speed": null,
              "pass": false,
              "fail": true,
              "pending": false,
              "context": null,
              "code": "// Sign in to sign up\ncy.visit('/auth/signin', {\n  failOnStatusCode: false\n});\ncy.contains('Sign up').click();\ncy.url().should('include', '/auth/signup');\n// Sign up to sign in\ncy.contains('Sign in').click();\ncy.url().should('include', '/auth/signin');\n// Sign in to forgot password\ncy.contains('Forgot password?').click();\ncy.url().should('include', '/auth/forgot-password');\n// Forgot password to sign in\ncy.contains('Back to sign in').click();\ncy.url().should('include', '/auth/signin');",
              "err": {
                "message": "AssertionError: Timed out retrying after 10000ms: Expected to find content: 'Sign up' but never did.",
                "estack": "AssertionError: Timed out retrying after 10000ms: Expected to find content: 'Sign up' but never did.\n    at Context.eval (webpack://vowswapping/./cypress/e2e/auth.cy.js:94:7)",
                "diff": null
              },
              "uuid": "d5df4519-401d-4b5a-a2b3-3877a43528a9",
              "parentUUID": "93985386-94d9-4bc4-b0fe-badfc2ef29cd",
              "isHook": false,
              "skipped": false
            }
          ],
          "suites": [],
          "passes": [],
          "failures": [
            "a9629c1f-c588-47ce-a486-8f3212050b32",
            "6cecca7f-5e03-4d45-a563-01a52ab34ad3",
            "9c9b8442-73f5-4125-a45e-42cac1ce4cf0",
            "1c4ce008-da64-435b-b2cf-98d0f987b279",
            "6bf1d10a-babb-4514-83e5-2d214b6b4c88",
            "4d1ba8e2-c266-4a75-b729-6f8c83f372c4",
            "d5df4519-401d-4b5a-a2b3-3877a43528a9"
          ],
          "pending": [],
          "skipped": [],
          "duration": 74956,
          "root": false,
          "rootEmpty": false,
          "_timeout": 2000
        }
      ],
      "passes": [],
      "failures": [],
      "pending": [],
      "skipped": [],
      "duration": 0,
      "root": true,
      "rootEmpty": true,
      "_timeout": 2000
    }
  ],
  "meta": {
    "mocha": {
      "version": "7.0.1"
    },
    "mochawesome": {
      "options": {
        "quiet": false,
        "reportFilename": "mochawesome",
        "saveHtml": true,
        "saveJson": true,
        "consoleReporter": "spec",
        "useInlineDiffs": false,
        "code": true
      },
      "version": "7.1.3"
    },
    "marge": {
      "options": {
        "reportDir": "test-results/cypress",
        "overwrite": false,
        "html": true,
        "json": true
      },
      "version": "6.2.0"
    }
  }
}